Standard EC
Run #1
Generation 0:
Best Fitness: 217.645
Average Fitness: 95.8201
Best Individual: 99.2386 100 100 100 100 100 100 100 100 100 100 100 100 100 100 100 100 100 100 100 100 100 100 100 100 100 100 100 100 100 100 100 100 100 100 100 100 100 100 100 100 100 100 100 100 100 100 100 99.5233 100

Generation 9721:
Best Fitness: 500000
Average Fitness: 500000
Best Individual: -0.000280652 0.000401382 0.00017331 0.000215896 -0.00260151 0.000205603 0.000746593 -0.000178868 -0.00120167 -7.31461e-05 0.00177594 -0.000436892 0.00110474 -0.000303851 -0.000211965 0.000591581 0.000271993 -0.000666943 0.000531045 -0.000362482 0.000290769 -0.000626428 0.00213021 0.00123177 -0.00315004 0.000372444 -0.000416593 0.000609397 7.01254e-05 -8.34371e-05 -0.0001539 -0.001626 -1.85585e-05 -0.000258775 -0.00056377 -0.000523665 0.000965485 0.000262478 -0.000357831 0.000421503 0.000639703 0.000367964 0.000367326 0.00102491 0.000512605 0.00027056 0.00106162 0.00166143 8.98105e-05 2.84295e-05

Run #2
Generation 0:
Best Fitness: 238.32
Average Fitness: 115.289
Best Individual: 100 100 100 100 100 100 100 100 100 100 100 99.5323 100 100 100 100 100 100 100 100 100 100 100 100 100 99.1515 100 100 100 100 100 100 100 100 100 100 100 100 100 100 100 100 100 100 100 100 100 100 100 100

Generation 8290:
Best Fitness: 500000
Average Fitness: 500000
Best Individual: -0.000398989 0.000599828 -0.00129633 -8.80159e-05 -0.000728186 -0.00286606 0.000389688 0.000920111 -0.000174072 -0.000853291 0.000101524 -0.00153078 0.000806593 -1.1035e-05 -0.000970652 2.2576e-05 -0.000236387 0.00181029 -0.000710491 -2.26445e-05 -0.000834455 8.13267e-05 0.000609894 0.000239816 -0.00107486 -0.000396406 -0.000119235 0.00184093 -0.000744229 0.000520654 -0.000426409 -0.00201726 -0.00114457 0.000694638 -5.77194e-05 9.80224e-05 -0.00165334 0.00110059 -0.00139931 -0.00172402 -0.00126912 0.00126899 0.00022438 0.000392087 -0.00171635 0.000252063 -0.000773142 7.51559e-05 0.000264621 0.00106415

Run #3
Generation 0:
Best Fitness: 197.164
Average Fitness: 119.323
Best Individual: 100 100 100 100 100 100 100 100 100 100 100 100 100 100 100 100 100 100 100 100 100 100 100 100 100 100 100 100 100 100 100 100 100 100 99.0092 100 100 100 100 100 100 100 100 100 100 100 100 100 100 100

Generation 9210:
Best Fitness: 500000
Average Fitness: 500000
Best Individual: 8.93221e-05 -0.00016155 0.000159239 0.00057979 -0.000184036 -0.000110578 0.00035487 -0.00103696 0.000144065 -0.000564007 0.000490927 -1.64114e-05 0.0016873 0.00010911 -0.000307709 -0.000555709 -0.000405266 0.00263314 -0.00257026 0.000235602 4.25984e-05 -0.000709369 -0.0013562 -0.000234632 0.00104619 0.000364027 0.00325767 -2.08303e-05 -0.00108633 0.00146488 0.00127087 0.000169417 -0.000317942 0.00132736 0.000299023 -0.00102456 0.000380222 0.000400782 -0.000144806 0.000962257 0.00037783 -0.000427588 0.000301873 0.000998519 0.00111524 8.80653e-05 -0.000229804 -0.00137976 -0.000469311 0.00163147

Run #4
Generation 0:
Best Fitness: 122.705
Average Fitness: 66.3019
Best Individual: 100 100 100 100 100 100 100 100 100 100 100 100 100 100 100 100 100 100 100 100 100 100 100 100 100 99.3144 100 100 100 100 100 100 100 100 100 100 100 100 100 100 100 100 100 100 100 100 100 100 100 100

Generation 9546:
Best Fitness: 500000
Average Fitness: 500000
Best Individual: 0.000914524 -0.000128066 0.000756637 1.27613e-05 7.16219e-05 0.00057078 0.00214542 0.000821679 0.000797684 -0.00134344 -0.00118939 0.000443108 -0.000609363 0.000311789 0.000905368 0.00124118 0.00258872 0.000664631 -0.000509069 0.00043917 0.000540304 -9.56555e-05 0.000767646 -0.00027269 -0.000247273 0.00175433 -0.00308085 -0.000660351 -0.000621344 -1.24222e-05 0.000800735 0.000751538 -0.000191464 0.000907742 0.00014105 -0.000675899 4.92973e-05 0.000692041 5.86569e-06 0.000628309 0.00127705 -0.00062585 -0.00157424 0.00201443 -3.92914e-05 -0.000468849 0.00012037 8.39828e-05 0.00081214 0.00113362

Run #5
Generation 0:
Best Fitness: 189.512
Average Fitness: 112.003
Best Individual: 100 100 100 100 100 100 100 100 100 100 100 100 100 100 100 100 100 100 100 100 100 100 100 100 100 100 100 99.0458 100 100 100 100 100 100 100 100 100 100 100 100 100 100 100 100 100 100 100 100 100 100

Generation 10000:
Best Fitness: 500000
Average Fitness: 500000
Best Individual: 0.000597109 -0.000473833 -0.00077076 -0.000335057 -0.000108802 -0.00121039 0.000465719 -0.0011464 0.000487463 -0.00180184 -0.000902053 -0.00074471 0.000492545 -9.43535e-05 -2.24461e-05 -0.000769731 0.000586045 -0.00503683 -0.000604585 -0.000272304 0.00150423 0.000448765 0.000251558 -0.000120784 0.00051681 -0.000588418 -0.000349956 0.000116339 -0.000176113 0.00125389 -0.000218794 0.00129636 8.55726e-05 -0.000386155 -0.000228087 0.00264946 -0.00147738 -0.000617682 -0.000574171 -0.000373435 0.000544503 -3.00019e-05 -0.000464036 0.00103005 -7.19914e-05 -4.34769e-05 -0.000712607 0.000661542 -0.000605161 0.000475769

Generation 10341:
Best Fitness: 500000
Average Fitness: 500000
Best Individual: 0.000597109 -0.000473833 -0.00077076 -0.000335057 -0.000108802 -0.00121039 0.000465719 -0.0011464 0.000487463 -0.00132984 -0.000902053 -0.00074471 0.000492545 -9.43535e-05 -2.24461e-05 -1.46091e-05 0.000586045 -0.00503683 -0.000604585 -0.000272304 0.00150423 0.000448765 0.000251558 -0.000120784 0.00051681 -0.000588418 -0.000349956 0.000116339 -0.000176113 0.00125389 -0.000218794 0.00129636 8.55726e-05 -0.000386155 -0.000228087 -4.0358e-05 -0.00147738 -0.000617682 -0.000574171 -0.000373435 0.000544503 -3.00019e-05 -0.000464036 0.00103005 -7.19914e-05 -4.34769e-05 -0.000712607 0.000661542 -0.000605161 0.000475769

Run #6
Generation 0:
Best Fitness: 162.999
Average Fitness: 110.216
Best Individual: 100 100 100 100 100 100 99.4064 100 100 100 100 100 100 100 99.5926 100 100 100 100 100 100 100 100 100 100 100 100 100 100 100 100 100 100 100 100 100 100 100 100 100 100 100 100 100 100 100 100 100 100 100

Generation 10000:
Best Fitness: 500000
Average Fitness: 500000
Best Individual: -0.000451861 0.000541948 -4.83132e-05 -0.00110464 -0.000537119 0.000393637 -0.000393202 4.08485e-05 -0.00100799 -0.000269452 -0.000847181 -7.24279e-05 0.000607956 0.000858226 -0.000872429 -0.00105919 0.00101525 0.00385876 -0.00134818 0.000102058 -0.000749098 -4.1807e-05 4.38269e-05 0.000401009 -0.00078183 0.00135566 0.000275969 -0.000225763 -0.00040339 -0.000550114 -0.000225341 -0.000280311 -0.000397277 7.82358e-05 -5.06835e-05 0.000263577 -0.000532322 0.000590111 -0.000289734 -0.000373891 0.000350065 8.68571e-05 -0.000127384 0.000153114 -0.00069757 -0.0037262 0.00405357 0.000662392 0.000303567 4.63756e-05

Generation 10475:
Best Fitness: 500000
Average Fitness: 500000
Best Individual: -0.000451861 -0.000521077 -4.83132e-05 -0.00110464 -0.000537119 0.000393637 -0.000393202 4.08485e-05 -0.00100799 -0.000269452 -0.000847181 -7.24279e-05 0.000607956 0.000858226 -0.000872429 0.000951064 0.00101525 0.00221799 -0.00134818 0.000102058 -0.000749098 -4.1807e-05 4.38269e-05 0.000349392 -0.00078183 0.00135566 0.000275969 -0.000225763 -0.00040339 -0.000550114 -0.000225341 -0.000280311 -0.000397277 7.82358e-05 -5.06835e-05 0.000263577 -0.000532322 0.000590111 -0.000289734 -0.000373891 0.000350065 8.68571e-05 -0.000127384 0.000153114 -0.00069757 -0.0037262 0.000311637 0.000662392 0.000303567 4.63756e-05

Run #7
Generation 0:
Best Fitness: 189.876
Average Fitness: 104.938
Best Individual: 100 100 100 100 100 100 100 100 100 100 100 100 100 100 100 100 100 100 100 100 100 100 100 100 100 100 100 100 100 100 100 100 100 100 100 100 100 100 100 100 100 100 100 100 100 100 100 100 100 99.0441

Generation 10000:
Best Fitness: 500000
Average Fitness: 500000
Best Individual: 0.000178554 0.00213954 0.000802006 0.00100623 0.000852719 0.000214557 -0.000891441 -0.00251774 0.000462899 0.000491777 0.000276216 0.000549176 0.000879612 0.00042967 0.000909125 -0.000521457 -4.32683e-05 -0.000989984 -0.000890744 -0.00123879 -0.000214097 -0.00145686 -0.000343472 -0.00128294 -0.00370544 -0.00070164 0.00055471 -7.77296e-05 -2.82803e-05 -8.16401e-05 -0.000452204 0.00127891 0.000671653 -0.00126118 0.00225537 -0.000248433 0.000697368 0.000117809 0.000193044 0.000778544 0.000324177 -0.000705854 -0.000297184 4.10446e-05 -0.00113195 0.000839251 4.5596e-05 0.00147161 -0.000274598 -0.00114034

Generation 10246:
Best Fitness: 500000
Average Fitness: 500000
Best Individual: 0.000178554 0.00213954 0.000802006 0.00100623 0.000852719 0.000214557 0.000585384 -0.00251774 0.000462899 -0.000265814 0.000276216 0.000236324 0.000879612 0.00042967 0.000909125 -0.000521457 -4.32683e-05 -0.000989984 -0.000890744 -0.00123879 -0.000214097 -0.00145686 -0.000343472 -0.00128294 -0.00370544 -0.00070164 0.00055471 -7.77296e-05 -2.82803e-05 -8.16401e-05 -0.000452204 0.00127891 0.000671653 -0.00126118 3.14453e-05 -0.000248433 0.000697368 0.000117809 0.000193044 0.000778544 0.000324177 -0.000705854 -0.000297184 4.10446e-05 -0.00113195 0.000839251 4.5596e-05 0.00147161 -0.000274598 -0.00114034

Run #8
Generation 0:
Best Fitness: 259.333
Average Fitness: 148.715
Best Individual: 100 100 100 100 100 100 100 100 100 100 100 100 100 100 100 100 100 99.0891 100 100 100 100 100 100 100 100 100 100 100 100 100 100 100 100 100 100 100 100 100 100 100 100 100 100 100 100 100 100 99.5012 100

Generation 9506:
Best Fitness: 500000
Average Fitness: 500000
Best Individual: 0.000106041 -0.000544869 0.000314102 0.000247892 -0.000895275 -0.000455279 0.00140734 -0.000666067 -0.000457949 -0.00215883 0.000545349 0.000379693 0.000168679 -0.000477636 0.000524881 -0.00213136 -0.000105059 0.000557873 -0.000344589 0.000941873 -0.000290015 0.00033165 0.000284462 -0.000176706 5.01515e-05 4.8003e-05 -0.000423955 0.000424485 -9.43417e-05 0.000294839 -0.00112579 -0.00167541 -0.00226842 -0.00133347 1.96376e-05 -0.00110797 -0.000154315 0.00130919 0.000138055 -0.000230274 -4.58947e-05 0.00048768 0.0016217 -0.00159047 0.000762733 -0.000184129 -9.69488e-05 0.000757423 -0.00358171 0.000314053

Run #9
Generation 0:
Best Fitness: 191.584
Average Fitness: 107.836
Best Individual: 100 100 100 100 100 100 100 100 100 100 99.0361 100 100 100 100 100 100 100 100 100 100 100 100 100 100 100 100 100 100 100 100 100 100 100 100 100 100 100 100 100 100 100 100 100 100 100 100 100 100 100

Generation 9302:
Best Fitness: 500000
Average Fitness: 500000
Best Individual: -0.000397495 -0.000124696 -0.000807966 -0.00119844 -0.000591413 0.000434321 0.000592591 0.00138845 0.00225842 -0.000172828 -0.000497125 0.000423678 -0.0010594 -0.000411119 9.87998e-05 0.000106601 -0.000420328 -0.000849182 -0.000154622 3.17388e-05 0.000686943 -0.000557662 -0.000198102 3.90574e-05 -0.00340621 -0.000750956 -0.00136877 -0.000539665 0.00204329 0.000659239 0.000900066 0.000323684 -0.00100295 -0.000629193 -0.000852471 0.000927986 0.000499129 0.000673724 -0.000246858 -0.00115661 -4.57023e-05 5.08147e-05 6.25883e-05 0.000666591 0.000556964 -0.000426296 -0.00127948 0.00013272 6.64231e-05 -0.00229455

Run #10
Generation 0:
Best Fitness: 188.799
Average Fitness: 115.515
Best Individual: 100 100 100 100 99.4352 100 100 100 100 100 100 100 99.4269 100 100 100 100 100 100 100 100 100 100 100 100 100 100 100 100 100 100 100 100 100 100 100 100 100 100 100 100 100 100 100 100 100 100 100 100 100

Generation 10000:
Best Fitness: 500000
Average Fitness: 500000
Best Individual: -0.000625693 -0.000279828 -0.000199761 -0.000646118 -0.000131121 0.00234802 -0.000341024 -0.000564793 0.0005878 0.000279251 -0.000314392 -0.00122975 -7.38701e-05 9.67077e-06 0.000244391 -0.000272869 -0.00137825 -0.00150408 4.1881e-05 0.00030593 3.71157e-05 0.000867965 -0.00244956 -0.00316763 -0.000275974 4.0387e-05 -0.000439052 0.000122808 0.000445159 0.000539453 0.00064637 -0.00148204 -0.000655533 0.000446682 0.00134691 -0.00414075 -0.000273458 0.000396543 -0.00319458 0.000318583 0.00134666 0.00127791 -0.000194475 0.00127812 0.000616984 -0.000487735 -0.000410863 -0.00216684 0.000144465 -0.00151584

Generation 11728:
Best Fitness: 500000
Average Fitness: 500000
Best Individual: 0.000187844 -0.000279828 -0.000199761 -0.000646118 -0.000131121 -0.000722656 -0.000341024 -0.000564793 0.0005878 -0.000262502 -0.000314392 -0.00122975 -7.38701e-05 9.67077e-06 0.000244391 -0.000272869 0.000892439 -0.00150408 4.1881e-05 0.000105464 3.71157e-05 0.000867965 -0.00143157 0.00273788 -0.000275974 4.0387e-05 -0.000439052 0.000122808 0.000445159 0.000539453 -0.000537193 -0.00148204 -0.000655533 0.000446682 -0.00133223 -0.00414075 -0.000273458 0.000288922 0.00108964 0.000318583 0.00134666 0.00127791 -0.000194475 0.00127812 0.000616984 -0.000487735 -0.000410863 0.00102972 0.000144465 -0.00085579



1/5 Success Rule
Run #1
Generation 0:
Best Fitness: 186.249
Average Fitness: 98.3227
Best Individual: 100 100 100 100 100 100 100 100 100 100 100 100 99.0607 100 100 100 100 100 100 100 100 100 100 100 100 100 100 100 100 100 100 100 100 100 100 100 100 100 100 100 100 100 100 100 100 100 100 100 100 100

Generation 9922:
Best Fitness: 500000
Average Fitness: 500000
Best Individual: -0.000183176 0.00100251 -0.000120943 0.00201555 -0.000284721 7.27603e-05 -0.00304993 0.000631787 0.00200396 1.80062e-05 5.54811e-05 -0.00100141 -0.000815801 0.000428986 0.00113796 0.000861569 -0.000149441 0.000224873 0.000150887 -0.000122728 -0.00109689 -0.000420573 0.000739422 0.000739802 -0.0004807 0.000698516 -0.00100042 0.000482969 0.000183418 0.00100507 -0.000168111 -0.00195187 -0.000144069 0.00114264 0.00301479 -0.000525255 -0.00121924 -0.000456625 -0.000235154 2.4329e-05 0.00140374 0.000236824 0.000228989 0.00108345 0.000184179 0.000102128 -0.000940973 -0.000229977 -0.00071546 0.000131634

Run #2
Generation 0:
Best Fitness: 172.676
Average Fitness: 81.5289
Best Individual: 100 100 100 100 100 100 100 100 100 100 100 100 100 100 100 100 100 100 100 100 100 100 100 100 100 100 100 100 100 100 100 100 100 100 100 100 100 99.1193 100 100 100 100 100 100 100 100 100 100 100 100

Generation 10000:
Best Fitness: 500000
Average Fitness: 500000
Best Individual: 0.00101647 -0.000584027 3.98599e-05 0.00114622 -0.00209937 -9.94362e-05 -0.000273702 -0.000581887 7.34819e-05 0.000390911 0.000585474 -7.26361e-05 4.41106e-05 -0.000253758 0.000602297 -0.00252001 0.000234248 0.000266937 0.000655772 6.10543e-05 0.0035001 -0.000183031 -5.38202e-05 -0.00312275 0.00132237 0.00221772 0.000789638 0.000583564 0.00135143 0.000105474 -0.00174004 0.000116408 -0.000267339 0.000560447 -0.00306524 6.29099e-05 0.000199418 0.00123612 0.000731866 -0.000428586 0.000110812 0.000102282 0.000337227 -1.37554e-05 -0.000427673 -0.000867848 -0.00101208 0.0015801 -0.000344026 0.00011506

Generation 10848:
Best Fitness: 500000
Average Fitness: 500000
Best Individual: 0.00101647 -0.000584027 3.98599e-05 0.00114622 -0.00209937 -9.94362e-05 -0.000273702 -0.000581887 7.34819e-05 0.000390911 0.000585474 -7.26361e-05 4.41106e-05 -0.000253758 0.000602297 0.000351922 0.000234248 0.000266937 0.000334545 6.10543e-05 0.0035001 -0.000183031 -5.38202e-05 -0.000783836 0.00132237 0.00221772 0.000789638 0.000583564 0.00135143 0.000105474 -0.00152643 0.000116408 -0.000267339 0.000560447 -0.00306524 6.29099e-05 0.000199418 0.00123612 0.000480464 -0.000428586 0.000110812 0.000102282 0.000337227 -1.37554e-05 -0.000427673 -0.000867848 -0.00101208 0.0015801 -0.000344026 0.00011506

Run #3
Generation 0:
Best Fitness: 178.666
Average Fitness: 93.5379
Best Individual: 100 100 100 100 100 100 100 100 100 100 100 100 100 100 99.0941 100 100 100 100 100 100 100 100 100 100 100 100 100 100 100 100 100 100 100 100 100 100 100 100 100 100 100 100 100 100 100 100 100 100 100

Generation 10000:
Best Fitness: 500000
Average Fitness: 500000
Best Individual: -0.000546075 -5.53668e-05 -0.00101408 -0.000427 -0.000763767 -0.000710808 -0.0013944 -0.00057944 -0.000126918 5.54651e-05 -1.77741e-05 0.000155872 0.00123105 -0.00102349 0.00199849 -0.000858199 -0.00079557 -0.000604549 0.00101635 -0.000961169 0.000244315 0.00167768 0.00327477 0.000316614 0.000194703 0.000801933 -0.000303761 1.94554e-05 -0.0011892 -3.831e-05 0.00207893 -0.00148667 -0.000522422 0.000626189 -0.00133738 0.000518111 0.000959174 0.0013643 0.000490148 0.0012481 0.0002091 0.00224114 -0.000147476 -0.000158939 -0.00217765 -6.80755e-05 -0.00155912 -0.000475309 0.00059012 -0.000372667

Generation 10555:
Best Fitness: 500000
Average Fitness: 500000
Best Individual: -0.000546075 -5.53668e-05 -0.00101408 -0.000427 -0.000763767 -0.000710808 -0.0013944 -0.00057944 -0.000126918 5.54651e-05 -1.77741e-05 0.000155872 0.00123105 0.000287195 0.000683504 -0.000858199 -0.00079557 -0.000604549 0.00101635 -0.000961169 0.000244315 0.00167768 0.00327477 0.000316614 0.000194703 0.000801933 -0.000303761 1.94554e-05 0.000364755 -3.831e-05 0.00207893 -0.00148667 -0.000522422 0.000626189 -0.00133738 0.000518111 0.000959174 0.0013643 0.000490148 -0.000112208 0.0002091 0.00197256 -0.000147476 -0.000158939 -0.00217765 -6.80755e-05 -0.00155912 -0.000475309 0.00059012 -0.000300817

Run #4
Generation 0:
Best Fitness: 309.763
Average Fitness: 144.561
Best Individual: 100 100 100 100 100 100 100 100 100 100 100 100 100 100 100 100 100 100 100 100 100 100 100 100 100 100 100 100 99.233 100 100 100 100 100 100 100 100 100 100 100 100 100 99.2754 100 100 100 100 100 100 99.7996

Generation 9700:
Best Fitness: 500000
Average Fitness: 500000
Best Individual: -0.00157428 -0.000883781 0.00287533 -0.0002518 -0.000356344 -0.00125016 0.00125433 -0.000758617 0.000885395 -0.000229742 -0.000206562 -0.000103987 -0.000458362 0.000292775 -0.000333786 -0.000582004 -0.000245659 3.89114e-05 -5.09761e-05 0.00148064 0.000242133 -3.84603e-05 0.000505908 -1.97992e-05 0.00145985 0.000185681 -0.00104327 3.91394e-05 0.00063794 -0.000659371 0.000878871 -0.000126211 -0.00094866 -0.000542481 0.000583647 0.000584658 0.00198261 7.34428e-05 -0.000866655 -0.000625525 0.000334553 -0.000334364 -0.000378136 -0.000466563 -0.000131606 -4.97956e-05 -0.00400678 3.7555e-05 0.00053338 -9.89508e-05

Run #5
Generation 0:
Best Fitness: 261.839
Average Fitness: 77.195
Best Individual: 100 100 100 100 100 100 100 100 100 100 100 100 100 100 100 100 100 100 100 100 100 99.1623 100 100 100 100 100 100 100 100 100 100 100 100 100 100 100 100 100 100 100 100 100 100 100 100 99.4076 100 100 100

Generation 9693:
Best Fitness: 500000
Average Fitness: 500000
Best Individual: -0.000622685 -0.00103319 -0.000529663 -0.000247997 0.00140531 -0.00074381 0.000385375 -0.00239569 0.00156289 -0.00179439 0.000876972 2.94773e-05 -0.00239051 0.000403189 0.000818251 -0.000535623 -0.000176017 0.000131114 -6.10775e-05 0.000525469 -0.000503015 -0.000117921 -0.000147728 -0.000279338 -0.000184486 -0.000732941 -0.000552242 0.00179625 9.00939e-05 -0.000291282 0.000823147 -0.000759451 0.000519681 0.0015074 0.00224647 -0.00122514 -7.50795e-05 -0.000277168 -0.00042063 0.000725354 -0.0002589 -8.41656e-05 0.000168065 9.09961e-05 -0.00114564 0.00122319 0.00174027 7.82005e-06 -0.000643405 -0.00124746

Run #6
Generation 0:
Best Fitness: 190.607
Average Fitness: 81.1255
Best Individual: 100 100 100 100 100 100 100 100 100 100 100 100 100 100 100 100 100 100 100 100 100 100 100 100 100 100 100 100 100 100 100 100 100 99.0407 100 100 100 100 100 100 100 100 100 100 100 100 100 100 100 100

Generation 10000:
Best Fitness: 500000
Average Fitness: 500000
Best Individual: -0.00095075 -0.00107493 -0.000945053 0.000136941 -0.00185051 0.000388438 0.00183327 -0.000430639 -0.00211188 -0.000193514 0.000658563 -0.00023704 0.000666105 -0.00270208 -0.000332395 -0.000943354 0.000513069 -0.000767871 0.000362874 0.000142901 -0.000918907 -0.000248733 -0.000359177 -0.00056972 -0.000499032 -0.000749654 0.000188163 -0.00101744 -0.000532346 0.000176699 -0.00243835 -0.000574787 0.000501576 0.000796506 0.00049012 0.0029603 0.000225593 0.000998194 0.000586447 -0.000126879 0.000939332 -0.000320937 0.00118036 -0.000346875 -9.5959e-05 0.00165326 -0.00132431 0.000408219 -0.000769657 -5.83036e-05

Generation 10532:
Best Fitness: 500000
Average Fitness: 500000
Best Individual: 0.000879333 -0.00100159 -0.000945053 0.000136941 -0.00185051 0.000388438 0.00183327 -0.000430639 -0.00211188 -0.000193514 0.000658563 -0.00023704 0.000666105 -0.00270208 -0.000332395 -0.000943354 0.000435982 -0.000767871 0.000362874 0.000142901 -0.000918907 -0.000248733 -0.000359177 -0.00056972 -0.000499032 -0.000749654 0.000188163 -0.00101744 -0.000532346 0.000176699 0.00210118 -0.000574787 0.000501576 0.000796506 -5.87662e-05 0.0029603 0.000225593 3.18081e-05 0.000586447 -0.000126879 0.000939332 -0.000320937 0.000750722 -0.000346875 -9.5959e-05 0.00165326 -0.00132431 0.000408219 -0.000769657 -5.83036e-05

Run #7
Generation 0:
Best Fitness: 362.279
Average Fitness: 127.613
Best Individual: 100 100 100 100 100 100 100 100 100 100 100 100 100 100 100 100 99.2992 100 100 100 100 100 100 100 100 100 100 100 100 100 100 100 100 100 100 100 100 100 100 100 100 100 99.2351 100 100 99.4403 100 100 100 100

Generation 9781:
Best Fitness: 500000
Average Fitness: 500000
Best Individual: 0.00148782 -0.0011844 -0.00294995 -0.00130849 -0.00019217 -9.77834e-05 -0.000375875 -0.000368091 0.000595865 0.000958374 0.000165324 0.00150577 -0.00250691 -0.000136307 -0.000274598 -0.00297602 -0.000547441 0.00124399 -0.000163294 9.21233e-05 -0.000131955 0.00010227 0.000285865 0.000581631 -0.000236919 -0.000672822 0.000238446 0.000150872 0.000956254 -0.0015001 0.00147615 0.000532725 -0.000472474 0.000231318 -7.75464e-05 -0.00101041 -0.000689777 -0.000330132 -0.00027435 0.000266407 2.48008e-05 -0.000668775 0.00124541 0.000112537 -0.000345342 -0.000174513 4.14646e-07 0.00149223 0.000248852 0.00127051

Run #8
Generation 0:
Best Fitness: 196.049
Average Fitness: 107.535
Best Individual: 100 100 100 100 100 100 100 99.7534 100 100 100 100 100 100 100 100 100 100 100 100 100 100 100 99.4034 100 100 100 100 100 100 100 100 100 100 100 100 100 100 100 100 100 100 100 100 99.6378 100 100 100 100 100

Generation 10000:
Best Fitness: 500000
Average Fitness: 500000
Best Individual: -0.000949176 0.000143974 0.0013887 -0.00157483 -3.42097e-05 -0.00049038 -0.000397926 -0.00042317 -0.00117926 -0.00183667 -0.000214378 -0.000501784 -0.000236423 0.000381118 0.00133372 0.000326097 0.000196113 0.00107847 -0.000513398 -0.000135541 -0.00035421 0.00282703 -0.000249773 0.000163899 0.0016957 0.00025054 -2.50339e-05 -0.00319998 -1.4822e-05 7.41421e-05 -0.00013166 -0.000556943 -0.000247372 0.00183236 -0.0020654 -0.000241976 5.9566e-05 0.000799124 0.000837182 0.000259629 0.000418234 -0.000265307 0.000336433 -0.000179325 0.000178919 0.000302887 0.000391267 -0.000210232 -0.00132125 0.00216575

Generation 10148:
Best Fitness: 500000
Average Fitness: 500000
Best Individual: -0.000949176 0.000143974 0.0013887 -0.00157483 -3.42097e-05 -0.00049038 -0.000397926 -0.00042317 -0.00117926 -0.00183667 -0.000214378 -0.000501784 -0.000236423 0.000381118 0.00133372 0.000326097 0.000196113 0.00107847 -0.000513398 -0.000135541 -0.00035421 0.00282703 -0.000249773 0.000163899 0.0016957 0.00025054 -2.50339e-05 -0.00319998 -1.4822e-05 7.41421e-05 -0.00013166 -0.000556943 -0.000247372 0.000218624 -0.0020654 -0.000241976 5.9566e-05 0.000799124 0.000837182 0.000259629 0.000418234 -0.000265307 0.000336433 -0.000179325 0.000178919 0.000302887 0.000391267 -0.000210232 -0.00132125 0.00216575

Run #9
Generation 0:
Best Fitness: 239.489
Average Fitness: 128.891
Best Individual: 100 100 100 99.6715 100 100 100 100 99.0499 100 100 100 100 100 100 100 100 100 100 100 100 100 100 100 100 100 100 100 100 100 100 100 100 100 100 100 100 100 100 100 100 100 100 100 100 100 100 100 100 100

Generation 10000:
Best Fitness: 500000
Average Fitness: 500000
Best Individual: -0.000476625 0.000443995 -0.00156898 0.00223 -0.000445717 0.000197842 -0.000374672 0.000147113 0.00163434 -4.23612e-05 0.00157734 -5.0637e-05 0.0016717 0.000627974 0.00191287 0.000149528 -0.000175274 -0.00163686 -4.52321e-05 0.000285084 0.000938579 -0.00139525 0.00239701 0.00073543 0.000463302 -0.00159271 -1.28595e-05 0.00204328 -0.000389048 -0.000622462 -0.000249941 0.00273814 3.14267e-05 0.000967893 -0.000364897 0.000706851 -0.000504023 0.000292403 0.000736011 -0.000638748 0.000844089 0.000550738 0.000340612 0.000881799 0.00110377 -0.000566914 -0.0002915 -0.000380367 3.53504e-05 0.00158365

Generation 10236:
Best Fitness: 500000
Average Fitness: 500000
Best Individual: -0.000476625 0.000443995 -0.00156898 0.00223 -0.000445717 0.000197842 -0.000374672 0.000147113 0.00163434 -4.23612e-05 0.00157734 -5.0637e-05 0.0016717 0.000627974 0.00191287 0.000149528 -0.000175274 -0.00163686 -4.52321e-05 0.000285084 0.000938579 -0.00139525 0.000615981 0.00073543 0.000463302 -0.00159271 -1.28595e-05 0.00204328 -0.000389048 -0.000622462 -0.000249941 0.00273814 3.14267e-05 -0.000759454 -0.000364897 0.000706851 -0.000504023 0.000292403 0.000736011 -0.000638748 0.000844089 0.000550738 0.000340612 0.000881799 0.00110377 -0.000566914 -0.0002915 -0.000380367 3.53504e-05 0.00107075

Run #10
Generation 0:
Best Fitness: 183.206
Average Fitness: 117.159
Best Individual: 100 100 100 100 100 99.0743 100 100 100 100 100 100 100 100 100 100 100 100 100 100 100 100 100 100 100 100 100 100 100 100 100 100 100 100 100 100 100 100 100 100 100 100 100 100 100 100 100 100 100 100

Generation 8962:
Best Fitness: 500000
Average Fitness: 500000
Best Individual: 0.000301864 -1.63796e-05 0.000386356 0.000101827 -0.000296379 0.00140621 -0.000798958 -0.000810388 -0.000679843 0.000446854 0.000136794 -0.00114108 1.58045e-05 -0.000264051 0.000952063 -0.000357637 -2.32861e-05 0.000563983 0.000263254 -0.000192482 0.00241013 -0.000754152 0.00188266 -0.0016869 0.000940638 0.00138953 0.000412314 -9.19672e-05 -0.00176209 0.000255725 0.000477227 0.000736422 -0.00037369 0.000855658 0.00139751 0.00214678 -0.00013634 0.00149571 -2.21783e-05 -0.000769533 0.00167789 -0.00013711 0.00107034 -0.000146853 0.00172101 -0.00089591 -0.00209578 -0.000142586 -0.000155125 0.000716793



Average Pairwise Distance
Run #1
Generation 0:
Best Fitness: 267.308
Average Fitness: 82.6387
Best Individual: 100 100 100 100 100 100 100 100 100 100 100 100 100 100 100 100 100 100 99.0187 100 99.5401 100 100 100 100 100 100 100 100 100 100 100 100 100 100 100 100 100 100 100 100 100 100 100 100 100 100 100 100 100

Generation 9397:
Best Fitness: 500000
Average Fitness: 500000
Best Individual: 0.00134949 -0.000496209 0.000487048 0.000489474 -0.000653779 0.000761436 -0.000536313 -0.000860233 0.000939148 -0.000942531 -0.000680586 -0.00242322 0.00104164 0.0009611 0.00228584 0.000912301 0.000639635 -0.00257685 -0.000371158 0.000767483 -0.000568016 -0.00067099 0.00112822 -0.000385783 9.78201e-06 -0.000169572 -8.36098e-05 -0.000696786 0.000233012 -0.00166306 0.000117699 -0.00135856 0.00046052 -0.00040549 0.000155374 0.00173295 -4.93457e-05 -0.00082706 -0.000117451 -0.000233973 -0.000698459 0.000467394 -0.000191288 -0.000606687 0.000122705 -0.00209065 3.57143e-05 0.000657544 -0.00119139 -0.00124916

Run #2
Generation 0:
Best Fitness: 211.373
Average Fitness: 102.089
Best Individual: 100 100 100 100 100 100 100 100 100 100 100 100 100 100 100 100 100 100 100 100 99.6196 100 100 100 100 100 100 100 100 100 100 100 100 100 100 100 100 100 100 100 100 100 99.1989 100 100 100 100 100 100 100

Generation 8286:
Best Fitness: 500000
Average Fitness: 500000
Best Individual: 0.00059675 0.000715329 -0.000174481 -0.0006741 0.000861745 0.000132302 -8.39053e-07 -0.000388616 -0.000720949 0.000273294 0.00115983 -0.000774077 0.00041048 0.000533153 2.80777e-05 0.000689943 -0.000335167 -0.000349598 -0.00108827 -0.000133916 0.00271676 -0.00116041 6.84919e-05 0.00189344 -0.000326815 -0.00165999 -0.000503256 -0.00147718 0.00150773 -0.000136778 0.000959442 0.00195916 -0.000140897 0.000186999 -0.000440302 -0.000585346 -0.0014401 -7.4537e-05 0.000358688 -0.000200076 -0.000703692 -0.00209922 -6.93781e-05 -0.000181558 7.62809e-05 -0.000292527 -0.00028378 0.00107695 -0.00168249 0.000322379

Run #3
Generation 0:
Best Fitness: 361.325
Average Fitness: 114.972
Best Individual: 100 100 100 100 100 100 100 99.1475 100 100 100 100 100 100 100 100 100 100 100 100 100 100 100 100 100 100 100 99.0171 100 100 100 100 100 100 100 100 100 100 100 100 100 100 100 100 100 100 100 100 100 100

Generation 9660:
Best Fitness: 500000
Average Fitness: 500000
Best Individual: -0.00197374 0.000984775 0.00298015 -0.0012754 -0.00293915 -0.000253598 8.96704e-05 -0.000621096 0.000189882 -0.00121256 0.000306289 -0.000471134 -4.08645e-06 -0.000737199 0.000361961 -0.000866147 2.89825e-05 0.000741697 -0.000247821 0.000403106 -0.00014931 0.000799156 0.000586709 0.00209592 -0.00136891 0.000191163 8.44185e-05 -0.000395599 -0.000806208 -0.000455381 -0.000279455 0.00159983 0.000225842 -0.000141913 -0.000502867 -0.000346646 -0.000487126 -0.000162885 0.00143488 0.000105081 0.00153657 0.00119782 -0.000227159 6.02141e-05 0.000665864 -0.000454309 -0.00074643 -0.000726816 0.00148543 -4.3109e-05

Run #4
Generation 0:
Best Fitness: 198.144
Average Fitness: 134.549
Best Individual: 100 100 100 100 100 100 100 100 100 100 100 100 100 100 100 100 100 100 100 100 100 100 100 100 100 100 100 100 100 100 100 100 100 100 100 100 100 100 100 100 100 99.0043 100 100 100 100 100 100 100 100

Generation 9789:
Best Fitness: 500000
Average Fitness: 500000
Best Individual: 0.00022499 -0.000714993 -0.0011971 0.000923867 -0.000465848 -0.00118226 -0.000569696 0.000602087 0.000121136 0.000580762 0.000248261 -4.42762e-05 0.00058596 0.00176294 -2.29866e-05 0.00107965 -0.000220097 0.00187276 0.00105688 -0.00109831 -0.000814668 6.76442e-05 0.00348928 1.39617e-05 0.00141821 0.000879808 -0.000229108 9.08676e-05 0.000440182 0.000165307 -0.00124208 -0.000639622 -0.00157963 -0.00016395 0.000672125 0.000456926 0.000504591 0.000860178 -0.000717255 0.00177785 9.20367e-05 -0.000119959 0.000158423 -0.000771876 -5.31422e-05 -0.000984751 -7.64417e-05 0.00149183 0.000101905 -0.000170302

Run #5
Generation 0:
Best Fitness: 185.51
Average Fitness: 97.9639
Best Individual: 100 100 100 100 100 100 100 100 100 100 100 100 100 100 100 100 100 100 100 100 100 100 100 99.0641 100 100 100 100 100 100 100 100 100 100 100 100 100 100 100 100 100 100 100 100 100 100 100 100 100 100

Generation 9834:
Best Fitness: 500000
Average Fitness: 500000
Best Individual: 2.65303e-05 0.000137966 -0.000340053 -0.000440876 -0.000426764 -0.00115675 2.34104e-05 0.000362365 0.00024358 0.000808759 -0.00110204 0.000206291 2.04714e-05 4.06133e-05 -2.18358e-05 -0.000311149 0.000433966 -0.0010922 0.000610065 9.93825e-05 0.000519633 -0.000934097 0.000178453 -0.00101469 -0.0019772 -0.00148486 -0.00165449 -0.00222143 -0.000154672 0.00114709 0.000290766 -0.000207695 -0.000273568 -0.00138904 -0.00028544 -4.98026e-05 0.00128749 0.000504473 -0.00026141 -0.000507047 0.000832581 0.000262672 0.000608578 0.00427752 -0.000310722 -0.00023304 0.000372023 -3.38766e-05 2.27349e-05 0.000385563

Run #6
Generation 0:
Best Fitness: 193.999
Average Fitness: 63.6338
Best Individual: 100 100 100 100 100 100 100 100 100 100 100 100 100 100 100 100 100 100 100 100 100 100 100 100 100 100 100 100 100 100 100 100 100 100 100 100 100 100 100 99.0247 100 100 100 100 100 100 100 100 100 100

Generation 8905:
Best Fitness: 500000
Average Fitness: 500000
Best Individual: -0.00090225 -0.000111464 -0.000233028 0.00215751 0.000923516 4.13884e-05 0.000740309 -0.000421863 0.00262661 0.000577515 0.00117687 0.000139564 0.00219778 -0.000587226 0.00254254 0.000193062 -0.000645356 0.00192796 4.14223e-05 -0.00246689 -0.00103403 0.000374308 0.000863519 0.000477443 -0.000697693 0.000704329 -0.00110491 -0.00121777 -0.000726274 -0.000799078 -0.000384939 -0.000107895 -0.000939264 -0.000482509 0.000348137 0.000142212 -0.000478064 0.000358448 0.000362191 -4.65548e-05 -2.5508e-05 0.000326675 -0.000714311 0.00114781 -0.00011825 -0.000820299 0.000726054 4.66349e-05 0.000189342 0.000458826

Run #7
Generation 0:
Best Fitness: 281.16
Average Fitness: 130.564
Best Individual: 100 100 100 100 100 100 100 100 100 100 100 100 100 100 100 100 100 100 100 100 100 100 100 100 100 99.1899 100 100 100 100 100 100 100 100 100 100 100 99.3012 100 100 100 100 100 100 100 100 100 100 100 100

Generation 10000:
Best Fitness: 500000
Average Fitness: 500000
Best Individual: 5.60629e-05 0.000640762 7.31132e-05 0.000826714 0.000415656 -1.92113e-05 0.000581241 -0.000830908 -0.000223168 -0.000648172 -1.5013e-05 0.000577442 -0.000533836 0.00118322 -0.0042131 -1.97016e-05 0.000647465 0.0001009 7.83522e-05 -3.63592e-06 -0.000163228 -0.000705322 -0.00243771 -0.000860417 0.00170753 0.000719155 0.000522531 -0.000165294 -7.53947e-05 0.000229386 -0.00104045 -0.0004098 -0.000663298 0.00170528 -0.00129337 0.00075674 0.000104396 0.00163998 -8.3336e-05 0.000739538 0.00136305 -0.000532822 -0.00013949 -0.000306371 0.00300967 -0.000100968 -0.000530448 0.000254195 0.000773594 0.00197989

Generation 10759:
Best Fitness: 500000
Average Fitness: 500000
Best Individual: 5.60629e-05 0.000640762 7.31132e-05 0.000826714 0.000415656 -1.92113e-05 0.000581241 -0.000830908 -0.000223168 0.000129017 -1.5013e-05 0.000577442 -0.000533836 0.00118322 -0.0042131 -1.97016e-05 0.000647465 0.0001009 7.83522e-05 -3.63592e-06 -0.000163228 -0.000705322 -0.00146078 -0.000801062 0.00170753 2.85987e-05 0.000522531 -0.000165294 -7.53947e-05 0.000229386 -0.00104045 -0.0004098 -0.000663298 0.00132784 -0.00129337 0.00075674 0.000104396 0.00163998 -8.3336e-05 0.000739538 0.00136305 0.000291739 -0.00013949 -0.000306371 0.00300967 -0.000100968 -0.000530448 0.000254195 0.000773594 -0.000182655

Run #8
Generation 0:
Best Fitness: 194.707
Average Fitness: 100.832
Best Individual: 100 99.0212 100 100 100 100 100 100 100 100 100 100 100 100 100 100 100 100 100 100 100 100 100 100 100 100 100 100 100 100 100 100 100 100 100 100 100 100 100 100 100 100 100 100 100 100 100 100 100 100

Generation 9930:
Best Fitness: 500000
Average Fitness: 500000
Best Individual: -0.000160274 -0.000719463 0.00177812 0.00242452 -5.6152e-05 3.68102e-05 0.00290868 0.000965341 -2.81402e-05 -0.000403386 0.00108431 0.000349956 -0.000216795 -7.33097e-05 -0.000527624 -0.000381588 0.000379776 0.00057375 2.97307e-05 -2.00861e-06 0.000250089 0.00165461 -0.00125252 5.59215e-05 -0.000920384 0.00107369 0.000262719 -0.000338865 -8.00766e-05 -0.00112626 -0.00108841 -0.000732915 -0.00270877 -0.000674256 -0.00136697 -0.000220576 0.00107884 0.000985895 1.83217e-05 -0.000127832 -0.000743228 -0.000126389 0.000690628 0.000429115 0.00014338 0.000465048 -0.000310532 -0.000406835 7.7329e-05 -2.82255e-05

Run #9
Generation 0:
Best Fitness: 275.453
Average Fitness: 182.842
Best Individual: 100 100 100 100 100 100 100 100 100 100 100 100 100 100 100 100 100 100 100 100 100 100 99.4577 100 100 100 100 100 100 100 100 100 100 100 100 100 100 100 100 100 100 100 100 100 100 99.0577 100 100 100 100

Generation 10000:
Best Fitness: 500000
Average Fitness: 500000
Best Individual: -0.00230909 -0.000416515 -4.21553e-05 -0.000154321 -0.000851157 -8.90983e-05 -0.000172555 -0.000957793 -0.000862934 -6.94707e-05 0.000464053 7.57135e-05 0.000659437 0.00190713 0.000893918 -0.00350355 0.000296442 -0.000436422 0.00144379 0.000465304 -0.000600557 0.000424201 -0.00298543 0.000435773 -0.000431837 -0.000268668 0.000536353 5.60519e-05 -0.000339486 -0.000175251 -0.000472898 0.000742223 0.00073213 7.47091e-05 -0.000264161 -0.000750465 0.000225567 0.000545411 -0.000179446 0.0030372 0.00061635 0.00133599 -0.000673114 0.000808393 -0.000414292 -0.000490113 0.000290439 0.000827593 0.00204725 -0.000826064

Generation 10378:
Best Fitness: 500000
Average Fitness: 500000
Best Individual: -0.00230909 -0.000416515 -4.21553e-05 -0.000154321 0.000800089 -8.90983e-05 -0.000172555 -0.000957793 -0.000862934 -6.94707e-05 0.000464053 7.57135e-05 0.000659437 0.00190713 0.000893918 -0.00350355 0.000296442 -0.000436422 0.00144379 0.000465304 -0.000600557 0.000424201 -0.00298543 0.000435773 -7.62833e-05 -0.000268668 0.000536353 5.60519e-05 -0.000339486 -0.000175251 -0.000472898 0.000742223 0.00073213 7.47091e-05 -0.000264161 -0.000750465 0.000225567 0.000545411 -0.000179446 0.0022248 0.00061635 0.00133599 -0.000673114 0.000808393 -0.000414292 0.000396614 1.503e-05 0.000827593 -0.000324413 -0.000826064

Run #10
Generation 0:
Best Fitness: 198.141
Average Fitness: 164.865
Best Individual: 100 100 100 100 100 100 100 100 100 100 100 100 100 100 100 100 100 100 100 100 100 100 100 100 100 100 100 100 100 99.0043 100 100 100 100 100 100 100 100 100 100 100 100 100 100 100 100 100 100 100 100

Generation 9408:
Best Fitness: 500000
Average Fitness: 500000
Best Individual: -0.000401903 -0.000179746 -1.42205e-06 0.000689931 1.19312e-05 -0.000291297 0.000196315 0.000276304 -0.000346578 -0.00152066 -0.000477614 0.000646296 -0.00129549 0.00115512 0.000649946 -0.000788118 0.00320883 0.000214503 -0.000670359 -0.000398039 0.000191303 0.00115734 -7.74528e-05 0.000342233 0.000476772 -8.85226e-07 -0.0015238 -0.000106092 -0.000594809 0.00054494 -0.00130933 0.000660041 0.000260257 0.0001605 -0.000127419 -0.000561768 -0.00106268 0.000431863 0.000614502 -0.00199938 0.000221251 -0.000288747 0.000328986 0.000137453 -0.00047831 -0.00152324 0.000284251 0.00383614 -0.000405235 0.000734314



Cosine Similarity with Compare
Run #1
Generation 0:
Best Fitness: 164.683
Average Fitness: 106.742
Best Individual: 100 100 100 100 100 100 100 100 100 100 100 100 100 100 100 100 100 100 100 100 100 100 100 100 99.1519 100 100 100 100 100 100 100 100 100 100 100 100 100 100 100 100 100 100 100 100 100 100 100 100 100

Generation 9666:
Best Fitness: 500000
Average Fitness: 500000
Best Individual: -0.000514074 -0.000281553 -0.000213947 0.000327321 -0.000145302 0.000188197 0.00013301 -0.000238745 0.000402516 -1.76358e-05 0.00103381 -0.00132795 2.41785e-05 0.000946191 5.91467e-05 0.000951314 0.00174365 -0.00185597 0.000173385 0.000307198 0.000234794 -0.00104384 -0.00133833 0.000852194 0.00117751 -0.00246564 -0.00161019 -0.000714121 -0.000791637 -0.00233613 0.00112553 0.000934305 0.00114102 -0.00077454 -0.00105583 -0.000426099 0.000653546 -0.000687281 -0.000889055 0.000228688 -0.000627937 -0.00103903 0.00177961 -3.52051e-05 0.000529099 0.0021644 -0.000441009 0.000493762 -0.000368637 -0.000578997

Run #2
Generation 0:
Best Fitness: 200.34
Average Fitness: 126.599
Best Individual: 100 100 100 100 100 100 100 100 100 100 100 100 100 100 99.328 100 100 100 100 100 100 100 100 100 100 100 100 100 100 100 100 100 100 100 100 100 100 100 100 100 100 100 100 100 100 100 100 100 99.4933 100

Generation 8595:
Best Fitness: 500000
Average Fitness: 500000
Best Individual: -0.000333753 0.000792819 -5.01224e-05 -0.000921965 0.00109783 -0.000914848 -0.00139478 0.000908781 -0.000396219 0.000543328 0.00103475 0.000197019 8.59844e-05 0.00079128 0.00235846 -0.000862495 0.000409229 0.00225251 0.000306619 3.6876e-06 -0.000894873 2.77262e-07 0.000659357 0.00204206 0.00115291 -0.00215489 -0.000150036 -0.000816696 -0.000358847 -0.000174073 4.18738e-05 0.000778657 0.000747832 -5.31398e-05 -0.000280279 -0.000250039 -0.000108598 -4.50635e-05 -0.000405489 0.000182455 -0.000546732 -0.000323247 -0.000513888 0.00140896 0.00241119 0.00121447 0.0004316 -0.000901003 0.00111141 0.00130915

Run #3
Generation 0:
Best Fitness: 266.077
Average Fitness: 86.279
Best Individual: 100 100 100 100 99.1929 100 100 100 100 100 100 100 100 100 100 100 100 100 100 100 100 100 100 100 100 100 100 100 100 100 100 100 100 100 100 100 100 100 100 100 100 100 99.3576 100 100 100 100 100 100 100

Generation 8672:
Best Fitness: 500000
Average Fitness: 500000
Best Individual: 0.00028556 -0.000497827 -0.00181204 -0.000390857 0.000317396 0.00149072 -8.62761e-05 -4.69681e-05 0.000667831 -0.000720732 0.000179335 -0.000461994 2.73103e-05 0.000864036 0.00136211 0.000610578 -0.000995633 0.000178541 -0.000226014 -4.61775e-05 0.000277484 0.000128939 -0.00062799 0.00109076 -0.000725222 0.000482152 0.00263802 0.000657484 -2.34542e-05 -0.000792542 0.000976007 0.000908119 0.000381901 -0.00117882 -0.000113186 0.000169574 -0.000590709 -0.000932143 -0.000849107 -0.000954751 0.000285456 0.000145907 -0.00118196 -0.0012638 -0.00205495 0.00121102 0.00166741 -0.000193953 -0.000608867 -0.000928574

Run #4
Generation 0:
Best Fitness: 191.218
Average Fitness: 101.763
Best Individual: 100 100 100 100 100 100 100 100 100 100 100 100 100 100 100 100 100 100 100 100 100 99.0379 100 100 100 100 100 100 100 100 100 100 100 100 100 100 100 100 100 100 100 100 100 100 100 100 100 100 100 100

Generation 10000:
Best Fitness: 500000
Average Fitness: 500000
Best Individual: -0.00154646 0.0031481 -0.00420995 0.000657367 0.000110485 -0.000224522 -0.0013293 -0.00211612 0.000210854 0.0006427 0.000343383 -0.00135132 -0.00166033 -0.00122276 0.000261585 -3.637e-05 0.00103992 -0.000289827 0.000217855 -0.000292677 -7.58998e-05 0.00154574 0.000495315 0.000379639 -1.88963e-07 0.00174662 -0.00206022 -0.00139946 -0.000850095 -0.000251611 -0.000313916 0.00122382 0.000623111 -1.64632e-05 8.60567e-05 1.35735e-05 -0.00181268 -0.000293213 0.00110271 0.000117303 0.00212208 -0.00124909 0.00073313 0.00202271 -0.000299328 0.000274001 -1.5105e-05 0.000267488 -0.000694764 -2.67666e-06

Generation 11271:
Best Fitness: 500000
Average Fitness: 500000
Best Individual: -0.00154646 -0.000543812 0.00389869 0.000657367 -5.91997e-05 -0.000224522 0.000892901 0.00144092 0.000210854 0.0006427 0.000343383 0.000442325 -0.00041496 -0.00122276 0.000261585 -3.637e-05 0.00103992 -0.000289827 0.000217855 -0.000292677 -7.58998e-05 0.00154574 -8.89476e-05 0.000379639 -1.88963e-07 0.00174662 -1.71707e-06 -0.00139946 0.00029936 -0.000251611 -0.000313916 -0.00041439 0.000623111 -1.64632e-05 8.60567e-05 1.35735e-05 -0.00181268 -0.000293213 0.00110271 0.000117303 0.00212208 -0.00124909 9.78144e-05 0.00202271 -0.000299328 0.000274001 -1.5105e-05 0.000267488 -0.000694764 -2.67666e-06

Run #5
Generation 0:
Best Fitness: 339.225
Average Fitness: 115.423
Best Individual: 100 100 100 99.2358 100 100 100 99.0146 100 100 100 100 100 100 100 100 100 100 100 100 100 100 100 100 100 100 100 100 100 100 100 100 100 100 100 100 100 100 100 100 100 100 100 100 100 100 100 100 100 100

Generation 9883:
Best Fitness: 500000
Average Fitness: 500000
Best Individual: 0.000339095 -0.000481471 0.000910984 -0.000550923 0.00141728 0.000625431 -6.19359e-05 0.00195046 0.000477636 -3.66184e-05 -0.000593338 0.00160381 0.000361323 0.00189222 0.00186121 0.000182639 0.000144574 -0.00227012 9.09156e-05 -0.00104568 -0.00118712 -0.000882301 -0.00088089 0.00126312 0.000645077 -0.000511807 0.000910076 0.00162874 -0.000725995 0.00085335 -0.000435868 -0.000452626 -0.000187457 -0.000327965 0.000975084 0.000738263 -0.000540976 -0.000595821 0.000160776 0.00109304 5.3501e-06 0.000312772 0.00105636 -0.000425083 -0.00209407 0.0022839 0.000364315 9.4717e-05 -0.000727822 0.000373395

Run #6
Generation 0:
Best Fitness: 183.631
Average Fitness: 102.654
Best Individual: 100 100 100 100 100 100 100 100 100 100 100 100 100 100 100 100 100 100 100 100 100 100 100 100 100 100 99.0725 100 100 100 100 100 100 100 100 100 100 100 100 100 100 100 100 100 100 100 100 100 100 100

Generation 8838:
Best Fitness: 500000
Average Fitness: 500000
Best Individual: -0.0018389 8.35884e-05 0.000842225 0.000304781 0.00115783 -0.000185521 -0.000255196 -0.000307764 0.00198441 -0.000187845 0.000111265 0.000148713 -0.000111292 -7.24465e-05 0.00183081 -0.00051878 3.60581e-05 0.000342425 0.00213444 0.000634759 0.000319195 3.36046e-05 5.55927e-06 -0.000243842 0.000430289 -3.81114e-05 0.000425629 -0.00113042 0.000209436 0.00115087 0.00177764 -0.00106669 0.000507402 0.000463305 0.000933791 -0.000415153 -0.000128514 -0.000700902 -0.000204251 0.00291123 -0.00194653 0.00140085 0.00117867 0.000172199 -0.00169278 -0.00144783 7.90203e-05 1.28333e-05 -3.09531e-05 0.000470207

Run #7
Generation 0:
Best Fitness: 186.992
Average Fitness: 100.058
Best Individual: 100 100 99.1659 100 100 100 100 100 100 100 100 100 100 100 100 100 100 100 100 100 100 100 100 100 100 100 100 100 100 100 100 100 100 100 100 100 100 100 100 100 100 100 99.8503 100 100 100 100 100 100 100

Generation 10000:
Best Fitness: 500000
Average Fitness: 500000
Best Individual: -0.000834187 -0.000336181 -0.000279528 6.62301e-05 0.000393783 0.000410145 0.00104411 0.000479117 0.000241819 -5.94499e-05 0.00147677 9.84742e-05 0.00184494 0.00032211 0.000405439 0.000577868 -0.000528678 0.000347638 0.000839015 -0.000474616 -0.000457158 -0.000525616 -0.000591308 -0.000864398 0.00184439 0.000266269 -0.00149632 -0.000730549 4.10353e-05 0.00238211 -0.000201814 0.00163982 -8.14293e-05 -0.000644981 8.82898e-05 0.00027437 0.000272635 0.00264432 -0.000406406 -0.00197545 -0.000581236 -0.000734497 -0.000118331 0.00211279 -0.000733392 -4.71741e-05 -0.0013398 -0.00265936 -0.000594416 -0.000714921

Generation 10073:
Best Fitness: 500000
Average Fitness: 500000
Best Individual: -0.000834187 -0.000336181 -0.000279528 6.62301e-05 0.000393783 0.000410145 0.00104411 0.000479117 0.000241819 -5.94499e-05 0.00147677 9.84742e-05 0.00184494 0.00032211 0.000405439 0.000577868 -0.000528678 0.000347638 0.000839015 -0.000474616 -0.000457158 -0.000525616 -0.000591308 -0.000864398 0.00184439 0.000266269 -0.00149632 -0.000730549 4.10353e-05 0.00238211 -0.000201814 -0.000424191 -8.14293e-05 -0.000644981 8.82898e-05 0.00027437 0.000272635 0.00264432 -0.000406406 -0.00159827 -0.000581236 -0.00032405 -0.000118331 0.00211279 -0.000733392 -4.71741e-05 -0.0013398 -0.00265936 -0.000594416 -0.000714921

Run #8
Generation 0:
Best Fitness: 159.557
Average Fitness: 54.4726
Best Individual: 100 100 100 100 100 100 100 100 100 100 100 100 100 100 100 100 100 100 100 100 100 100 100 100 100 100 100 100 100 100 100 100 100 100 100 100 100 100 100 100 100 100 99.1723 100 100 100 100 100 100 100

Generation 10000:
Best Fitness: 500000
Average Fitness: 500000
Best Individual: 0.00121263 0.000347779 0.000354222 -0.00319391 -3.54086e-05 -0.00133125 0.000515405 0.000377711 0.000206052 -0.00238392 0.00214492 0.00025224 -0.000737336 0.00124672 -0.0026152 0.000234619 6.48802e-05 -8.1347e-05 0.000749834 4.11898e-06 -0.00113683 0.0011668 0.00170531 -1.43746e-05 5.47031e-05 0.000493631 -0.001023 -0.000930524 0.00071343 -0.000709458 0.000477421 -0.00126001 -0.000527311 0.000849204 -0.00113457 0.000168542 -0.00225595 -0.000836165 0.000166212 -0.00219895 -0.0031123 -0.000397321 0.00040873 0.000609636 -0.000462644 0.000379302 0.000849199 -0.000157743 -0.000322148 -2.13463e-05

Generation 10499:
Best Fitness: 500000
Average Fitness: 500000
Best Individual: -0.000478586 0.000347779 0.000354222 -0.000909419 -3.54086e-05 -0.00133125 0.000515405 0.000377711 0.000206052 0.00119915 0.00214492 0.00025224 -0.000737336 0.00124672 -0.0026152 0.000234619 6.48802e-05 -8.1347e-05 0.000749834 4.11898e-06 -0.00113683 0.0011668 0.00170531 -1.43746e-05 5.47031e-05 0.000493631 -0.001023 -0.000930524 0.00071343 -0.000709458 0.000477421 -0.00126001 -0.000527311 0.000849204 -6.64492e-05 0.000168542 -0.00123442 -0.000836165 0.000166212 -0.00219895 -0.0031123 -0.000397321 0.00040873 0.000609636 -0.000462644 0.000379302 0.000849199 -0.000157743 -0.000322148 -2.13463e-05

Run #9
Generation 0:
Best Fitness: 194.357
Average Fitness: 106.901
Best Individual: 100 100 100 100 100 100 100 100 100 100 100 100 100 100 100 100 100 100 100 99.0229 100 100 100 100 100 100 100 100 100 100 100 100 100 100 100 100 100 100 100 100 100 100 100 100 100 100 100 100 100 100

Generation 9747:
Best Fitness: 500000
Average Fitness: 500000
Best Individual: -0.00201221 0.000473064 0.000517642 8.2545e-05 0.00120017 -0.000339969 -0.000880403 -0.00134937 -0.000536878 0.000480095 0.000215021 0.000549098 0.000477973 -0.000190881 0.000918928 -0.00139628 -0.000187315 -0.000459723 -0.000473481 -0.000286077 0.000110173 0.000777539 -0.000519321 0.000265678 -0.000385828 -0.000207062 0.00206349 9.74755e-06 0.00307901 0.000651053 0.000802938 -0.000334846 9.7654e-05 -0.000705789 0.000411501 0.0017737 -0.000365837 0.00156348 -0.000489059 -0.00203486 0.000119573 -0.00247191 -3.65065e-05 -0.000379048 -0.000434813 0.000621129 -0.000228315 -3.90944e-05 -0.000249769 0.000110902

Run #10
Generation 0:
Best Fitness: 193.544
Average Fitness: 127.799
Best Individual: 100 100 100 100 100 100 100 100 100 100 100 100 100 100 100 100 100 100 100 100 100 100 100 100 100 100 100 100 100 100 100 100 100 100 100 100 99.0268 100 100 100 100 100 100 100 100 100 100 100 100 100

Generation 9378:
Best Fitness: 500000
Average Fitness: 500000
Best Individual: -0.00209052 -1.82626e-05 0.000291711 -0.00319287 0.000162192 -0.000144354 0.000962689 0.000409372 0.000427799 0.000756738 8.96227e-05 -0.000101843 0.000444976 -0.000287471 -0.00122037 0.000536333 0.000285849 -1.19052e-05 -0.000346234 0.000357692 0.000199789 0.000350986 -0.000363128 0.00148886 0.000258642 -0.000497258 0.000695663 0.000227698 0.000678965 0.000126478 0.000102486 -0.000158404 5.84378e-05 -0.000656758 -0.00242908 0.00092933 -0.000526118 -0.00229282 -0.000134283 0.000402081 -1.2672e-05 0.00066451 -0.000853236 0.00060046 -0.00076982 3.0858e-05 0.00104819 -0.00195542 0.000527179 0.00129437



Cosine Similarity with Threshold
Run #1
Generation 0:
Best Fitness: 162.264
Average Fitness: 115.901
Best Individual: 100 99.1615 100 100 100 100 100 100 100 100 100 100 100 100 100 100 100 100 100 100 100 100 100 100 100 100 100 100 100 100 100 100 100 100 100 100 100 100 100 100 100 100 100 100 100 100 100 100 100 100

Generation 10000:
Best Fitness: 500000
Average Fitness: 500000
Best Individual: -0.000364145 -0.00164487 0.00038224 -0.000840121 -0.000703715 -0.00331515 0.001868 0.000164438 -0.00117338 -0.000878311 0.000539353 0.000221112 0.000736161 -0.000292658 -0.00399596 0.00022174 -0.000932602 0.00142982 -0.000166615 0.000802624 -0.000717389 -0.00138182 0.000404215 -0.000175691 -0.000515112 -0.000477997 -0.000969318 0.000231047 0.000409752 0.000412184 -0.000188983 0.000224531 0.000448632 0.000341879 0.000339906 6.278e-05 -0.000157029 0.000271145 0.0004429 0.000217925 -0.00124445 -0.000482281 0.000781194 0.000364464 5.92839e-05 0.00148435 0.000112467 1.70694e-05 0.00207887 -0.00145047

Generation 10191:
Best Fitness: 500000
Average Fitness: 500000
Best Individual: -0.000364145 -0.00164487 0.00038224 -0.000840121 -0.000703715 0.000671977 0.001868 0.000164438 -0.00117338 -0.000878311 0.000539353 0.000221112 0.000736161 -0.000292658 -0.00399596 0.00022174 -0.000932602 0.00142982 -0.000166615 0.000802624 -0.000717389 -0.00138182 0.000404215 -0.000175691 -0.000515112 -0.000477997 -0.000969318 0.000231047 0.000409752 0.000412184 -0.000188983 0.000224531 -0.00034918 0.000341879 0.000339906 6.278e-05 -0.000157029 0.000271145 0.0004429 0.000217925 -0.00124445 -0.000482281 0.000781194 0.000364464 5.92839e-05 0.00148435 0.000112467 1.70694e-05 0.00207887 -0.00145047

Run #2
Generation 0:
Best Fitness: 183.317
Average Fitness: 108.643
Best Individual: 100 100 100 100 100 100 99.0738 100 100 100 100 100 100 100 100 100 100 100 100 100 100 100 100 100 100 100 100 100 100 100 100 100 100 100 100 100 100 100 100 100 100 100 100 100 100 100 100 100 100 100

Generation 9802:
Best Fitness: 500000
Average Fitness: 500000
Best Individual: 0.000189694 0.00106276 0.00127741 5.25603e-05 0.00200371 0.00046406 0.000181937 -0.000616583 -0.000315969 0.00122192 -0.000975534 7.63351e-05 0.00087928 0.000566984 0.000624976 -0.000396507 -0.00199895 0.000185151 -0.00210494 -0.000513985 -2.24639e-05 -0.000267 -0.000325451 0.000718521 0.000472555 -0.000523842 -0.000629839 0.00112487 0.000410339 -0.00162492 -0.000702589 3.35781e-06 0.00138499 7.61836e-05 -0.000865016 -0.000628112 -0.000627605 -0.000223694 -0.000853142 -1.30214e-05 0.000465299 0.00165063 0.000117711 -0.00214902 0.00115556 -0.00186127 -0.000582863 0.000321782 0.000408926 -0.00120786

Run #3
Generation 0:
Best Fitness: 161.573
Average Fitness: 53.1801
Best Individual: 99.1643 100 100 100 100 100 100 100 100 100 100 100 100 100 100 100 100 100 100 100 100 100 100 100 100 100 100 100 100 100 100 100 100 100 100 100 100 100 100 100 100 100 100 100 100 100 100 100 100 100

Generation 9081:
Best Fitness: 500000
Average Fitness: 500000
Best Individual: 0.000645595 -0.00143543 0.00031059 -0.000136469 -0.000235035 0.00346132 0.000449395 0.000701077 0.000508458 -6.10918e-05 -0.00222072 0.000426724 -6.86249e-05 -0.000478075 -1.59485e-05 9.49786e-05 0.00205311 -0.000408465 0.000823959 0.00031281 -0.00141258 0.000394718 -0.000552375 0.000407863 0.00015573 -0.000148028 -0.000259389 -0.000334954 0.00143667 -0.000854343 0.000802876 -0.00076495 -0.000164708 0.000572945 2.89533e-05 -0.000101513 0.000550328 0.00302049 -0.000424175 4.63971e-05 -0.000652346 0.00119218 -0.000191221 0.000603108 -0.00126075 0.00095487 -0.000511962 -0.000507447 -0.001427 8.80271e-05

Run #4
Generation 0:
Best Fitness: 222.299
Average Fitness: 121.427
Best Individual: 100 100 100 100 100 100 100 100 100 100 100 100 100 100 100 100 100 100 100 100 100 100 100 99.4866 100 100 100 100 100 100 100 100 100 100 100 99.564 100 100 100 100 100 100 100 100 100 100 100 100 99.5404 100

Generation 10000:
Best Fitness: 500000
Average Fitness: 500000
Best Individual: -0.000341322 0.000674172 -0.00119558 0.000573529 0.000721543 -6.67159e-05 0.000152305 -0.000371825 0.00118734 8.21383e-05 0.000841223 0.00158304 -0.000734441 -5.38143e-05 -0.0047774 0.000269841 -0.000263677 -0.00104457 -0.000156098 5.89993e-05 -0.00130037 -0.000564165 0.000593458 -0.00127998 0.00196947 0.000157887 -5.2351e-05 -1.03392e-05 6.98239e-05 -0.00257197 -0.00167643 -0.000539937 0.00237712 0.00120666 -0.00179187 -0.000360991 -0.00162568 0.000400968 -0.000580178 0.000158954 3.93808e-05 -0.00168069 -0.000668211 -0.00164167 0.00140871 -0.000261654 9.92847e-05 3.10953e-05 -0.000172077 -0.00117036

Generation 10314:
Best Fitness: 500000
Average Fitness: 500000
Best Individual: -0.000341322 0.000674172 -0.00115868 0.000573529 0.000721543 -6.67159e-05 0.000152305 -0.000371825 0.00118734 8.21383e-05 0.000841223 0.00158304 -0.000734441 -5.38143e-05 -0.00027684 0.000269841 -0.000263677 -0.00104457 -0.000156098 5.89993e-05 -0.00130037 -0.000564165 0.000593458 -0.00127998 0.00196947 0.000157887 -5.2351e-05 -1.03392e-05 6.98239e-05 -0.00257197 -0.00167643 -0.000539937 0.00237712 0.00120666 -7.24702e-05 -0.000360991 -0.00162568 0.000400968 -0.000580178 0.000158954 3.93808e-05 -0.00168069 -0.000668211 -0.00164167 0.00140871 -0.000261654 9.92847e-05 3.10953e-05 -0.000172077 -0.00117036

Run #5
Generation 0:
Best Fitness: 170.017
Average Fitness: 112.755
Best Individual: 100 100 100 100 100 100 100 100 100 100 100 100 100 100 100 100 100 100 100 100 100 100 100 100 100 100 100 100 100 100 100 100 100 100 100 100 100 100 100 100 100 100 100 100 100 100 100 100 99.1303 100

Generation 9943:
Best Fitness: 500000
Average Fitness: 500000
Best Individual: 0.000497984 -0.000154459 0.00145788 -0.00136221 0.00221133 -2.08896e-05 0.000540564 -0.00137212 2.66537e-05 -0.000776961 -0.000222629 -0.00056991 0.00035918 -0.000621913 -0.000149363 -0.000225455 -0.000197973 -0.000114251 0.000303456 -0.000684314 0.000789721 -0.00013338 0.000399401 -0.000647627 0.000312442 0.000724292 -0.000514851 0.00112177 0.000737088 -0.00185435 -0.00171967 0.000698823 -0.00259639 -0.00071659 -0.00160878 -0.000206033 -0.00174341 -0.000502915 -0.000381173 -0.000115022 -0.000472311 -0.000263067 -7.18601e-05 -0.000134408 0.000262805 0.000333413 0.00101457 6.08241e-05 0.000282341 0.00123664

Run #6
Generation 0:
Best Fitness: 201.901
Average Fitness: 118.488
Best Individual: 100 100 100 100 100 100 100 100 100 100 100 100 100 100 100 100 100 99.6047 100 100 100 100 100 100 100 100 100 100 100 100 100 100 100 100 100 100 100 100 100 100 100 99.2444 100 100 100 100 100 100 100 100

Generation 8920:
Best Fitness: 500000
Average Fitness: 500000
Best Individual: 5.2456e-05 0.000258302 9.56927e-05 0.000365728 0.00249683 0.000214036 7.75746e-05 0.000397212 -0.000695043 0.000374871 0.000862886 -1.81515e-05 0.00165031 0.000671789 -4.03747e-05 0.000239029 0.000253269 -0.000135514 0.000405305 -0.000799075 -0.000731891 0.00121182 -0.000243015 8.59077e-05 -0.000188508 0.000408921 0.000171561 -0.000253838 -0.000473368 0.00136791 0.000152791 -0.00224165 0.000321653 0.000835327 -0.000816304 0.000333653 0.000284081 0.000133623 5.20336e-05 0.000147687 0.00131681 -0.000403621 -0.000260904 -0.000160761 0.00311924 0.00136769 7.82687e-06 0.000662455 0.0031367 -0.000375685

Run #7
Generation 0:
Best Fitness: 181.9
Average Fitness: 116.722
Best Individual: 100 100 100 100 100 100 100 100 100 100 100 100 100 100 100 100 100 100 100 100 100 100 100 100 100 100 99.7496 100 100 100 100 100 100 100 100 99.2405 100 100 100 100 100 100 100 100 100 100 100 100 100 100

Generation 10000:
Best Fitness: 500000
Average Fitness: 500000
Best Individual: 0.000186104 0.0011721 -0.00301517 0.00237481 0.000801514 0.000255464 -0.00110147 -0.000607351 -0.0020157 5.63914e-05 0.000983266 -0.000142308 -0.00134729 0.00011376 0.000574937 0.000407372 0.00101408 0.000681606 0.000651027 0.00021846 5.91612e-05 -0.000269515 -0.000730587 0.000830722 9.29957e-05 0.00139173 0.0012617 0.00481583 -0.000120206 -0.000822376 5.5858e-05 -0.000261914 0.000215009 0.00151697 -2.75149e-05 -0.000960398 -0.000525542 0.000522749 -0.00066438 -0.000558518 -5.36899e-05 -1.66691e-06 0.000505532 0.00127346 -0.00109621 -0.000739569 -0.00123845 -0.000687582 8.28809e-05 0.00116061

Generation 10738:
Best Fitness: 500000
Average Fitness: 500000
Best Individual: 0.000186104 0.0011721 -0.00301517 -0.000439853 0.000801514 0.000255464 -0.00110147 -0.000607351 0.00134779 5.63914e-05 0.000632881 -0.000142308 0.000451999 0.00011376 0.000574937 0.000407372 0.00101408 0.000681606 0.000651027 0.00021846 5.91612e-05 -0.000269515 -0.000730587 0.000830722 9.29957e-05 0.00139173 0.0012617 -0.00136335 -0.000120206 -0.000822376 5.5858e-05 -0.000261914 0.000215009 0.00151697 -2.75149e-05 -0.000960398 0.00029415 0.000522749 -0.00066438 -0.000558518 -5.36899e-05 -1.66691e-06 0.000505532 -0.000626088 -0.00109621 -0.000739569 -0.00123845 -0.000687582 8.28809e-05 0.00116061

Run #8
Generation 0:
Best Fitness: 235.935
Average Fitness: 129.933
Best Individual: 100 100 100 100 100 100 100 100 100 100 100 100 100 100 100 99.5028 100 100 100 100 100 100 100 100 100 100 100 100 100 100 100 100 100 100 100 100 100 100 100 100 100 100 100 99.1833 100 100 100 100 100 100

Generation 10000:
Best Fitness: 500000
Average Fitness: 500000
Best Individual: -0.000683199 0.00223956 -0.00017401 0.00110413 -0.000716408 -0.000229627 -0.000996257 -0.000272261 0.000216754 -0.0001141 0.00082528 -0.00121825 -0.00167523 -0.001498 -4.01034e-05 -0.000527287 -4.08276e-05 -0.000108879 0.000229593 -0.000262526 0.000893174 0.000185257 0.000292431 0.00124773 0.00024052 0.000883261 -0.000748548 0.00024989 8.22269e-05 0.000102923 0.000825186 0.00440284 0.000996752 0.000231408 -0.0013346 0.000217779 0.000423141 -0.000382848 0.000806675 -0.000410018 0.000116921 -0.000108066 0.000111572 -0.00153429 0.00053142 -0.00156593 -0.000735565 0.000365388 0.000555453 -0.000555821

Generation 10146:
Best Fitness: 500000
Average Fitness: 500000
Best Individual: -0.000683199 0.000402035 -0.00017401 0.00110413 -0.000716408 -0.000229627 -0.000996257 -0.000272261 0.000216754 -0.0001141 0.00082528 -0.00121825 -0.00167523 -0.001498 -4.01034e-05 -0.000527287 -4.08276e-05 -0.000108879 0.000229593 -0.000262526 0.000893174 0.000185257 0.000292431 0.00124773 0.00024052 0.000883261 -0.000748548 0.00024989 8.22269e-05 0.000102923 0.000825186 0.00440284 0.000996752 0.000231408 -0.0013346 0.000217779 0.000423141 -0.000382848 0.000806675 -0.000410018 0.000116921 -0.000108066 0.000111572 -0.00153429 0.00053142 -0.00156593 -0.000735565 0.000365388 0.000555453 -0.000555821

Run #9
Generation 0:
Best Fitness: 179.563
Average Fitness: 102.21
Best Individual: 100 100 100 100 100 100 100 100 100 100 100 100 100 100 100 100 100 100 99.0902 100 100 100 100 100 100 100 100 100 100 100 100 100 100 100 100 100 100 100 100 100 100 100 100 100 100 100 100 100 100 100

Generation 10000:
Best Fitness: 500000
Average Fitness: 500000
Best Individual: -2.17612e-05 -2.23736e-05 -0.00111269 -0.00133842 -0.000798707 -0.000887868 0.00197436 2.50795e-05 0.00015956 -0.00194077 6.81595e-05 -0.0010593 0.00167414 0.00137055 0.00160641 -0.000186855 -8.1211e-05 0.00117708 0.000407179 0.000778952 0.000114969 0.00121548 -0.00130145 -0.000249043 0.0017582 0.000526377 -0.000517805 -0.000351804 -0.00029119 0.00115515 -0.000935188 0.000374828 0.00153767 0.00129476 0.00249905 -0.000208724 0.000484175 0.00020537 0.0028321 0.000130599 8.82034e-05 -0.000413584 -9.451e-05 0.000334219 0.000500311 0.00049095 4.77458e-05 0.00015662 -0.000120704 -0.000636079

Generation 10079:
Best Fitness: 500000
Average Fitness: 500000
Best Individual: -2.17612e-05 -2.23736e-05 -0.00111269 -0.00133842 -0.00074742 -0.000887868 0.00197436 2.50795e-05 0.00015956 -0.00194077 6.81595e-05 -0.0010593 0.00167414 0.00137055 0.00160641 -0.000186855 -8.1211e-05 0.00117708 -0.000403906 0.000778952 0.000114969 0.00121548 -0.00130145 -0.000249043 0.0017582 0.000526377 -0.000517805 -0.000351804 -0.00029119 0.00115515 0.000335252 0.000374828 0.00153767 0.00129476 0.00249905 -0.000208724 0.000484175 0.00020537 -0.000658986 0.000130599 8.82034e-05 -0.000413584 -9.451e-05 0.000334219 0.000500311 0.00049095 4.77458e-05 0.00015662 -0.000120704 -0.000636079

Run #10
Generation 0:
Best Fitness: 178.298
Average Fitness: 73.4335
Best Individual: 100 100 99.0957 100 100 100 100 100 100 100 100 100 100 100 100 100 100 100 100 100 100 100 100 100 100 100 100 100 100 100 100 100 100 100 100 100 100 100 100 100 100 100 100 100 100 100 100 100 100 100

Generation 10000:
Best Fitness: 500000
Average Fitness: 500000
Best Individual: -0.000688745 0.000392793 -0.000144255 0.00035385 7.43858e-05 4.77762e-05 -9.44929e-05 0.000638919 0.000447266 -0.0018904 0.00048117 0.00211704 -0.00155455 0.00112173 0.00105575 0.00029189 0.00325611 3.66459e-05 -7.7542e-06 -0.0010758 -0.00131861 0.00292986 0.000127817 -0.000246835 0.00273405 0.000394967 -0.00237457 0.000231863 -0.00133954 -0.000383599 0.00175874 -0.00137763 0.000526881 -0.00330067 0.000680909 -0.000405281 0.00023003 0.000840446 0.00015786 0.000719454 0.00196644 0.000435708 0.00150744 0.000152506 0.000374783 -0.00104895 0.00170148 0.000279201 5.18219e-05 0.000296212

Generation 11521:
Best Fitness: 500000
Average Fitness: 500000
Best Individual: -7.51399e-05 0.000392793 -0.000144255 0.00035385 7.43858e-05 4.77762e-05 -9.44929e-05 -0.000282516 0.000447266 -0.000510475 0.00048117 -0.000400399 -0.00155455 0.000726634 0.00105575 0.00029189 0.00325611 3.66459e-05 -7.7542e-06 -0.000169665 -0.00131861 0.00292986 0.000127817 -0.000246835 0.00112763 0.000173004 0.000213804 0.000231863 -0.00133954 -0.000383599 0.00175874 -0.000101548 0.000526881 0.00253144 0.000245236 -0.000405281 0.00023003 0.000840446 0.00015786 0.00051092 0.00145111 0.000435708 0.00150744 0.000152506 -5.51945e-05 -0.00104895 0.00162368 0.000279201 5.18219e-05 0.000296212



Cosine Annealing
Run #1
Generation 0:
Best Fitness: 196.352
Average Fitness: 70.7032
Best Individual: 100 99.0132 100 100 100 100 100 100 100 100 100 100 100 100 100 100 100 100 100 100 100 100 100 100 100 100 100 100 100 100 100 100 100 100 100 100 100 100 100 100 100 100 100 100 100 100 100 100 100 100

Generation 8981:
Best Fitness: 500000
Average Fitness: 500000
Best Individual: -0.000311285 0.000157827 5.56379e-05 -0.00291164 0.000877042 -0.000823804 0.00198977 -0.00137474 7.80534e-05 -0.00115134 -1.41031e-05 -0.00024871 -0.000405538 -0.00204484 3.71876e-05 0.00107605 -0.000828211 -0.00125426 -5.61971e-05 -0.00052575 3.07678e-05 -0.000562681 0.00197243 0.000313486 -0.000127543 0.00184758 0.000447444 -0.000302598 0.000395246 0.000309136 -0.000241636 0.00116599 0.00130675 -6.11299e-05 8.89254e-05 0.000184637 0.000389993 -0.000299685 0.00114225 2.58716e-05 -0.000344013 -0.000759847 0.000369567 -0.000159063 0.00117645 -0.00129468 -0.000301698 -0.000153558 -3.91904e-05 -0.00217037

Run #2
Generation 0:
Best Fitness: 180.135
Average Fitness: 93.9734
Best Individual: 100 100 100 100 100 100 100 100 100 100 100 100 100 100 100 100 100 100 100 100 100 100 100 100 100 100 100 100 100 100 100 100 100 100 100 100 100 100 100 100 100 100 100 100 100 100 100 100 100 99.0878

Generation 9933:
Best Fitness: 500000
Average Fitness: 500000
Best Individual: -0.00190494 -0.00128981 -0.000124627 0.000125994 0.00071862 0.000424271 0.000976583 -0.000158365 -0.000943337 0.000105982 0.000169592 0.000801925 0.00145916 0.00110879 -9.96862e-05 0.000118849 -7.09619e-05 0.000251081 -0.00195835 -0.000937862 -0.00124923 -0.000373395 -0.000624068 9.67328e-05 8.69194e-05 -0.000285743 0.00195795 0.000976177 0.000270619 0.00027485 0.000523766 -0.00131265 0.00182879 0.00223622 -0.000353679 -0.00213353 0.000369965 0.000400774 0.00037158 -0.00124173 -0.0013607 0.00114579 -0.000248127 0.00135639 0.000206072 -0.000216032 0.00013779 -0.000137691 -9.78653e-05 -0.00188208

Run #3
Generation 0:
Best Fitness: 300.116
Average Fitness: 112.36
Best Individual: 100 100 100 100 100 100 100 100 100 100 100 100 100 100 100 100 100 100 100 100 100 100 100 100 100 100 99.1882 100 100 100 100 100 100 100 99.2301 100 100 100 100 100 100 100 100 100 100 100 100 100 100 100

Generation 9873:
Best Fitness: 500000
Average Fitness: 500000
Best Individual: -0.00108882 0.00037176 0.000117677 -0.0005263 -0.00182004 -0.00174724 0.000263476 -3.19633e-06 0.000643302 0.000420201 0.000608923 0.000276085 0.000220453 -0.00209983 0.00075132 -0.000299608 0.000314319 0.00113737 0.000192349 0.000699246 -0.0025819 -8.46546e-05 -0.000239937 -0.000136882 0.000245259 -0.000206639 -2.21289e-05 -0.0013056 0.000595314 0.000943609 -3.57257e-05 0.00058784 -0.000148172 0.000156791 -0.000771748 -4.49506e-05 0.000523552 -5.93625e-06 -0.00044855 5.77623e-06 -0.00176192 -0.000602404 6.22587e-05 -4.57722e-05 -0.000652119 -6.08791e-05 -0.000330715 0.000194047 0.00403811 0.000453707

Run #4
Generation 0:
Best Fitness: 298.997
Average Fitness: 127.183
Best Individual: 100 100 100 100 100 100 100 100 100 100 100 100 100 100 100 100 100 100 100 100 100 100 100 100 100 100 100 100 100 100 100 100 100 99.3083 100 100 100 100 100 100 100 100 100 100 100 99.1108 100 100 100 100

Generation 9793:
Best Fitness: 500000
Average Fitness: 500000
Best Individual: -0.000862435 0.000520059 -0.00110606 -0.000153003 0.000142027 -0.000424312 -0.000936041 0.000246309 -0.000168573 -0.00112124 7.51432e-05 -0.000347118 0.000188068 0.000394489 0.000774185 0.000120429 0.000698088 -0.000391449 -0.00120358 -0.00271705 0.00187923 0.00121192 0.000276398 0.00181094 0.000111703 -0.00223393 0.0011476 -0.00157083 0.000699125 -0.000469463 4.9001e-05 -0.000923649 0.0017665 -0.000971049 0.000258685 0.000732674 -0.00134228 5.28918e-05 0.000427232 0.000306991 -0.000603179 0.00129619 -0.00072782 0.000121753 0.00175978 -4.48242e-05 -0.000905647 0.00047117 -0.000535541 -0.000385467

Run #5
Generation 0:
Best Fitness: 196.29
Average Fitness: 112.407
Best Individual: 100 100 100 100 100 100 100 100 100 100 99.0135 100 100 100 100 100 100 100 100 100 100 100 100 100 100 100 100 100 100 100 100 100 100 100 100 100 100 100 100 100 100 100 100 100 100 100 100 100 100 100

Generation 10000:
Best Fitness: 500000
Average Fitness: 500000
Best Individual: -0.000149824 -0.000353381 0.00182836 0.000327356 0.000645315 -0.00135664 -0.000227305 0.000231607 5.30281e-05 0.000554561 -0.000649818 -0.000143285 0.000622792 0.000314049 -0.000868377 8.85094e-08 8.57442e-05 0.000465139 0.00031333 0.000319023 0.00027209 -0.00084254 -0.000251175 0.00147574 0.000831143 -0.000304541 -0.000720138 -0.000289737 0.000578952 -0.000407556 -0.00102893 -0.00161261 -0.000269665 -0.0010175 -0.000783921 1.99188e-05 0.00604407 -0.000297321 -0.000117307 0.000489434 0.000329335 0.000130287 -0.00113459 -0.000277976 -0.000114732 -0.000263628 -0.00120743 -0.00113128 -0.000281352 1.88891e-05

Generation 10158:
Best Fitness: 500000
Average Fitness: 500000
Best Individual: -0.000149824 -0.000353381 0.00182836 0.000327356 0.000645315 -0.00135664 -0.000227305 0.000231607 5.30281e-05 0.000554561 -0.000649818 -0.000143285 0.000622792 0.000314049 -0.000868377 8.85094e-08 8.57442e-05 0.000465139 0.00031333 0.000319023 0.00027209 -0.00084254 -0.000251175 0.00147574 0.000831143 -0.000304541 -0.000720138 -0.000289737 0.000578952 -0.000407556 -0.00102893 -0.00161261 -0.000269665 -0.0010175 -0.000783921 1.99188e-05 -0.00245547 -0.000297321 -0.000117307 0.000489434 0.000329335 0.000130287 -0.00113459 -0.000277976 -0.000114732 -0.000263628 -0.00120743 -0.00105482 -0.000281352 1.88891e-05

Run #6
Generation 0:
Best Fitness: 214.871
Average Fitness: 92.8074
Best Individual: 100 100 100 100 99.0686 100 100 100 100 100 100 100 100 100 100 100 100 100 100 100 100 100 100 100 100 99.8189 100 100 100 100 100 100 100 100 100 100 100 100 100 100 100 100 100 100 100 100 100 100 100 100

Generation 9893:
Best Fitness: 500000
Average Fitness: 500000
Best Individual: -0.000185555 -0.00041109 0.000124089 -0.00315396 -0.000201918 -0.00107501 0.000264097 -2.04206e-05 -0.000163103 0.000591362 -0.000931863 -0.000216708 -4.93759e-05 -0.00113109 0.000809106 -0.000133001 -0.00167076 0.00064339 -0.00052464 -0.00176584 0.000284649 -4.33036e-05 -0.000369894 -0.000895839 0.000635157 0.000331944 -0.000560057 7.86152e-07 0.000104446 0.00110709 0.00235908 -0.000858816 0.000129779 0.000173999 -0.000354536 0.000417719 -0.00113579 -0.000820943 -0.000481372 0.000991861 -0.00209744 0.000482703 -0.000456253 0.00144661 -0.00026224 -0.000790606 0.000388548 0.00203204 -0.000115583 0.000104805

Run #7
Generation 0:
Best Fitness: 244.292
Average Fitness: 158.485
Best Individual: 100 100 100 100 100 100 100 100 100 100 100 100 100 99.302 100 100 100 100 100 100 100 100 99.3314 100 100 100 100 100 100 100 100 100 100 100 100 100 100 100 100 100 100 100 100 100 100 100 100 100 100 100

Generation 9783:
Best Fitness: 500000
Average Fitness: 500000
Best Individual: 0.00167757 -0.000304647 -0.00064504 -0.000108107 0.000689264 2.16921e-05 3.13601e-06 0.000402459 0.000693506 0.00101919 -6.82727e-05 0.00137576 0.000414801 -0.000417817 -0.00216976 -0.000232341 0.000623604 -0.000448432 0.0003143 0.00223101 -0.00025273 0.000115621 -0.00050345 -0.00196169 -0.001442 -0.0011483 2.41104e-06 0.00143614 -0.00158421 -0.000832004 -0.00149378 -6.63229e-05 -0.00146401 0.000251714 0.000453328 0.0023221 0.000401424 0.000296494 0.00175411 0.000589891 -0.000178634 6.5684e-05 0.000976888 0.000934685 -0.000422644 2.79142e-05 0.000151057 0.00055296 -0.000910473 0.00137882

Run #8
Generation 0:
Best Fitness: 200.701
Average Fitness: 79.8747
Best Individual: 100 100 100 100 100 100 99.3579 100 100 100 100 100 100 100 100 100 100 100 100 99.4557 100 100 100 100 100 100 100 100 100 100 100 100 100 100 100 100 100 100 100 100 100 100 100 100 100 100 100 100 100 100

Generation 9081:
Best Fitness: 500000
Average Fitness: 500000
Best Individual: -0.000671799 0.000136082 0.000817443 -0.000200365 -0.000955369 0.000479403 -0.000626493 -0.000179953 0.000348778 0.000229596 -3.40829e-05 -0.000602094 1.96331e-05 0.000130285 0.00211368 8.92004e-05 0.000222845 0.000287164 -0.00189557 -0.00155953 0.000313543 7.38715e-05 0.000231773 8.29088e-05 -4.31289e-05 0.0013657 -6.60369e-05 0.00107523 0.000675976 0.000487604 0.000975958 0.000142497 -0.000419781 9.21077e-05 -0.000120358 -0.000553355 -0.000327476 -0.000182258 0.000234955 -4.93292e-05 -0.00251235 -0.00105642 -6.01588e-06 -0.000667294 0.00102658 -0.000608403 -1.69055e-05 -0.00289702 0.000334977 0.00138878

Run #9
Generation 0:
Best Fitness: 303.349
Average Fitness: 171.38
Best Individual: 100 100 100 100 100 100 100 100 100 100 100 100 100 100 100 100 99.0252 100 100 100 100 100 100 100 100 100 100 99.3671 100 100 100 100 100 100 100 100 100 100 100 100 100 100 100 100 100 100 100 100 100 100

Generation 9719:
Best Fitness: 500000
Average Fitness: 500000
Best Individual: -0.000192662 -7.56764e-05 0.000969964 0.00131639 0.000759916 -0.00117068 -4.13275e-06 8.83159e-05 0.000217056 -0.000287069 -0.00043647 -0.000664725 -0.000745997 5.49636e-06 0.00037944 0.000391484 4.88286e-05 -0.000346028 0.00149138 0.000306512 0.00114759 -0.00166666 -0.000508275 0.000602195 0.000764724 0.00085547 0.000906188 0.00116423 -0.00125111 -0.00115655 -0.000234712 -0.000443398 -0.00229881 0.000344402 -0.000793459 -0.000236744 0.000760043 -0.000127842 -0.00346985 0.000237647 0.000388663 -0.0017469 0.000100244 8.21602e-05 -0.000960203 0.00145081 0.000556299 -0.000709062 -0.0005858 0.000453356

Run #10
Generation 0:
Best Fitness: 190.08
Average Fitness: 104.87
Best Individual: 100 100 100 100 100 100 100 100 100 100 100 100 100 100 100 100 100 100 100 100 100 100 100 100 100 100 100 100 100 100 99.0432 100 100 100 100 100 100 100 100 100 100 100 100 100 100 100 100 100 100 100

Generation 9103:
Best Fitness: 500000
Average Fitness: 500000
Best Individual: 0.000173543 0.000312709 -0.000284506 -0.000459473 -0.00101237 8.0327e-05 -0.000926987 -0.000112361 -0.000198687 -0.000607841 -0.00103785 -0.000291528 0.000651178 -0.000438951 -0.000842537 0.00168698 0.000473778 0.000251973 -0.00134881 -0.00052257 0.000349622 3.53054e-05 -0.000535285 0.00107213 -0.00242561 -0.00337035 0.000116262 -0.000830883 -0.000249184 0.000444971 0.000936201 -0.000165633 0.00223744 -1.70901e-05 -0.00192589 -0.000190111 0.000426999 9.67188e-06 0.000486333 -0.000340312 -0.00034287 -0.0009147 -2.24983e-05 0.000207884 -1.61071e-05 0.000712658 -0.00209571 0.00038173 -0.00049828 0.00189885



Average Fitness
Run #1
Generation 0:
Best Fitness: 196.216
Average Fitness: 82.3047
Best Individual: 100 100 100 100 100 100 100 100 100 100 100 100 100 100 100 100 100 100 100 100 100 100 100 100 100 100 100 100 100 100 100 100 100 100 99.0139 100 100 100 100 100 100 100 100 100 100 100 100 100 100 100

Generation 10000:
Best Fitness: 500000
Average Fitness: 500000
Best Individual: 0.00349538 0.00120662 -6.43042e-05 0.000720398 -0.00344999 -0.00103005 -3.08898e-05 3.24438e-05 -0.000248668 0.000425458 -0.00136645 9.58132e-06 -0.000232617 0.00110824 -0.00122859 -0.00130628 0.00179895 0.000741409 -0.000842674 0.00246687 0.0006426 -0.000255958 -9.5513e-05 0.000574021 -0.000584538 -0.000544103 -0.000917293 -0.000517377 -7.94581e-05 0.000431894 0.000507166 -0.000201683 0.000697149 -0.000353064 0.00090595 0.000855243 -0.000237148 -0.000987211 0.000307721 -0.000322367 -0.000107494 -0.00283218 -7.11873e-05 0.00162091 -0.000968015 6.85598e-05 -0.00158583 -0.00212549 -0.000660355 0.000303289

Generation 10425:
Best Fitness: 500000
Average Fitness: 500000
Best Individual: -0.00110388 0.00120662 -6.43042e-05 0.000720398 -0.0012527 0.000247889 -3.08898e-05 3.24438e-05 -0.000248668 0.000425458 -0.00136645 9.58132e-06 -0.000232617 0.00110824 -0.00122859 -0.00130628 0.00179895 0.000741409 -0.000842674 0.00246687 0.0006426 -0.000255958 -9.5513e-05 0.000442985 -0.000584538 -0.000544103 -0.000917293 -0.000517377 -7.94581e-05 0.000431894 0.000507166 -0.000201683 0.000697149 -0.000353064 0.00090595 0.000855243 -0.000237148 -0.000987211 0.000307721 -0.000322367 -0.000107494 -0.00283218 -7.11873e-05 0.00162091 -0.000968015 6.85598e-05 -0.00158583 -0.00212549 -0.000660355 0.000303289

Run #2
Generation 0:
Best Fitness: 189.645
Average Fitness: 112.005
Best Individual: 100 100 100 100 100 100 100 100 100 100 100 100 100 100 100 99.0452 100 100 100 100 100 100 100 100 100 100 100 100 100 100 100 100 100 100 100 100 100 100 100 100 100 100 100 100 100 100 100 100 100 100

Generation 10000:
Best Fitness: 500000
Average Fitness: 500000
Best Individual: -0.000187957 0.000534213 0.000221301 0.000538507 -0.00138077 0.00027819 5.58785e-05 0.00374311 -0.000206397 -0.000519186 8.89364e-05 -0.000343242 0.000742654 -0.000439612 0.00155813 -0.000648167 0.000219821 -0.000220212 -0.000125028 0.000690085 -0.000393716 0.00103585 0.000358757 -0.00258583 0.000729938 0.00209602 -9.88375e-05 0.000704505 -0.000134547 0.00102586 -0.000852661 0.000731143 -0.00114833 -0.00419197 -6.48702e-05 -8.33579e-05 0.000645679 0.000861128 0.00141531 0.000112357 -0.000298199 0.000331913 -9.6311e-05 -8.12167e-05 -0.000159443 -0.000232461 0.000109086 -0.000750699 0.00133135 7.2187e-05

Generation 10116:
Best Fitness: 500000
Average Fitness: 500000
Best Individual: -0.000187957 0.000534213 0.000221301 0.000538507 -0.00138077 0.00027819 5.58785e-05 0.00374311 -0.000206397 -0.000519186 8.89364e-05 -0.000343242 0.000742654 -0.000439612 0.00155813 -0.000648167 0.000219821 -0.000220212 -0.000125028 0.000690085 -0.000393716 0.00103585 0.000358757 -0.00258583 0.000729938 0.00209602 -9.88375e-05 0.000704505 -0.000134547 0.00102586 -0.000852661 0.000731143 -0.00114833 -0.000526155 -6.48702e-05 -8.33579e-05 0.000645679 0.000861128 0.00141531 0.000112357 -0.000298199 0.000331913 -9.6311e-05 -8.12167e-05 -0.000159443 -0.000232461 0.000109086 -0.000750699 0.00133135 7.2187e-05

Run #3
Generation 0:
Best Fitness: 260.507
Average Fitness: 142.95
Best Individual: 100 100 100 100 99.111 99.4703 100 100 100 100 100 100 100 100 100 100 100 100 100 100 100 100 100 100 100 100 100 100 100 100 100 100 100 100 100 100 100 100 100 100 100 100 100 100 100 100 100 100 100 100

Generation 10000:
Best Fitness: 500000
Average Fitness: 500000
Best Individual: 0.000725986 -0.000821629 -0.000829521 -0.00142856 0.000319107 -5.06351e-05 -0.000138425 -0.000374564 0.000560436 -0.000398614 0.000413955 -0.0031602 0.00125335 0.000609179 0.000269779 -0.000335703 -0.00028862 -0.00170333 -0.000705778 0.000968734 -0.000788493 -0.000900251 -0.00134302 0.000620957 9.90181e-05 -0.00120085 -0.000304491 0.00070478 0.000127705 0.000228623 -0.000272245 0.00170899 -0.000301054 -0.000947776 0.000322003 0.00291909 -0.000655212 -5.28181e-05 0.000138032 0.000261511 -0.000374647 5.78232e-05 0.000217815 0.00373716 4.72134e-06 0.000971924 0.000695287 -0.00107873 -0.00178684 1.67758e-05

Generation 10783:
Best Fitness: 500000
Average Fitness: 500000
Best Individual: 0.000725986 -0.000821629 0.000569359 -0.000660475 0.000290771 -5.06351e-05 -0.000138425 -0.000374564 -8.23727e-05 -0.000398614 0.000413955 -0.00220814 0.00125335 4.41166e-05 0.000269779 -0.000167679 -0.00028862 -0.00170333 -0.000705778 0.000162459 -0.000788493 -0.000900251 -0.00134302 0.000620957 9.90181e-05 -0.00120085 -0.000304491 0.00070478 0.000127705 0.000228623 -0.000272245 6.37214e-05 -0.000301054 -0.000947776 0.000322003 0.00291909 -0.000655212 -5.28181e-05 0.000138032 0.000261511 -0.000374647 5.78232e-05 -0.000107927 0.00373716 4.72134e-06 -0.000615217 0.000695287 -0.00107873 -0.00178684 1.67758e-05

Run #4
Generation 0:
Best Fitness: 194.714
Average Fitness: 102.008
Best Individual: 99.0212 100 100 100 100 100 100 100 100 100 100 100 100 100 100 100 100 100 100 100 100 100 100 100 100 100 100 100 100 100 100 100 100 100 100 100 100 100 100 100 100 100 100 100 100 100 100 100 100 100

Generation 9424:
Best Fitness: 500000
Average Fitness: 500000
Best Individual: -0.000414518 0.00157414 -0.00125976 -0.000802244 -0.000410731 0.00110495 -0.000495182 0.000184733 0.000455043 0.000758089 -0.00117615 -0.00139345 0.000171108 0.000101732 -0.000592647 0.000787345 -7.21178e-05 0.00200327 -0.00306269 0.0003621 0.000397201 0.000904576 0.00100658 0.000225555 -0.000176275 -0.000577924 -0.000730659 0.00212488 0.000485231 0.000854576 0.00170469 0.00138776 -0.000690818 -0.00075579 0.000676628 -0.000413434 -0.000489092 0.00103705 0.000180147 0.000102286 -0.000308417 0.000224099 0.000539334 -0.00081477 7.95132e-05 0.000105427 0.000867757 0.000788979 0.000566688 0.000329686

Run #5
Generation 0:
Best Fitness: 150.229
Average Fitness: 62.9066
Best Individual: 100 100 100 100 100 100 100 100 100 100 100 100 100 100 100 100 100 100 100 100 100 100 100 100 100 100 100 100 100 100 100 100 100 100 100 100 100 100 100 100 100 100 100 100 100 100 100 99.2086 100 100

Generation 9755:
Best Fitness: 500000
Average Fitness: 500000
Best Individual: 0.000900279 -0.00121001 0.00216709 0.00152412 -0.000732936 0.00178006 -0.000108726 -0.00044518 0.000748446 -0.000589014 0.00010171 -0.00120551 0.000741393 0.00117005 0.000625083 -0.00126258 0.00019562 -0.000730102 0.000791438 0.000908472 8.32963e-05 0.000519347 -0.000829652 -6.09529e-05 9.03129e-05 -0.00017452 -0.00234209 -0.00051085 -9.19489e-05 -0.000485843 -0.000219848 0.000656003 -0.000887398 -0.00133327 -0.000146142 -0.000782083 -0.00198221 -0.00132276 -0.000457788 -0.000212519 -0.000678907 0.00186946 2.80651e-05 0.0011192 0.000368623 9.50598e-05 -0.00118456 -0.000553951 0.000191746 -4.70401e-05

Run #6
Generation 0:
Best Fitness: 295.709
Average Fitness: 135.987
Best Individual: 100 100 100 100 100 100 100 100 100 100 100 100 100 100 100 100 100 100 100 100 100 100 100 100 100 100 100 100 100 100 100 100 100 100 100 100 100 100 100 100 100 100 100 100 100 100 100 100 99.3958 99.0286

Generation 8866:
Best Fitness: 500000
Average Fitness: 500000
Best Individual: -0.000728176 0.000851029 -0.00129882 2.21709e-05 2.61027e-05 -0.000539425 -0.000494919 -0.000762708 -0.000970333 -0.000598858 -0.00253511 -0.000732567 0.000768076 -0.000247765 0.000724448 -5.88883e-06 -1.43275e-05 -0.000580937 0.00232381 0.00096116 -0.000588485 0.000219736 8.46869e-05 -0.000667424 0.00070936 0.000301985 -0.000139796 -0.000482097 -0.00141251 -0.00109842 0.000831309 -0.000343077 0.000163916 -0.00119318 -0.000668989 2.4002e-05 -0.000758203 -0.00228298 0.000313964 2.14917e-05 1.84008e-06 0.00122904 -0.00112771 -0.00171357 0.000428236 -0.000195175 0.00067034 -0.00141 -0.00219155 -0.000102034

Run #7
Generation 0:
Best Fitness: 305.925
Average Fitness: 105.654
Best Individual: 100 100 100 100 100 100 99.3678 100 100 100 100 100 100 100 100 100 100 100 100 100 100 100 99.0118 100 100 100 100 100 100 100 100 100 100 100 100 100 100 100 100 100 100 100 100 100 100 100 100 100 100 100

Generation 10000:
Best Fitness: 500000
Average Fitness: 500000
Best Individual: -0.000685432 0.000237567 0.00071829 9.79142e-05 0.000352272 0.00444741 0.00113951 0.00357331 0.00215106 0.00119083 0.000593537 7.1134e-06 -0.000799944 -0.00104113 -1.83795e-05 0.000433297 -0.000105821 -0.000971436 0.000455851 -0.00194987 0.000112467 0.000174905 -0.000191729 0.000452567 -0.000684845 0.000334656 0.000629494 -0.00160858 -3.72458e-05 0.000609478 -0.000144365 0.000591201 -0.000315407 -0.00140022 0.000458549 -0.00168806 -0.0011045 -0.000255259 0.000571635 -0.000640551 -0.000188253 0.00100733 4.10973e-05 -8.02667e-05 0.000472188 -0.000410458 0.000596349 0.000341748 -6.71058e-05 0.000676199

Generation 10371:
Best Fitness: 500000
Average Fitness: 500000
Best Individual: -0.000685432 0.000237567 -0.000496438 9.79142e-05 6.14315e-05 0.00263822 0.00113951 0.00357331 0.00215106 0.00119083 0.000177875 7.1134e-06 -0.000799944 -0.00104113 -1.83795e-05 0.000433297 -0.000105821 -0.000971436 0.000455851 -0.00194987 0.000112467 0.000174905 -0.000191729 0.000452567 -0.000684845 0.000334656 0.000629494 -0.00160858 -3.72458e-05 0.000609478 -0.000144365 0.000327932 -0.000315407 -0.000136961 0.000458549 -0.00168806 -0.0011045 -0.000255259 0.000571635 -0.000640551 -0.000188253 0.00100733 4.10973e-05 -8.02667e-05 0.000472188 -0.000410458 0.000596349 0.000341748 -6.71058e-05 0.000676199

Run #8
Generation 0:
Best Fitness: 276.94
Average Fitness: 127.439
Best Individual: 100 100 100 100 100 100 100 100 100 100 100 100 100 100 100 100 100 100 100 99.0354 100 100 100 100 100 100 100 100 100 100 100 100 100 100 100 99.4733 100 100 100 100 100 100 100 100 100 100 100 100 100 100

Generation 8331:
Best Fitness: 500000
Average Fitness: 500000
Best Individual: -0.000372991 -0.000557759 -0.00274186 0.00176718 0.000657897 0.00257664 -9.53726e-05 0.000292322 -0.000402151 0.00100175 -0.00145079 -0.000249185 0.000291592 -0.00132194 0.000294418 0.000678866 -0.00217129 0.000421882 -0.00104217 5.9522e-05 0.00122403 0.00202646 0.00028044 -0.000497643 9.24838e-05 -0.00128466 -0.000324601 0.000435993 0.000388816 -0.000148559 0.000495192 0.000196557 0.000531853 -6.29187e-05 -0.000336176 -0.000882919 0.000824449 -0.000122621 -0.000280127 -0.000406983 -0.000298867 -0.000538758 -0.000905022 0.000108302 1.37508e-05 1.31434e-05 -0.00181162 -0.000168032 0.000412082 -0.000304976

Run #9
Generation 0:
Best Fitness: 195.497
Average Fitness: 92.9999
Best Individual: 100 100 100 100 100 100 100 100 100 100 100 100 100 100 100 100 100 100 100 100 100 100 100 100 100 100 100 100 100 100 100 100 100 100 100 100 100 99.0174 100 100 100 100 100 100 100 100 100 100 100 100

Generation 9573:
Best Fitness: 500000
Average Fitness: 500000
Best Individual: 2.07837e-05 0.000313351 -0.00029107 -0.00161545 -2.32199e-05 9.70654e-05 -0.00191829 -0.000322735 0.000119681 -0.000855648 0.00126302 -0.000627645 0.000991856 -6.85241e-05 0.000498448 0.000324222 0.000744912 0.000111633 0.00311468 -0.00118592 0.00202853 0.00143692 -2.43914e-05 -0.000222459 -0.000451063 -0.000202427 -0.00128553 0.000604501 -0.000652892 0.000200221 0.000426626 -0.000506751 0.000432736 0.000623748 0.000282768 0.000647329 -0.00127385 0.000338241 -0.0028708 3.95045e-06 0.000287967 6.16926e-05 -0.000789412 -0.000757502 0.000481567 -0.000590123 -0.00158356 -0.000116647 -0.00021969 0.000219111

Run #10
Generation 0:
Best Fitness: 251.229
Average Fitness: 129.604
Best Individual: 100 100 100 100 100 100 100 100 100 100 100 100 100 100 100 99.4854 100 100 100 100 99.1364 100 100 100 100 100 100 100 100 100 100 100 100 100 100 100 100 100 100 100 100 100 100 100 100 100 100 100 100 100

Generation 9118:
Best Fitness: 500000
Average Fitness: 500000
Best Individual: 0.000624519 -0.0013869 0.000204956 0.00100123 -0.00126522 0.00180295 0.00218412 0.00137634 0.000311243 0.00104427 0.000713779 6.2708e-05 0.00115688 -0.00147198 -0.00198843 -0.000243241 -0.000739216 -8.06721e-05 -0.000111376 -0.00084699 -0.00185623 0.00113254 0.000536206 -0.00153445 -0.000504501 -0.00014135 0.000285983 0.000826659 0.00119572 -0.000252591 -0.000585044 0.000576778 0.000234105 0.000928865 0.000282758 -0.000421269 -0.000758583 -0.00024734 0.000313344 -0.000343294 0.00169779 0.00211564 0.00157339 -0.000892225 -0.000853591 -0.000104504 0.000310041 -0.000704441 -0.000230732 0.000107392



Mating Distance
Run #1
Generation 0:
Best Fitness: 268.688
Average Fitness: 79.3921
Best Individual: 100 100 100 100 99.1115 100 100 100 100 100 100 100 100 100 100 100 100 100 100 99.4321 100 100 100 100 100 100 100 100 100 100 100 100 100 100 100 100 100 100 100 100 100 100 100 100 100 100 100 100 100 100

Generation 9277:
Best Fitness: 500000
Average Fitness: 500000
Best Individual: 0.00148845 0.0010419 -0.00112236 2.70879e-05 2.97554e-05 0.000152065 0.00010259 -0.000291104 -0.000756916 -0.000262937 -0.000132206 0.000782081 -0.000129958 -0.000753407 0.00057906 -0.00019229 0.000186588 4.03036e-05 -0.000873402 0.000775719 -0.000934185 0.00260042 -0.000340812 -0.000558182 -0.000644354 -0.00155181 -8.62026e-05 -0.000680841 -0.00122973 -0.00104218 -0.000378233 -0.00104849 -0.00167975 -0.00330939 -0.00100083 5.87882e-06 0.00148072 0.0012569 0.000619044 -0.000493446 1.6808e-05 0.000182941 -3.97293e-05 -9.49044e-05 0.00155568 -0.00171997 -0.000102641 -0.00124768 0.000415212 0.000119978

Run #2
Generation 0:
Best Fitness: 239.161
Average Fitness: 113.117
Best Individual: 100 100 100 100 100 100 100 100 100 100 100 100 100 100 100 100 100 100 100 100 100 100 100 100 100 100 100 100 100 100 100 100 100 100 100 100 100 100 100 100 100 100 100 100 100 100 99.6685 100 99.0534 100

Generation 9919:
Best Fitness: 500000
Average Fitness: 500000
Best Individual: -9.45578e-05 0.00012856 -0.000370197 0.00177496 0.000447692 -0.00082144 -0.00180198 0.000385131 0.00129703 0.000277842 -0.00213357 7.20767e-05 -6.02127e-05 -0.000834795 0.00059497 0.000584859 -0.000513322 0.00103459 -0.000678813 -0.000402965 -0.000606699 -0.00107224 0.000679011 0.000242774 -0.00022317 -0.000327495 0.00228632 0.000957643 -0.000124769 0.00122949 -9.16929e-05 0.0010848 -0.000898391 -0.000413469 -0.000606949 -0.00159044 0.000424811 0.000185255 0.000261194 -0.00154236 0.00121103 -0.00228432 -0.000454423 -0.00211502 -0.000208117 8.46711e-05 1.68801e-05 -0.000716082 0.000897925 0.000709735

Run #3
Generation 0:
Best Fitness: 308.539
Average Fitness: 84.9947
Best Individual: 100 100 100 100 100 100 100 100 100 100 100 99.2443 100 100 100 100 99.1401 100 100 100 100 100 100 100 100 100 100 100 100 100 100 100 100 100 100 100 100 100 100 100 100 100 100 100 100 100 100 100 100 100

Generation 10000:
Best Fitness: 500000
Average Fitness: 500000
Best Individual: -0.000110091 0.00221453 0.00117914 0.000721699 -0.000902005 0.000904861 0.00061195 -0.000491941 -0.000376832 0.00213899 0.000599391 0.000637617 0.000166909 -0.000108967 0.000744034 0.00029115 -0.00183587 2.49143e-05 0.00115709 0.000134775 0.00043119 0.00050006 -5.62784e-05 0.000618193 9.60742e-05 -0.000597121 -1.77486e-05 0.00445694 0.00133699 -0.0018767 -0.000568825 0.00191293 -0.00225982 0.0009742 -0.000445225 -0.00141883 -3.22034e-06 -0.000327757 -0.000206346 0.00017546 0.000227703 0.000491773 -0.00149071 -0.000784279 0.000942144 -9.52311e-05 0.00072972 0.000382323 0.000366821 -0.00034707

Generation 10192:
Best Fitness: 500000
Average Fitness: 500000
Best Individual: -0.000110091 0.00221453 0.00117914 0.000721699 -0.000902005 0.000904861 0.00061195 -0.000491941 -0.000376832 -0.000359743 0.000599391 -0.000301544 0.000166909 -0.000108967 0.000744034 0.00029115 -0.00183587 2.49143e-05 0.00115709 0.000134775 0.00043119 0.00050006 -5.62784e-05 0.000618193 9.60742e-05 -0.000597121 -1.77486e-05 -0.000926304 0.00133699 -0.0018767 -0.000568825 0.00191293 -0.00225982 0.0009742 -0.000445225 -0.00141883 -3.22034e-06 -0.000327757 -0.000206346 0.00017546 0.000227703 0.000491773 -0.00149071 -0.000784279 0.000942144 -9.52311e-05 0.00072972 0.000382323 0.000366821 -0.00034707

Run #4
Generation 0:
Best Fitness: 141.258
Average Fitness: 80.1797
Best Individual: 100 100 100 100 100 100 100 100 100 100 100 100 100 100 100 100 100 100 100 100 100 100 100 100 100 100 100 100 100 100 100 100 100 100 100 100 100 100 100 100 100 100 100 100 100 100 99.243 100 100 100

Generation 10000:
Best Fitness: 500000
Average Fitness: 500000
Best Individual: -0.00059676 -0.00161871 -0.00136292 0.000739857 0.000288842 0.000325978 0.00026977 0.000601934 6.99316e-05 4.27545e-05 -0.00262822 0.000409359 -0.000719205 0.000128855 -0.00165617 -0.000374017 0.000573621 0.00147385 0.000146904 -0.000409854 -0.00115051 0.000788833 -0.000116986 -0.0020223 -0.000623364 0.000529197 -0.000466508 -0.000163288 0.000702168 0.00105919 0.0040052 -0.000117705 0.000259111 -0.000182757 -0.000387557 0.00056043 -0.000230332 0.00198909 0.00291968 -0.00102331 -4.79126e-05 0.00167965 0.00115907 0.00019671 -0.00215157 -0.000332515 -0.000225466 0.0001874 0.000580577 0.000429621

Generation 10509:
Best Fitness: 500000
Average Fitness: 500000
Best Individual: -0.00059676 -0.000436865 -0.000380395 0.000739857 0.000288842 0.000325978 0.00026977 0.000601934 6.99316e-05 4.27545e-05 0.00114152 0.000409359 -0.000719205 0.000128855 -0.00165617 -0.000374017 0.000573621 -0.000658269 0.000146904 -0.000409854 -0.00115051 0.000788833 -0.000116986 0.00137788 -0.000623364 0.000529197 -0.000466508 -0.000163288 0.000702168 0.00105919 0.0040052 -0.000117705 0.000259111 -0.000182757 -0.000387557 0.00056043 -0.000230332 -0.000197145 0.00291968 0.00042859 -4.79126e-05 0.00167965 0.00115907 0.00019671 -0.00215157 -0.000332515 -0.000225466 0.0001874 0.000580577 0.000429621

Run #5
Generation 0:
Best Fitness: 177.044
Average Fitness: 118.872
Best Individual: 100 100 100 100 100 100 100 100 100 100 100 100 100 100 100 100 100 100 100 100 100 100 100 100 100 100 100 100 100 100 100 100 99.101 100 100 100 100 100 100 100 100 100 100 100 100 100 100 100 100 100

Generation 8696:
Best Fitness: 500000
Average Fitness: 500000
Best Individual: 0.000621253 0.00143808 -1.3532e-05 0.00014918 0.00117186 -6.25371e-05 -0.000174072 0.00014106 0.000746797 -6.62871e-05 0.000338836 -0.000490114 0.000879757 -0.00167378 -0.000295623 0.000229117 0.00027161 0.00104346 -0.00142897 -0.000316282 0.000257504 -0.000652682 -0.00116993 -0.000947221 -0.0011508 0.00100334 0.000188162 0.000337769 -0.00342748 -0.000339724 7.43191e-05 0.000702949 0.000828995 -0.000955512 0.000625978 -0.000340523 -0.00212463 -0.00128156 0.000378448 -0.000482803 0.00144904 -0.000164954 -0.000930366 -0.00145003 0.000127722 0.00158798 -0.000787599 0.00188011 0.000378705 0.000208411

Run #6
Generation 0:
Best Fitness: 179.207
Average Fitness: 144.249
Best Individual: 100 100 100 100 100 100 100 100 100 100 100 100 100 100 100 100 100 100 100 100 100 100 100 99.0918 100 100 100 100 100 100 100 100 100 100 100 100 100 100 100 100 100 100 100 100 100 100 100 100 100 100

Generation 9907:
Best Fitness: 500000
Average Fitness: 500000
Best Individual: 0.0003656 -0.000330787 1.34139e-05 -0.000422888 -9.68083e-05 0.000612467 0.000377985 -0.00127956 0.00246253 -0.00127573 0.00117768 -0.000698105 0.0015566 0.00145437 -0.000640465 -4.6473e-05 -0.000630032 -9.93499e-06 -0.000849294 8.49069e-05 -0.00122028 0.000690251 0.000620044 -0.000113385 0.000695801 -0.00319306 -6.05133e-05 -0.00105964 0.000396612 -0.000469165 0.000625641 -0.000782477 -0.000786956 3.22762e-05 -0.000215191 0.00095785 0.000324301 -0.000205882 -0.000249566 0.000724058 -0.000644639 0.000544146 -0.000384402 0.000162209 -0.0002633 0.000518025 0.00160059 -0.000500456 -6.33501e-05 0.000275262

Run #7
Generation 0:
Best Fitness: 186.078
Average Fitness: 74.7412
Best Individual: 100 100 100 100 100 100 100 100 100 100 100 100 100 100 100 100 100 100 100 100 100 100 100 100 99.0615 100 100 100 100 100 100 100 100 100 100 100 100 100 100 100 100 100 100 100 100 100 100 100 100 100

Generation 10000:
Best Fitness: 500000
Average Fitness: 500000
Best Individual: -0.00301501 0.00391423 0.00049884 -0.00105964 0.000837244 0.000812236 0.00149801 -0.00118166 0.000650008 -0.000153127 0.00155685 -0.000360879 -0.000122945 -0.00033243 -0.000271474 -0.000274434 0.000618293 0.000196147 0.00108981 0.000731926 0.00238975 0.000877772 -0.000822902 -0.00216719 -0.000466555 0.00141225 0.000140118 0.000483981 -0.000524711 -0.000145625 0.00154888 -6.30964e-05 0.000330263 -0.000555949 0.00145087 0.000611466 0.00115503 0.000328128 0.00211436 0.000168221 0.000855107 0.00111454 -0.000334518 0.000276494 2.74522e-05 0.000283584 -0.00151597 0.000738002 -0.000269788 -0.000271712

Generation 10556:
Best Fitness: 500000
Average Fitness: 500000
Best Individual: -0.00301501 0.00076553 0.00049884 0.000469555 0.000837244 0.000812236 0.00149801 -0.00118166 0.000650008 -0.000153127 0.00155685 0.000243883 -0.000122945 -0.00033243 -0.000271474 -0.000274434 0.000618293 0.000196147 0.00108981 0.000731926 0.00238975 0.000877772 -0.000822902 0.000564327 -0.000466555 0.00141225 0.000140118 0.000483981 -0.000524711 -0.000145625 0.00154888 -6.30964e-05 0.000330263 -0.000555949 0.00145087 0.000611466 0.00115503 0.000328128 0.00211436 0.000168221 0.000737194 0.00111454 -0.000334518 0.000276494 2.74522e-05 0.000283584 -0.00151597 0.000738002 -0.000269788 -0.000271712

Run #8
Generation 0:
Best Fitness: 194.179
Average Fitness: 84.5261
Best Individual: 100 100 100 100 100 100 99.0238 100 100 100 100 100 100 100 100 100 100 100 100 100 100 100 100 100 100 100 100 100 100 100 100 100 100 100 100 100 100 100 100 100 100 100 100 100 100 100 100 100 100 100

Generation 8670:
Best Fitness: 500000
Average Fitness: 500000
Best Individual: 0.00156013 0.000138113 -0.00141592 -0.000688311 -0.000541786 -0.00162981 8.42731e-05 0.00153857 0.000608514 -0.000248643 -2.54076e-05 0.000830929 0.000436945 -0.00157807 -0.000334026 1.24176e-05 0.000443996 0.000502001 0.00070785 0.00361484 -0.00116992 -0.00107303 -0.000737125 -0.000241274 -0.000285054 -3.48474e-05 0.00044897 0.00112786 0.000556988 -0.00171253 0.000926136 0.00057694 -0.000944022 0.000163 0.000705243 -0.00129582 -0.000262004 0.00100577 0.000938922 0.00206448 3.47369e-05 -0.000965777 -0.000637082 -0.000352327 0.000371307 0.00141553 -0.000192708 -4.7853e-05 9.23841e-05 1.6974e-06

Run #9
Generation 0:
Best Fitness: 188.781
Average Fitness: 90.9923
Best Individual: 100 100 100 99.0492 100 100 100 100 100 100 100 100 100 100 100 100 100 100 100 100 100 100 100 100 100 100 100 100 100 100 100 100 100 100 100 100 100 100 100 100 100 100 100 100 100 100 100 100 100 100

Generation 10000:
Best Fitness: 500000
Average Fitness: 500000
Best Individual: -3.47208e-05 0.00229102 0.00157609 3.79665e-05 0.000816606 -0.0010192 -0.00149095 -0.000766035 -0.00320302 0.000175659 0.000559503 -0.000478111 -1.85452e-06 -5.90063e-05 -0.000142574 0.00303095 9.39833e-05 0.000494715 0.0010883 0.00145604 -0.000601758 -0.000203894 0.000422281 0.00105661 0.000161551 -0.00095814 -0.000311692 -0.00364012 0.000996044 0.000847319 -0.00251897 -0.00145587 -0.00101182 0.000510993 -0.00110891 -0.000537515 -0.00108325 -0.00237941 0.00190309 -0.000232546 -0.00130873 0.000303988 0.000944703 0.0046961 -0.00036558 0.000586928 -0.000233362 -0.000738728 -8.55932e-05 0.000243494

Generation 12048:
Best Fitness: 500000
Average Fitness: 500000
Best Individual: -3.47208e-05 0.00207951 -0.000358938 3.79665e-05 0.000816606 -0.0010192 -0.000205427 -0.000766035 0.000594022 -0.000116923 0.000559503 -0.000478111 -1.85452e-06 -5.90063e-05 -0.000142574 0.00245644 9.39833e-05 0.000494715 -1.31783e-05 0.00145604 -0.000601758 -0.000203894 0.000422281 0.00105661 0.000161551 -0.000913134 -0.000311692 0.000253141 -0.000716619 0.000847319 -0.00251897 -0.00145587 -0.000399108 0.000510993 -0.00110891 -0.000537515 -0.00108325 -0.00108021 -9.95351e-05 -0.000232546 0.000778874 0.000303988 0.000944703 5.62486e-05 -0.00036558 0.000586928 -0.000233362 -0.000738728 -8.55932e-05 0.000243494

Run #10
Generation 0:
Best Fitness: 108.577
Average Fitness: 48.866
Best Individual: 100 100 100 100 100 100 100 100 100 100 100 100 100 100 100 100 100 100 100 100 100 100 100 100 100 100 100 99.3707 100 100 100 100 100 100 100 100 100 100 100 100 100 100 100 100 100 100 100 100 100 100

Generation 9745:
Best Fitness: 500000
Average Fitness: 500000
Best Individual: 0.000257634 -0.00190858 0.000129792 -7.50053e-05 0.00020661 0.000719372 0.000541634 0.00183675 0.0019701 -0.000292276 -3.82685e-05 -0.00157098 0.000338752 0.00043377 -8.05537e-05 0.000288037 -0.000452309 0.000235635 -0.000429404 0.000214826 0.000365298 -0.00103112 -0.00181726 -0.000384588 0.000407381 0.000498839 0.000263121 -0.000207337 -0.00129882 0.001278 9.22247e-05 -0.000188923 0.00445197 2.84882e-05 0.000873794 -0.000146595 0.0004758 0.000546852 -0.000226375 0.000293139 0.000942464 -0.00149809 0.000804797 0.000175533 8.11479e-05 0.000883322 -0.000263711 -8.23013e-05 -0.000420402 0.000194699



