Standard EC
Run #1
Generation 0:
Best Fitness: 368686
Average Fitness: 350622
Best Individual: 8.2262 37.1261 46.8234 30.9729 89.4181 17.3338 75.4612 68.1346 63.6103 78.9769 59.9351 0.818744 32.5537 80.6695 15.2843 88.0766 87.8281 13.0759 48.6102 44.7094 60.33 18.8617 41.7504 59.8999 20.1342 2.16915 58.5313 11.5049 61.3561 41.4071 79.3697 22.568 47.2337 17.5112 62.273 61.3012 45.2475 2.37298 28.7813 0.294559 56.5293 89.2241 39.9194 30.1788 80.0635 18.4805 45.6654 8.91744 68.1519 4.73923

Generation 5757:
Best Fitness: 500000
Average Fitness: 499999
Best Individual: 0 0 0 0 0 0 0 0 0 0 0 0 0 0 0 0 0 0 0 0 0 0 0 0 0 0 0 0 0 0 0 0 0 0 0 0 0 0 0 0 0 0 0.0296772 0 0 0 0 0 0 0

Run #2
Generation 0:
Best Fitness: 369432
Average Fitness: 344848
Best Individual: 16.6256 28.1882 19.163 98.4258 17.9977 25.7646 20.1532 95.7565 63.4016 14.4845 50.4216 82.6316 55.9535 30.8929 77.3217 63.6017 15.9128 64.3036 17.2682 25.0403 13.4914 89.8086 8.03514 72.8556 56.7662 74.679 43.9219 49.9564 14.5293 63.7802 50.5769 10.9635 53.6298 95.7622 29.8464 79.1352 30.2596 5.90973 29.883 7.45394 23.8249 33.1169 81.9926 43.0423 16.8448 3.92724 55.8969 14.341 81.2782 6.50615

Generation 5449:
Best Fitness: 499999
Average Fitness: 499999
Best Individual: 0 0 0 0 0 0 0 0 0 0 0 0 0 0 0 0 0 0 0 0 0 0 0 0 0 0 0 0 0 0 0 0 0 0 0 0 0.996676 0 0 0 0 0 0 0 0 0 0 0 0 0

Run #3
Generation 0:
Best Fitness: 375935
Average Fitness: 350069
Best Individual: 70.9323 4.43401 18.9404 49.0391 80.6258 38.6751 42.8127 89.1501 9.04142 19.9063 66.7281 64.5442 1.65056 64.3851 60.5626 14.2636 67.3842 22.5671 15.5687 81.0408 60.6003 75.081 47.3018 27.4628 18.2736 15.9031 5.17195 16.3091 24.3337 61.4223 83.6742 49.848 12.8747 48.346 90.7884 31.6342 91.2467 19.4537 1.70373 93.4816 22.8368 4.5212 21.4546 48.1203 67.5854 61.8196 2.1509 3.43398 20.5292 23.2999

Generation 5476:
Best Fitness: 500000
Average Fitness: 499999
Best Individual: 0 0 0 0 0 0 0 0 0 0 0 0 0 0.0346131 0 0 0 0 0 0 0 0 0 0 0 0 0 0 0 0 0 0 0 0 0 0 0 0 0 0 0 0 0 0 0 0 0 0 0 0

Run #4
Generation 0:
Best Fitness: 396206
Average Fitness: 354779
Best Individual: 68.6629 51.77 28.182 16.1948 51.6246 31.4217 87.4294 68.9095 49.0648 32.8201 57.5749 89.7721 31.6983 87.0473 2.48971 29.0899 66.6829 13.3529 45.8793 46.7648 56.9466 41.9356 29.0435 24.9908 5.23917 1.01623 13.9381 59.6864 0.244387 66.6388 8.73316 52.7917 26.8673 49.2685 63.4749 64.4753 14.9789 32.375 21.7948 52.8532 52.2016 14.4722 30.0572 16.842 18.5076 52.2602 16.5847 38.5461 30.5677 47.6391

Generation 5647:
Best Fitness: 499999
Average Fitness: 499999
Best Individual: 0 0 0 0 0 0 0 0 0 0 0 0 0 0.998166 0 0 0 0 0 0 0 0 0 0 0 0 0 0 0 0 0 0 0 0 0 0 0 0 0 0 0 0 0 0 0 0 0 0 0 0

Run #5
Generation 0:
Best Fitness: 390608
Average Fitness: 347652
Best Individual: 42.5698 52.3493 10.4367 80.5181 61.6891 15.2307 18.3848 21.0561 55.1084 38.8352 51.7808 18.5233 8.99102 10.4947 51.1149 72.6903 7.84519 23.5207 5.02069 21.97 26.6339 61.6954 35.2357 7.51409 8.95417 4.12341 14.6149 9.13356 23.2324 11.5068 81.4031 94.8711 84.4369 76.2067 15.8366 16.3139 19.9232 78.7198 12.6077 74.0086 21.3241 44.3506 13.1208 60.4227 5.89206 68.9277 82.4261 10.4843 94.7807 31.758

Generation 5814:
Best Fitness: 500000
Average Fitness: 499999
Best Individual: 0 0 0 0 0 0 0 0 0 0 0 0 0 0 0 0 0 0 0 0 0 0 0 0 0 0 0 0 0 0 0 0 0 0 0 0 0 0 0 0 0 0 0 0 0 0 0 0 0 0.044081

Run #6
Generation 0:
Best Fitness: 375222
Average Fitness: 360821
Best Individual: 56.5084 46.3121 2.87975 24.1222 3.52962 30.9587 78.9095 11.2961 17.3693 76.1921 3.33266 52.3335 77.3898 28.8092 5.47753 36.4232 78.9304 34.9478 29.267 98.533 14.7513 4.95259 28.9124 7.2129 98.5247 32.228 6.20301 88.214 97.2582 3.07331 51.4127 10.6429 7.65815 16.4423 46.8576 97.3173 20.4582 71.9985 63.5249 18.4895 72.6433 52.0635 17.8491 35.927 37.1087 18.701 4.85402 20.6107 98.3275 24.8454

Generation 5130:
Best Fitness: 500000
Average Fitness: 499999
Best Individual: 0 0 0 0 0 0 0 0 0 0 0 0 0 0 0 0 0 0 0 0 0 0 0 0 0 0 0 0 0 0 0 0 0 0 0 0 0 0 0.0191177 0 0 0 0 0 0 0 0 0 0 0

Run #7
Generation 0:
Best Fitness: 377958
Average Fitness: 349752
Best Individual: 41.9071 12.8379 0.254025 2.60087 7.40452 47.0653 51.885 15.1602 57.0956 26.2572 78.0005 25.8443 90.4083 11.0007 57.6352 96.3333 50.8766 37.0173 41.3971 18.7338 39.5801 8.9635 81.7486 5.7479 46.9434 46.8293 60.6985 32.3424 1.84882 44.0073 74.0857 70.9932 25.8752 17.3877 37.1468 34.1741 78.7894 44.2368 19.3994 92.7026 73.3078 38.0093 17.0934 57.5573 49.6905 10.6553 72.485 72.1474 4.66092 52.5482

Generation 5868:
Best Fitness: 500000
Average Fitness: 499999
Best Individual: 0 0 0 0 0 0 0 0 0 0 0 0 0 0 0 0 0.00862069 0 0 0 0 0 0 0 0 0 0 0 0 0 0 0 0 0 0 0 0 0 0 0 0 0 0 0 0 0 0 0 0 0

Run #8
Generation 0:
Best Fitness: 371095
Average Fitness: 344013
Best Individual: 2.46093 22.3139 57.3815 16.3699 24.021 14.6816 24.9957 18.178 32.8451 54.4852 10.9133 62.3307 98.0397 76.7256 41.0655 38.5526 85.7279 56.9756 19.1508 1.09356 47.0449 40.3715 24.5024 72.8953 84.2286 61.0231 81.006 11.4146 9.06417 76.9145 24.7702 92.279 62.2437 2.36112 26.2909 40.0463 5.21072 49.8126 54.9208 94.8999 84.6898 31.9792 10.2104 16.0824 36.7486 62.2151 63.9594 29.2772 55.6397 8.46261

Generation 6100:
Best Fitness: 499999
Average Fitness: 499999
Best Individual: 0 0 0 0 0 0 0 0 0 0 0 0 0 0 0 0 0 0 0 0.991811 0 0 0 0 0 0 0 0 0 0 0 0 0 0 0 0 0 0 0 0 0 0 0 0 0 0 0 0 0 0

Run #9
Generation 0:
Best Fitness: 387188
Average Fitness: 353662
Best Individual: 64.9082 7.2779 97.9602 54.7056 8.0842 12.2774 71.1328 2.72137 4.03144 33.0803 36.9656 53.2973 4.72131 8.59678 50.8803 13.5654 75.4249 62.1114 10.0612 23.2259 77.3753 14.7826 37.8524 20.7815 1.90049 23.6236 27.1331 91.3767 19.9563 0.118119 32.9572 71.9788 27.7768 74.6529 6.42744 48.5943 46.0185 58.612 11.7364 63.4426 23.2884 38.2879 68.355 78.2308 84.9865 63.1234 56.4177 4.97706 28.1787 32.02

Generation 5717:
Best Fitness: 499999
Average Fitness: 499999
Best Individual: 0 0 0 0 0 0 0 0 0 0 0 0 0 0 0 0 0 0 0 0 0 0 0 0 0 0 0 0 0 0 0 0 0 0 0 0 0 0 0 0 0 0 0 0.997956 0 0 0 0 0 0

Run #10
Generation 0:
Best Fitness: 381898
Average Fitness: 344204
Best Individual: 56.8044 14.8646 32.7622 61.48 66.2117 16.3717 30.2091 80.0455 28.5704 37.2623 45.5911 56.1037 94.8932 41.3146 91.7812 42.831 21.6497 31.7244 78.6643 20.4342 15.2183 14.9007 61.9407 93.3233 17.1366 36.5766 67.2128 16.6415 38.8809 19.8948 48.1673 26.5495 33.9975 22.7729 74.4294 11.7776 69.6325 21.4999 8.57601 18.1351 0.119464 46.3256 91.7401 42.4089 35.1239 96.5699 13.9595 15.9716 5.93631 5.80468

Generation 5699:
Best Fitness: 500000
Average Fitness: 499999
Best Individual: 0 0 0 0 0 0 0 0 0 0 0 0 0 0 0 0 0 0 0 0 0 0 0 0 0 0 0 0 0 0 0 0 0 0 0 0.0285549 0 0 0 0 0 0 0 0 0 0 0 0 0 0



1/5 Success Rule
Run #1
Generation 0:
Best Fitness: 402102
Average Fitness: 353776
Best Individual: 52.1571 37.7916 84.7725 29.4228 36.0177 38.2364 1.88584 54.3917 15.6627 9.60402 21.6375 37.3491 43.0571 17.0522 18.3551 76.2661 16.5841 92.1867 76.5537 27.9699 0.383165 57.4188 71.4156 27.3733 70.0615 23.0573 34.6302 35.5535 52.0421 31.6321 46.8184 32.6036 21.0805 44.4257 56.2484 30.2112 69.0598 20.9038 21.6021 5.32687 15.3138 6.68654 63.6691 41.433 37.7364 54.4748 70.1425 11.3396 15.1139 39.6699

Generation 6070:
Best Fitness: 499999
Average Fitness: 499999
Best Individual: 0 0 0 0 0 0 0 0 0 0 0 0 0 0 0 0 0 0 0.989977 0 0 0 0 0 0 0 0 0 0 0 0 0 0 0 0 0 0 0 0 0 0 0 0 0 0 0 0 0 0 0

Run #2
Generation 0:
Best Fitness: 366006
Average Fitness: 339855
Best Individual: 41.3217 31.9707 23.5091 56.8795 1.99117 56.6016 14.0736 10.0647 60.7435 17.0483 49.5687 44.4056 33.6575 97.6554 13.1576 94.3282 71.2122 82.2665 31.0957 32.6785 68.3443 96.7252 48.7281 97.8269 2.41688 21.8829 79.417 61.5683 18.3849 39.707 79.1288 54.7958 7.93146 22.7803 81.0417 6.49154 68.7115 36.4357 37.2163 67.0846 16.3897 1.45588 0.182625 21.5736 78.4696 6.92929 73.3412 28.0124 6.89179 37.5575

Generation 6704:
Best Fitness: 500000
Average Fitness: 499999
Best Individual: 0 0 0 0 0 0 0 0 0 0 0 0 0 0 0 0 0 0 0 0 0 0 0 0 0 0 0 0 0 0 0 0 0 0 0 0 0.0418232 0 0 0 0 0 0 0 0 0 0 0 0 0

Run #3
Generation 0:
Best Fitness: 388695
Average Fitness: 352027
Best Individual: 38.3331 58.5477 8.19524 15.8321 13.4764 76.433 25.3772 41.9389 10.7475 19.5929 53.4297 31.2932 5.68879 23.0214 57.8331 22.1232 62.0717 49.652 82.5677 25.1045 0.615567 45.446 44.2113 80.2137 86.7436 15.9598 23.3592 21.8331 15.6593 35.2459 68.4171 53.9718 22.4076 24.7719 88.1466 52.4714 59.9951 27.3996 28.7867 59.4852 45.8192 29.0808 13.0158 48.5871 55.5947 80.7193 4.05866 20.4757 72.6004 71.5865

Generation 6194:
Best Fitness: 499999
Average Fitness: 499999
Best Individual: 0 0 0 0 0 0 0 0 0 0 0 0 0 0 0 0 0 0 0.0620538 0 0 0 0 0 0 0 0 0 0 0 0 0 0 0 0 0 0 0 0 0 0 0 0 0 0 0 0 0 0 0

Run #4
Generation 0:
Best Fitness: 381495
Average Fitness: 355409
Best Individual: 56.3332 21.2215 55.8425 23.1298 41.7159 74.9495 56.2158 6.98282 51.1068 72.6338 49.8883 99.8402 35.6615 0.0591525 70.0701 62.7594 36.4741 32.0365 49.5838 59.3037 79.6776 30.0038 42.7863 50.8344 58.5992 31.5426 78.2453 28.081 35.8152 79.0965 49.0937 62.0899 10.926 0.501635 19.1539 14.6885 9.07025 43.1494 36.2962 16.7496 67.7848 34.1027 8.41997 27.8303 35.5172 1.75327 89.1075 43.7806 11.2396 50.4833

Generation 6058:
Best Fitness: 500000
Average Fitness: 499999
Best Individual: 0 0 0 0 0 0 0 0 0 0 0 0 0 0 0 0 0 0 0 0 0 0 0 0 0 0 0 0.0382865 0 0 0 0 0 0 0 0 0 0 0 0 0 0 0 0 0 0 0 0 0 0

Run #5
Generation 0:
Best Fitness: 393547
Average Fitness: 360517
Best Individual: 36.5539 31.4702 26.5186 21.2808 58.3602 63.4507 8.13528 65.9214 3.45015 41.0861 8.70307 90.8003 54.6637 17.8546 39.0985 83.1805 29.2619 34.2164 29.7618 17.1721 30.3562 44.5422 11.1638 65.197 90.3455 76.4826 7.54378 42.5095 19.1655 8.45186 51.7572 11.1211 7.44463 70.5096 8.44779 89.337 19.7741 27.9196 2.10451 97.3233 31.2446 27.7446 20.1293 28.8511 31.6971 47.5668 16.5296 5.05178 70.5886 62.4312

Generation 5610:
Best Fitness: 499999
Average Fitness: 499999
Best Individual: 0 0 0 0 0 0 0 0 0 0 0 0.997228 0 0 0 0 0 0 0 0 0 0 0 0 0 0 0 0 0 0 0 0 0 0 0 0 0 0 0 0 0 0 0 0 0 0 0 0 0 0

Run #6
Generation 0:
Best Fitness: 371674
Average Fitness: 351704
Best Individual: 72.8318 75.9126 57.2178 90.1995 29.143 18.6519 28.6698 24.7333 32.8764 33.6115 5.24912 21.5772 23.7148 34.0649 53.5067 76.941 62.3188 19.4731 14.3848 56.6153 37.6288 1.92039 1.54427 59.7837 14.6303 86.5611 59.687 8.84919 49.386 4.69997 14.8436 80.6282 71.3586 18.6005 73.894 64.7485 38.5388 5.77078 59.632 83.4901 8.21699 74.3584 29.3972 30.0542 43.42 87.1228 94.562 33.2585 0.33457 46.6448

Generation 5332:
Best Fitness: 499999
Average Fitness: 499999
Best Individual: 0 0 0 0 0 0 0 0 0 0 0 0 0 0 0 0 0 0 0 0 0 0 0 0 0 0 0 0 0 0 0 0 0 0 0 0 0 0 0 0 0 0 0 0 0 0 0 0.994086 0 0

Run #7
Generation 0:
Best Fitness: 380095
Average Fitness: 360999
Best Individual: 49.5731 74.2229 74.2219 8.7366 30.637 8.56032 31.2003 52.9577 27.7155 44.6506 54.936 13.3125 62.4531 52.7555 64.8882 2.34608 19.7289 40.2851 19.1949 62.2337 28.4188 35.0788 90.0624 93.5133 10.2395 54.5692 13.1643 51.6371 86.0907 11.5533 20.3247 77.6147 62.8901 32.9779 12.5521 57.6797 87.3906 55.7805 28.9718 19.0779 12.1541 68.0689 1.10665 21.8708 43.772 95.3505 37.4839 25.7826 11.7654 13.4856

Generation 4870:
Best Fitness: 500000
Average Fitness: 499999
Best Individual: 0 0 0 0 0 0 0 0 0 0 0 0 0 0 0 0 0 0 0 0 0 0 0 0.0152531 0 0 0 0 0 0 0 0 0 0 0 0 0 0 0 0 0 0 0 0 0 0 0 0 0 0

Run #8
Generation 0:
Best Fitness: 364276
Average Fitness: 352450
Best Individual: 53.1369 36.5718 16.8107 19.0945 41.5603 30.0651 34.1707 7.75829 52.7794 24.9002 24.2788 99.0724 75.8306 29.283 29.6212 0.997176 32.7863 83.0798 55.2917 13.1241 89.1917 23.6673 99.0019 78.8319 89.1958 85.5465 36.0597 8.86541 51.6055 53.815 13.4491 32.3365 8.75199 93.5063 74.1039 72.8379 62.253 17.2623 91.8484 33.8815 81.8874 10.899 36.6055 5.59473 23.3531 9.52914 34.525 4.41172 46.7935 22.9529

Generation 5278:
Best Fitness: 499999
Average Fitness: 499999
Best Individual: 0 0 0 0 0 0 0 0 0 0 0 0 0 0 0 0 0 0 0 0 0 0.996934 0 0 0 0 0 0 0 0 0 0 0 0 0 0 0 0 0 0 0 0 0 0 0 0 0 0 0 0

Run #9
Generation 0:
Best Fitness: 361673
Average Fitness: 341742
Best Individual: 25.124 84.3361 84.7057 18.8613 23.1141 14.5139 48.6082 82.6127 62.5553 6.12312 2.73808 45.4554 49.3293 12.4099 21.8428 77.1843 47.3605 80.5645 31.5945 9.71302 39.353 89.806 72.2759 46.7286 67.8451 49.2216 82.9584 52.3342 57.1192 3.8462 34.4713 25.6048 43.6001 35.7968 2.05404 98.9567 9.25962 34.622 82.5917 48.8103 89.6927 39.4726 12.0118 38.3297 1.97677 37.0341 9.3937 18.9967 79.4736 78.0731

Generation 5234:
Best Fitness: 499999
Average Fitness: 499999
Best Individual: 0 0 0 0 0 0 0 0 0.0653445 0 0 0 0 0 0 0 0 0 0 0 0 0 0 0 0 0 0 0 0 0 0 0 0 0 0 0 0 0 0 0 0 0 0 0 0 0 0 0 0 0

Run #10
Generation 0:
Best Fitness: 370409
Average Fitness: 348136
Best Individual: 40.3976 0.688244 23.8558 68.5363 66.3678 96.8365 17.9006 91.0285 15.3729 22.8742 26.5573 25.9494 33.1242 47.1954 55.5424 85.0109 18.5964 52.4743 38.5254 19.8567 26.4911 45.4713 95.9561 25.009 61.2983 10.4989 84.0707 36.043 23.0101 39.9646 13.3157 87.6627 11.7161 35.7144 32.9695 76.5669 39.3575 22.2775 8.7717 30.1082 47.0866 59.6803 78.3533 32.7235 78.7532 47.641 0.220062 7.27075 69.2346 80.7732

Generation 5342:
Best Fitness: 499999
Average Fitness: 499999
Best Individual: 0 0 0 0 0 0 0 0 0.05842 0 0 0 0 0 0 0 0 0 0 0 0 0 0 0 0 0 0 0 0 0 0 0 0 0 0 0 0 0 0 0 0 0 0 0 0 0 0 0 0 0



Average Pairwise Distance
Run #1
Generation 0:
Best Fitness: 390173
Average Fitness: 353323
Best Individual: 2.89463 19.2099 26.8903 43.4563 27.9693 75.1898 40.9301 24.4747 22.6532 14.1442 95.9791 84.4562 93.4312 49.382 39.3037 38.3246 79.494 54.7665 26.1553 9.35597 53.1492 16.9942 43.8721 45.1931 56.1142 53.0122 19.9308 79.3028 10.191 38.289 48.4854 59.2909 9.36906 63.2346 42.3951 33.5211 0.94739 91.6796 14.9742 58.6667 13.2925 23.3265 41.8095 23.6682 30.681 28.0693 31.6472 11.7016 6.08003 64.2673

Generation 5865:
Best Fitness: 499999
Average Fitness: 499999
Best Individual: 0 0 0 0 0 0 0 0 0 0 0 0 0 0 0 0 0 0 0 0 0 0 0 0 0 0 0.996382 0 0 0 0 0 0 0 0 0 0 0 0 0 0 0 0 0 0 0 0 0 0 0

Run #2
Generation 0:
Best Fitness: 370449
Average Fitness: 352631
Best Individual: 42.4169 49.7299 72.4015 78.0296 91.9982 7.76614 65.5042 3.91735 87.5761 40.8911 56.7969 6.91509 21.4643 19.2119 42.5449 69.5624 34.571 50.9695 28.5037 4.33533 75.2265 7.9869 90.0318 2.80032 12.1612 30.3611 81.1469 82.3866 26.5758 6.12698 55.6005 13.7712 87.3086 58.5404 72.1034 6.05671 19.6741 12.7347 74.0097 2.18642 10.4509 47.0763 37.2975 50.0311 6.92626 48.3892 20.5959 35.2369 63.8222 83.259

Generation 5722:
Best Fitness: 499999
Average Fitness: 499999
Best Individual: 0 0 0 0 0 0 0 0 0 0 0 0 0 0 0 0 0 0 0 0 0 0 0 0 0 0 0 0 0 0 0 0 0 0 0 0 0.0694625 0 0 0 0 0 0 0 0 0 0 0 0 0

Run #3
Generation 0:
Best Fitness: 367785
Average Fitness: 347743
Best Individual: 44.2351 45.3626 9.63342 15.0766 23.1985 62.7971 12.5835 36.7909 2.87669 22.9952 65.2176 60.0541 55.016 64.7304 18.9808 99.49 45.375 93.7586 48.0837 40.5033 36.6816 28.6421 51.6371 36.5891 18.3236 89.9134 91.5645 75.055 79.6685 28.6732 69.0708 33.7721 37.8194 12.5174 51.4063 50.7853 55.0031 65.8467 4.77555 15.8067 32.3462 36.6405 31.3176 52.3776 32.0663 35.8032 53.6629 84.7888 78.0453 2.29549

Generation 5444:
Best Fitness: 499999
Average Fitness: 499999
Best Individual: 0 0 0 0 0 0 0 0 0 0 0 0 0 0 0 0 0 0 0 0 0 0 0 0 0 0 0 0 0 0 0.0692117 0 0 0 0 0 0 0 0 0 0 0 0 0 0 0 0 0 0 0

Run #4
Generation 0:
Best Fitness: 366108
Average Fitness: 349463
Best Individual: 16.8802 25.011 24.7488 32.0329 62.2436 28.198 49.4165 21.3339 2.01894 24.2433 13.4505 20.5011 86.2614 79.1199 90.9417 91.3207 98.8893 56.989 17.9068 27.1553 46.8548 69.3764 75.2535 37.8672 61.7128 51.6293 24.3003 28.1174 4.51223 6.977 52.4587 69.7535 45.9379 34.9862 28.2088 66.9518 67.4529 49.534 46.1473 65.3896 60.6837 94.6784 4.95998 58.1241 45.1399 24.2653 54.9603 0.545284 53.9238 38.4721

Generation 5227:
Best Fitness: 499999
Average Fitness: 499999
Best Individual: 0 0 0 0 0 0 0 0 0 0 0 0 0 0 0 0 0 0 0 0 0 0 0 0 0 0 0.993675 0 0 0 0 0 0 0 0 0 0 0 0 0 0 0 0 0 0 0 0 0 0 0

Run #5
Generation 0:
Best Fitness: 362845
Average Fitness: 345771
Best Individual: 41.8869 69.3551 38.2472 5.93218 36.8615 32.5406 8.93954 83.754 46.7898 29.8755 34.7047 6.28613 6.49424 18.3867 72.1178 36.3392 68.6465 55.6955 26.7267 83.9128 93.363 46.3952 69.2325 9.97345 86.3623 73.7567 38.9498 80.0871 82.9519 44.8031 9.40012 42.3644 20.188 64.5357 1.55155 9.19383 0.800988 12.9966 76.7364 41.3837 26.3231 6.08553 24.7248 57.678 53.458 96.9636 86.0225 11.4131 1.41383 89.525

Generation 5210:
Best Fitness: 500000
Average Fitness: 499999
Best Individual: 0 0 0 0 0 0 0 0 0 0 0 0 0 0 0 0 0 0 0 0 0 0 0.0185094 0 0 0 0 0 0 0 0 0 0 0 0 0 0 0 0 0 0 0 0 0 0 0 0 0 0.0070149 0

Run #6
Generation 0:
Best Fitness: 375516
Average Fitness: 351299
Best Individual: 29.4932 89.3013 7.72606 44.6227 90.4014 71.26 40.1226 64.5354 57.1505 36.8356 71.8434 8.23401 36.4292 87.0409 33.2283 72.6406 28.1258 19.5387 53.7524 18.882 59.2873 22.7695 39.4043 65.8087 13.4152 22.5027 88.4889 16.9871 38.2402 44.2993 77.391 84.7495 66.6481 9.56354 59.0897 54.6435 53.4847 33.0996 17.231 25.0245 25.3203 31.078 7.63595 52.3496 13.777 4.14619 18.2596 83.6266 30.8173 18.645

Generation 6134:
Best Fitness: 500000
Average Fitness: 499999
Best Individual: 0 0 0 0 0 0 0 0 0 0 0 0 0 0 0 0 0 0 0 0 0 0 0 0 0 0 0 0 0 0 0 0 0 0.0117718 0 0 0 0 0 0 0 0 0 0 0 0 0 0 0 0

Run #7
Generation 0:
Best Fitness: 377878
Average Fitness: 347689
Best Individual: 45.1453 51.1064 83.5235 20.84 66.0701 2.45966 42.2926 19.7831 4.14516 55.6528 82.6999 68.2438 57.2573 46.9858 47.3118 61.7483 2.87104 27.4879 2.57794 72.8268 32.3975 64.3352 1.55841 26.1526 45.2838 94.8116 6.14035 11.1821 16.1477 79.187 80.1043 50.9755 75.4085 58.9289 34.1964 62.5759 90.8198 28.5352 31.8481 4.74911 5.04698 44.034 11.4444 66.4619 6.8424 27.6501 65.125 14.1779 16.7197 42.4046

Generation 5288:
Best Fitness: 500000
Average Fitness: 499999
Best Individual: 0 0 0 0 0 0 0 0 0 0 0 0 0 0 0 0 0 0 0 0 0 0 0 0 0 0 0 0 0 0 0 0 0.0179011 0 0 0 0 0 0 0 0 0 0 0 0 0 0 0 0 0

Run #8
Generation 0:
Best Fitness: 381396
Average Fitness: 345833
Best Individual: 64.3022 58.7827 13.7054 43.2506 23.9678 54.74 69.4054 85.6956 27.2573 0.841087 7.49929 55.0086 54.7807 86.2265 90.2864 5.09627 43.4318 9.18634 3.85924 26.1555 66.0539 14.1605 29.6025 62.6643 59.1942 21.9896 7.03471 50.5714 31.3025 46.9534 35.0233 76.0392 28.8568 54.6898 26.8252 62.7052 70.7674 67.5492 53.7989 7.58396 3.24984 57.8544 43.1685 50.329 85.3425 25.0746 52.0686 14.7581 18.9094 39.8999

Generation 5292:
Best Fitness: 500000
Average Fitness: 499997
Best Individual: 0 0 0 0 0 0 0 0 0 0 0 0 0 0 0 0 0 0 0 0 0 0 0 0 0 0 0 0 0 0 0 0 0 0 0 0 0 0.0400414 0 0 0 0 0 0 0 0 0 0 0 0

Run #9
Generation 0:
Best Fitness: 376021
Average Fitness: 358951
Best Individual: 56.4414 56.2562 56.6814 13.9342 12.1588 58.6594 2.53908 45.2338 28.0527 73.0614 15.6932 23.1389 88.3048 59.1898 3.31512 35.6833 21.7423 62.2843 55.4006 80.0231 58.4487 9.40066 36.1081 45.1322 45.8965 0.628256 40.5275 24.2728 32.6757 29.3181 25.578 44.5424 96.9302 18.7841 37.3543 77.3442 48.9666 39.6592 76.4587 37.4524 27.9514 81.5164 35.0371 89.4013 70.8712 39.0746 46.4984 33.2211 22.8436 60.3278

Generation 4788:
Best Fitness: 500000
Average Fitness: 499999
Best Individual: 0 0 0 0 0 0 0 0 0 0 0 0 0 0 0 0 0 0 0 0 0 0 0 0 0 0 0 0 0 0 0 0 0.0240174 0 0 0 0 0 0 0 0 0 0 0 0 0 0 0 0 0

Run #10
Generation 0:
Best Fitness: 364035
Average Fitness: 344952
Best Individual: 46.4214 10.4874 27.4578 92.3312 79.4317 69.1912 63.6814 5.08722 7.60834 45.9752 96.3736 90.874 17.0843 17.3733 45.6343 59.9283 56.4327 39.6489 24.9547 30.0079 67.6956 2.97652 23.5382 13.2928 2.24534 19.6611 72.3306 62.6681 32.1222 49.3041 76.5471 67.3757 77.138 10.8204 92.9624 32.7481 13.139 57.4894 62.6964 42.0701 3.88555 46.4403 19.6803 40.5193 70.9473 15.9983 10.0955 12.8963 81.8359 79.4275

Generation 5554:
Best Fitness: 499999
Average Fitness: 499999
Best Individual: 0 0 0 0 0 0 0 0 0 0 0 0 0 0 0 0 0 0 0 0 0 0 0 0 0 0 0 0 0 0 0 0 0 0 0 0 0.991257 0 0 0 0 0 0 0 0 0 0 0 0 0



Cosine Similarity with Compare
Run #1
Generation 0:
Best Fitness: 370442
Average Fitness: 341014
Best Individual: 79.6714 89.6273 79.2586 54.3198 5.66875 4.15687 99.2589 70.1577 48.5726 20.3458 8.43921 27.1282 66.2994 16.8184 38.6623 90.8297 20.1033 96.0855 34.6009 59.0265 92.6592 60.9078 35.0546 38.0241 21.1357 22.5187 36.3284 1.26221 50.6235 28.1813 14.5244 84.8121 96.2626 14.3823 18.3086 31.7959 6.29197 22.653 18.4315 33.2574 28.2829 53.6309 17.152 91.9733 23.0073 23.8484 26.0508 49.8489 27.9609 3.37865

Generation 5705:
Best Fitness: 499999
Average Fitness: 499999
Best Individual: 0 0 0 0 0 0 0 0 0 0 0 0 0 0 0 0 0 0 0 0 0 0 0 0 0 0 0 0 0 0 0 0 0 0 0 0 0 0 0 0 0 0 0 0 0 0 0.9994 0 0 0

Run #2
Generation 0:
Best Fitness: 361649
Average Fitness: 338517
Best Individual: 7.15902 52.678 81.557 10.759 11.3732 41.8739 69.482 28.7909 24.6311 23.5677 20.114 39.1764 98.9352 92.7531 68.7353 82.9927 40.5842 68.8358 39.6022 31.3209 37.1951 49.898 4.01695 36.0087 73.4923 88.7874 86.4949 41.6633 74.056 54.2695 40.0746 6.97978 12.6777 19.1789 38.5738 17.8181 52.5168 9.34137 49.9691 42.1198 35.339 64.1222 72.7432 52.7298 63.8717 90.8972 32.9432 7.06761 65.5586 17.1555

Generation 5835:
Best Fitness: 499999
Average Fitness: 499998
Best Individual: 0 0 0.0088199 0 0 0 0 0 0 0 0 0 0 0.0577275 0 0 0 0 0 0 0 0 0 0 0 0 0 0 0 0 0 0 0 0 0 0 0 0 0 0 0 0 0 0 0 0 0 0 0 0

Run #3
Generation 0:
Best Fitness: 393429
Average Fitness: 359575
Best Individual: 0.152601 70.4328 77.9204 53.0973 20.4494 3.67609 80.4557 15.5615 47.7026 16.5345 43.7645 3.62595 75.0116 52.9035 23.5791 41.194 55.189 53.4486 69.6598 15.1273 59.3215 6.6389 8.43992 15.7132 19.3273 57.4399 38.416 50.6211 56.8945 5.69432 70.1573 63.9776 15.3245 35.988 1.8145 34.9219 59.752 63.6008 77.2674 12.0869 77.9124 57.2886 75.9996 14.1404 11.2536 20.6981 16.2651 21.0018 28.7089 33.7612

Generation 5861:
Best Fitness: 499999
Average Fitness: 499999
Best Individual: 0 0 0 0 0 0 0 0 0 0 0 0 0 0 0 0 0.992473 0 0 0 0 0 0 0 0 0 0 0 0 0 0 0 0 0 0 0 0 0 0 0 0 0 0 0 0 0 0 0 0 0

Run #4
Generation 0:
Best Fitness: 396660
Average Fitness: 350595
Best Individual: 33.9687 60.6836 58.1894 4.21744 61.5194 18.4869 25.243 19.804 17.9494 29.0344 81.4159 49.2062 49.7491 23.103 28.8106 18.0319 21.7311 69.3944 52.9195 21.1351 15.498 14.9683 35.9436 0.490708 19.7284 30.8497 80.4 42.3469 15.6969 68.8248 31.7108 42.6113 4.9596 63.9596 98.0171 39.5515 4.28975 53.3316 8.53857 69.2793 32.4091 5.20219 55.1756 59.1615 82.2569 51.6863 37.6314 49.8143 57.595 8.46422

Generation 5774:
Best Fitness: 499999
Average Fitness: 499999
Best Individual: 0 0 0 0 0 0 0 0 0 0 0 0 0 0 0 0 0 0 0 0 0 0 0 0 0 0 0 0 0 0 0 0 0.0548068 0 0 0 0 0 0 0 0 0 0 0 0 0 0 0 0 0

Run #5
Generation 0:
Best Fitness: 388024
Average Fitness: 353125
Best Individual: 23.6213 24.3018 9.03739 42.7198 22.8753 52.9805 83.1538 6.3959 7.47817 58.3751 12.4148 21.2685 91.2473 22.0872 62.9289 59.7694 10.2015 72.6509 9.38965 79.7068 81.5957 88.3709 38.506 65.0451 67.8036 39.1406 19.0626 10.0479 3.04463 39.7862 6.30191 71.1195 21.2444 17.2307 16.8229 20.7614 24.9586 19.095 22.821 29.278 18.329 40.7256 10.1227 26.0142 84.5381 74.2352 45.6579 23.9474 96.1166 36.431

Generation 6096:
Best Fitness: 499999
Average Fitness: 499999
Best Individual: 0 0 0 0 0 0 0 0 0 0 0 0.994647 0 0 0 0 0 0 0 0 0 0 0 0 0 0 0 0 0 0 0 0 0 0 0 0 0 0 0 0 0 0 0 0 0 0 0 0 0 0

Run #6
Generation 0:
Best Fitness: 373868
Average Fitness: 351499
Best Individual: 11.6812 1.41991 39.262 35.0918 1.80948 51.9471 70.8607 13.0229 55.9706 37.7861 56.9732 0.52747 77.0965 32.0079 83.8244 69.1134 34.3815 54.6891 59.0416 27.3806 34.1953 48.9961 84.8247 5.71298 83.8176 47.304 95.4721 13.3407 7.05898 95.9496 89.672 10.9833 56.9326 24.6621 20.9519 15.3709 7.75385 60.8483 57.4033 75.471 15.8062 53.0444 45.6316 68.06 15.1498 20.2332 39.6296 10.115 21.5854 57.6164

Generation 4686:
Best Fitness: 499999
Average Fitness: 499998
Best Individual: 0 0 0 0 0 0 0 0 0 0 0 0 0 0 0 0 0 0 0 0 0 0 0 0 0 0 0 0 0 0 0 0 0 0 0 0 0 0 0 0 0 0.99099 0 0 0 0 0 0 0 0

Run #7
Generation 0:
Best Fitness: 384386
Average Fitness: 344669
Best Individual: 18.5021 77.0809 80.0106 38.2571 99.3372 15.4085 6.07122 85.5928 0.651183 6.38736 58.4128 48.3916 16.2061 12.0137 37.2671 51.0772 81.4191 28.1149 83.9437 15.5438 82.3408 20.0001 63.0497 78.4533 83.7166 66.5818 46.9896 56.0196 5.58662 42.981 12.7817 31.468 56.1706 19.2215 68.4291 15.1822 43.2016 10.2774 17.2587 14.7316 2.13352 24.449 56.6413 21.514 36.3366 39.5326 34.1835 25.3151 37.8717 9.57282

Generation 5961:
Best Fitness: 499999
Average Fitness: 499999
Best Individual: 0 0 0 0 0 0 0 0 0 0 0 0 0 0 0 0 0 0 0 0 0.991458 0 0 0 0 0 0 0 0 0 0 0 0 0 0 0 0 0 0 0 0 0 0 0 0 0 0 0 0 0

Run #8
Generation 0:
Best Fitness: 386768
Average Fitness: 359382
Best Individual: 19.2021 42.4905 59.3119 0.138473 8.53237 16.526 26.6434 6.6309 20.353 41.0669 36.3887 36.0491 86.464 12.0242 31.5168 81.8905 29.7422 52.5757 51.1404 61.4151 9.0812 35.1112 58.156 15.1527 14.898 98.542 95.011 25.794 64.6211 48.3508 53.7794 5.4617 25.1745 51.2331 17.7104 37.0447 62.5735 8.16067 24.6829 32.7455 17.7325 59.5678 87.5984 41.9149 50.5645 42.6272 64.4646 3.96562 71.3932 65.3233

Generation 4879:
Best Fitness: 500000
Average Fitness: 499999
Best Individual: 0 0 0 0 0 0 0 0 0 0 0 0 0 0 0.024707 0 0 0 0 0 0 0 0 0 0 0 0 0 0 0 0 0 0 0 0 0 0 0 0 0 0 0 0 0 0 0 0 0 0 0

Run #9
Generation 0:
Best Fitness: 382136
Average Fitness: 363074
Best Individual: 9.86049 49.8704 60.555 17.2878 79.4077 4.03943 31.5449 73.7295 75.1298 10.0407 6.21985 76.0987 77.3867 60.2966 78.522 74.4346 15.0146 41.9116 6.18802 47.3976 38.6851 26.3218 5.42973 28.8048 8.45852 15.4659 27.6279 20.6441 66.4934 5.65108 56.1066 12.5221 50.5699 48.9257 18.7738 53.8066 21.278 41.1975 60.7109 58.1235 60.2645 36.0958 19.1011 8.54252 86.2549 91.6515 29.7702 60.6734 60.5189 40.8285

Generation 5657:
Best Fitness: 500000
Average Fitness: 499999
Best Individual: 0 0 0 0 0 0 0 0 0 0 0 0 0 0 0 0 0 0 0 0 0 0 0 0 0 0 0 0 0 0 0 0 0 0 0 0 0 0 0 0 0 0 0 0 0 0 0 0 0 0

Run #10
Generation 0:
Best Fitness: 385217
Average Fitness: 342740
Best Individual: 47.4255 1.54026 9.63923 1.84314 32.2842 6.70481 59.5631 59.8757 64.6924 14.3364 36.9798 27.4007 25.2166 66.1582 80.4655 41.936 19.5544 63.254 39.0073 14.1316 47.9509 90.8694 37.2742 11.1158 21.8141 16.6173 55.3825 45.1619 80.4583 92.4159 72.721 17.6664 67.042 37.8421 8.62298 7.43914 6.32638 54.6273 17.4505 21.5028 32.0681 40.1402 21.5389 98.0953 16.558 10.8971 82.4511 56.7959 28.3469 73.946

Generation 5599:
Best Fitness: 500000
Average Fitness: 499998
Best Individual: 0 0 0 0 0 0 0 0 0 0 0 0 0 0 0 0 0 0 0 0 0 0 0 0 0.0152794 0 0 0 0 0 0 0 0 0 0 0 0 0 0 0 0 0 0 0 0 0 0 0 0 0



Cosine Similarity with Threshold
Run #1
Generation 0:
Best Fitness: 363292
Average Fitness: 336707
Best Individual: 40.2411 16.5071 4.58932 15.1732 16.2997 81.2014 79.8248 57.7884 1.16701 2.63802 28.0792 18.0474 11.7649 50.1556 8.32587 10.4532 84.0604 61.6435 82.3134 81.7149 75.9649 54.8624 88.5129 7.52288 32.6373 82.1663 35.2998 42.0361 81.9841 52.6291 7.61578 40.6574 13.0065 55.2206 5.99012 47.8322 18.6646 68.836 3.17229 94.0571 43.8999 42.2824 63.2563 84.0837 96.4023 13.0292 20.3516 41.3399 55.9783 39.5131

Generation 4870:
Best Fitness: 500000
Average Fitness: 499999
Best Individual: 0 0 0 0 0 0 0 0 0 0 0 0 0 0 0 0 0 0 0 0.0453571 0 0 0 0 0 0 0 0 0 0 0 0 0 0 0 0 0 0 0 0 0 0 0 0 0 0 0 0 0 0

Run #2
Generation 0:
Best Fitness: 357334
Average Fitness: 348844
Best Individual: 50.0396 19.2875 77.6477 52.8292 41.492 71.9184 19.8829 17.8992 3.05126 77.5641 62.1718 16.098 30.769 67.2805 47.5068 7.63189 28.549 62.5948 30.5284 29.5414 42.9061 55.0385 99.6587 69.3755 82.5637 30.8142 95.8854 19.7501 4.74137 26.7616 61.47 79.4 34.885 79.346 71.3852 35.5922 40.578 22.4653 24.8147 94.4659 30.9954 35.6214 1.05124 67.9494 20.4833 15.2748 81.5823 71.809 7.84229 74.8616

Generation 5709:
Best Fitness: 499999
Average Fitness: 499999
Best Individual: 0 0 0 0 0 0 0 0 0 0 0 0 0 0 0 0 0 0 0 0 0 0 0 0 0 0 0 0 0 0 0 0 0 0 0 0.99379 0 0 0 0 0 0 0 0 0 0 0 0 0 0

Run #3
Generation 0:
Best Fitness: 385590
Average Fitness: 346572
Best Individual: 34.8836 54.5131 35.849 57.1712 7.65216 88.0687 46.4004 56.8902 14.2622 52.2957 3.41781 47.9031 68.001 6.30306 26.9482 8.95717 4.45595 57.1687 54.3966 46.5982 19.2085 43.4749 16.4593 51.6397 9.21367 9.34061 17.5314 78.4324 87.6447 14.9001 63.7848 26.9039 7.06582 40.7839 12.948 17.0877 22.1465 17.3672 54.9162 50.4493 10.0532 33.2093 95.2211 91.0858 84.2707 30.1051 16.45 78.0963 56.6065 60.4103

Generation 5494:
Best Fitness: 499999
Average Fitness: 499999
Best Individual: 0 0 0 0 0 0 0 0 0 0 0 0 0 0 0.0689866 0 0 0 0 0 0 0 0 0 0 0 0 0 0 0 0 0 0 0 0 0 0 0 0 0 0 0 0 0 0 0 0 0 0 0

Run #4
Generation 0:
Best Fitness: 381506
Average Fitness: 348564
Best Individual: 16.4897 39.7191 30.8175 62.9792 30.9678 31.0633 58.608 46.4289 18.3462 15.697 62.9395 30.0886 79.9798 97.2101 70.3851 1.78742 80.7354 97.6794 7.28174 27.7423 78.2811 31.51 73.9774 45.9268 63.321 41.111 53.4769 46.2623 40.301 78.5754 37.64 2.45162 39.1049 35.4828 1.95846 23.1638 7.10142 11.0249 56.7389 5.88975 23.2485 11.2909 36.754 20.7887 92.2432 13.0162 45.2732 29.8627 62.3272 35.7773

Generation 4773:
Best Fitness: 499999
Average Fitness: 499998
Best Individual: 0 0 0 0 0 0 0 0 0 0 0 0 0 0 0 0 0 0 0 0 0 0 0 0 0 0 0 0 0 0 0 0 0 0 0 0 0 0.996332 0 0 0 0 0 0 0 0 0 0 0 0

Run #5
Generation 0:
Best Fitness: 375608
Average Fitness: 358106
Best Individual: 55.8175 27.7325 23.9885 61.6727 73.0079 11.5918 97.7973 60.9579 71.9145 34.1094 51.8318 42.9431 78.6686 65.0056 20.4095 52.1229 10.5826 94.4668 24.6701 6.16213 29.7826 24.2391 11.2582 25.2717 2.3102 86.6917 51.8953 7.3438 42.424 12.6451 94.1322 17.6892 11.6974 4.01398 76.1366 54.4976 9.3095 69.9845 28.5705 45.0121 62.9809 10.7683 14.5704 52.1954 25.9776 33.4834 68.1736 69.5159 58.1522 27.4352

Generation 5447:
Best Fitness: 500000
Average Fitness: 499999
Best Individual: 0 0 0 0 0 0 0 0 0 0 0 0 0 0 0 0 0 0 0 0 0 0 0 0 0 0 0 0 0 0 0 0 0.0267586 0 0 0 0 0 0 0 0 0 0 0 0 0 0 0 0 0

Run #6
Generation 0:
Best Fitness: 387971
Average Fitness: 351491
Best Individual: 20.3715 90.1495 65.9148 37.1011 40.2171 92.5203 92.1594 10.682 8.81081 37.1912 4.7508 59.0067 38.6311 43.2415 4.21179 61.1571 64.8349 7.5439 21.0006 9.62956 47.4247 56.5244 24.7771 73.7161 11.5552 16.817 5.93724 68.378 55.6869 5.08683 31.2079 49.1874 57.5349 25.9851 3.17616 37.0377 72.3549 64.3474 12.26 70.6619 68.703 52.2867 6.09747 0.0786188 19.4827 23.8513 39.1881 14.1638 48.1055 78.2451

Generation 5170:
Best Fitness: 500000
Average Fitness: 499999
Best Individual: 0 0 0 0 0 0 0 0 0 0 0 0 0 0 0 0 0 0 0 0 0 0 0 0 0 0 0 0 0 0 0 0 0 0 0 0 0 0 0 0 0 0 0 0 0.0408245 0 0 0 0 0

Run #7
Generation 0:
Best Fitness: 375025
Average Fitness: 349711
Best Individual: 71.5072 30.6408 61.3959 47.8365 54.8838 5.71279 71.6486 40.8666 27.8706 32.7464 7.67192 72.7072 40.7087 87.5641 70.2697 83.0138 65.133 53.3138 32.4687 61.6596 55.6751 82.5572 6.22953 20.5792 31.983 22.8355 67.2601 58.3276 38.6422 32.6356 6.22253 67.5035 16.7977 66.1821 26.6949 53.0013 84.8293 1.49067 6.45257 43.4639 3.66395 76.3012 26.363 35.648 18.9829 47.9983 73.0218 21.3206 39.3474 7.0021

Generation 6065:
Best Fitness: 500000
Average Fitness: 499999
Best Individual: 0 0 0 0 0 0 0 0 0 0 0 0 0 0 0 0 0 0 0 0 0 0 0 0 0 0 0 0 0 0 0 0 0 0 0 0 0 0 0 0 0 0.0108717 0 0 0 0 0 0 0 0

Run #8
Generation 0:
Best Fitness: 371206
Average Fitness: 354559
Best Individual: 35.3642 2.01302 66.7512 13.2365 48.4651 12.4501 47.8559 49.9788 94.8017 56.237 2.35868 90.075 56.5988 83.6537 39.8007 84.3893 27.2101 68.795 47.8518 39.6096 6.13282 8.88827 16.3975 21.5485 54.4005 38.8283 28.4653 62.006 64.4203 12.0871 8.78032 25.4762 43.4823 35.0556 50.239 14.483 84.486 83.5455 5.33998 63.5565 99.7262 56.1643 50.3847 83.8097 21.2518 55.5528 8.94262 30.1938 3.59982 17.278

Generation 5675:
Best Fitness: 500000
Average Fitness: 499999
Best Individual: 0 0 0 0 0 0 0 0 0 0 0 0 0 0 0 0 0 0 0 0 0 0 0 0 0 0 0 0 0 0 0 0 0 0 0 0 0 0 0 0 0 0 0 0 0 0 0 0 0 0

Run #9
Generation 0:
Best Fitness: 381276
Average Fitness: 350331
Best Individual: 95.231 87.7429 71.2432 17.1313 5.03725 90.4523 33.4485 72.9892 8.00472 35.7389 43.0599 39.4988 86.3443 42.9015 60.0724 20.9816 12.1431 30.4342 28.1598 27.6631 72.941 31.3418 11.4112 13.046 97.2361 30.6637 6.56626 94.7011 80.5116 10.3015 55.1392 63.8175 3.7467 13.3149 17.4614 57.1986 48.5479 41.3855 46.721 29.3694 4.07698 30.9027 16.8363 12.0948 35.4348 17.1195 49.7587 11.4321 66.629 10.3175

Generation 5840:
Best Fitness: 499999
Average Fitness: 499999
Best Individual: 0 0 0 0 0 0 0 0 0.0533094 0 0 0 0 0 0 0 0 0 0 0 0 0 0 0 0 0 0 0 0 0 0 0 0 0 0 0 0 0 0 0 0 0 0 0 0 0 0 0 0 0

Run #10
Generation 0:
Best Fitness: 373782
Average Fitness: 352690
Best Individual: 13.99 73.9693 91.8724 32.8706 15.3764 32.3845 99.1426 37.0517 84.2062 9.3632 1.25126 34.985 46.1371 26.7962 2.67648 22.6215 15.2443 29.938 23.0834 44.0076 1.41315 32.8222 47.6805 17.8141 25.3594 28.8853 22.0155 60.5874 18.0195 23.4312 33.8651 65.7115 37.4994 22.1813 45.2069 82.0963 86.3454 48.4906 58.7825 40.6625 88.4884 35.0257 29.4113 86.9975 70.4248 63.9064 18.1577 65.8154 75.7292 67.5316

Generation 5879:
Best Fitness: 500000
Average Fitness: 499999
Best Individual: 0 0 0 0 0 0 0 0 0 0 0 0 0 0 0 0 0 0 0 0 0 0 0 0 0 0 0 0 0 0 0 0 0 0 0 0 0 0 0 0 0 0 0 0 0 0 0 0 0 0



Cosine Annealing
Run #1
Generation 0:
Best Fitness: 370072
Average Fitness: 350865
Best Individual: 89.8173 56.5758 49.3376 49.9399 10.0439 18.6551 36.6495 72.0046 32.8505 27.3767 70.088 12.2563 87.5821 33.5377 17.0088 41.5429 23.3762 13.1992 73.9994 57.4192 50.9189 25.8247 63.6736 22.9153 39.504 46.3355 36.4072 2.40787 96.3696 82.5476 32.0265 18.7774 65.82 4.2449 3.02222 64.7076 33.8741 49.0689 10.026 63.4725 15.6308 68.9844 51.9342 75.279 71.2578 75.7825 27.9888 73.953 38.7468 23.7854

Generation 5711:
Best Fitness: 499999
Average Fitness: 499998
Best Individual: 0 0 0 0 0 0 0 0 0 0 0 0 0 0 0 0 0.990381 0 0 0 0 0 0 0 0 0 0 0 0 0 0 0 0 0 0 0 0 0 0 0 0 0 0 0 0 0 0 0 0 0

Run #2
Generation 0:
Best Fitness: 384133
Average Fitness: 348297
Best Individual: 3.10579 2.08386 13.8787 20.467 46.1346 49.7292 23.0922 42.6823 25.892 16.1579 14.6285 31.8483 4.76999 58.6753 0.159489 18.3718 40.5207 7.51028 65.545 12.2482 66.4 54.9283 24.1123 35.3484 46.2 32.2836 46.6015 60.4365 59.4774 96.6165 34.7871 16.1262 70.6823 91.2492 93.6068 81.1538 18.5029 7.98765 23.0023 41.9414 16.7857 89.8689 5.63016 56.9925 44.533 88.2251 59.4817 75.0576 13.8315 30.7073

Generation 5813:
Best Fitness: 499999
Average Fitness: 499999
Best Individual: 0 0 0 0 0 0 0 0 0 0 0 0 0 0 0 0 0 0 0 0 0 0 0 0 0 0 0 0 0 0 0 0 0 0 0 0 0 0.995589 0 0 0 0 0 0 0 0 0 0 0 0

Run #3
Generation 0:
Best Fitness: 370487
Average Fitness: 347822
Best Individual: 42.9265 89.8763 71.109 7.16896 3.59454 50.9876 70.9109 2.91918 63.4696 83.1858 48.9099 15.6982 31.6101 69.0212 95.3566 3.71815 60.5487 28.46 18.8036 96.2408 2.11068 10.4796 19.4561 33.0415 54.7631 19.015 51.2155 53.5677 45.7022 41.0353 14.6095 2.96852 33.7934 28.9877 72.1248 36.9592 50.5972 45.0219 59.5938 17.8093 59.6432 82.0253 55.6086 42.7138 84.3623 2.01242 85.0365 46.968 21.6971 13.5017

Generation 5818:
Best Fitness: 499999
Average Fitness: 499999
Best Individual: 0 0 0 0 0 0 0 0 0 0 0 0 0 0 0 0 0 0 0 0 0 0 0 0 0 0 0.0519337 0 0 0 0 0 0 0 0 0 0 0 0 0 0 0 0 0 0 0 0 0 0 0

Run #4
Generation 0:
Best Fitness: 352314
Average Fitness: 336255
Best Individual: 22.6397 23.0168 83.1059 94.2416 5.9891 9.70931 24.4869 53.8316 37.6326 33.1821 58.762 23.7094 53.2632 9.1599 13.768 2.33025 26.2547 58.4464 33.312 98.5554 37.3688 71.2708 47.5452 21.7616 28.5917 52.3418 36.8305 40.5708 2.29663 5.32982 47.888 36.1996 48.8052 89.6947 76.1193 58.605 81.6947 84.9057 75.3965 66.7921 20.2406 31.9396 55.1225 79.6086 57.01 80.1966 84.2121 0.784971 40.5276 99.0873

Generation 5587:
Best Fitness: 500000
Average Fitness: 499999
Best Individual: 0 0 0 0 0 0 0 0 0 0 0 0 0 0 0 0 0 0 0 0 0 0 0 0 0 0 0 0 0 0 0 0 0 0 0 0 0 0 0 0 0 0 0 0 0 0 0 0 0 0

Run #5
Generation 0:
Best Fitness: 377892
Average Fitness: 359185
Best Individual: 75.8517 26.6285 41.2878 29.9382 10.4843 47.2108 34.5179 3.8153 63.1757 84.8226 16.6869 11.3909 26.5528 37.7627 14.585 27.6967 9.46755 2.63043 67.0743 32.2555 21.9632 35.0387 24.6644 80.5934 26.8814 30.4886 12.3831 67.9288 92.2254 68.3281 25.8862 62.2553 18.4778 20.8273 83.7314 52.959 61.227 65.597 80.8178 47.4612 44.312 22.4187 35.1766 94.7411 74.1438 5.77989 33.2548 39.9911 46.4206 71.9706

Generation 5506:
Best Fitness: 499999
Average Fitness: 499999
Best Individual: 0 0 0 0 0 0 0 0 0 0 0 0 0 0 0 0 0 0 0 0 0 0 0 0 0 0 0 0 0 0 0 0 0 0 0 0.0641422 0 0 0 0 0 0 0 0 0 0 0 0 0 0

Run #6
Generation 0:
Best Fitness: 367690
Average Fitness: 351997
Best Individual: 23.8875 12.7172 50.1615 65.5322 58.9136 41.4095 77.0386 53.0484 49.255 8.66723 8.16695 58.7178 1.52365 14.0019 13.0553 34.9924 20.8397 94.3322 8.81775 22.4538 6.05967 8.15992 84.3256 99.9508 34.2602 76.6022 33.8329 34.5039 42.3144 16.456 80.9432 81.6344 13.6546 83.163 0.63268 53.4068 81.706 68.5101 20.157 90.9327 60.2859 57.1047 38.5269 59.1575 31.5789 36.7178 54.9561 46.2823 8.99295 38.9057

Generation 5202:
Best Fitness: 499999
Average Fitness: 499999
Best Individual: 0 0 0 0 0 0 0 0 0 0 0 0 0 0 0 0 0 0 0 0 0 0 0 0 0 0 0 0 0 0 0 0 0 0 0 0 0 0.993536 0 0 0 0 0 0 0 0 0 0 0 0

Run #7
Generation 0:
Best Fitness: 374115
Average Fitness: 347977
Best Individual: 30.6895 42.6607 32.0119 54.4466 65.1449 16.0697 84.1159 4.21275 31.3725 12.6043 2.44488 2.65451 55.3118 10.5848 48.126 16.2687 14.8638 27.7603 88.824 56.5818 31.3291 36.049 5.35359 73.4682 8.61776 6.64466 43.6502 6.95196 23.0269 88.5952 60.0828 28.3327 68.051 67.4384 89.2433 73.1046 51.5733 78.4674 6.96007 18.5707 27.4348 21.1814 6.86322 94.4535 68.6855 95.6892 76.6992 2.88847 7.96526 61.1659

Generation 5376:
Best Fitness: 500000
Average Fitness: 499999
Best Individual: 0 0 0 0 0 0 0 0 0 0 0 0 0 0 0 0 0 0 0 0 0 0 0 0 0 0 0 0 0 0 0 0 0.0295506 0 0 0 0 0 0 0 0 0 0 0 0 0 0 0 0 0

Run #8
Generation 0:
Best Fitness: 376028
Average Fitness: 349998
Best Individual: 97.8398 11.7799 3.77048 6.67112 11.8315 23.0615 6.77879 35.7325 31.9393 22.3689 26.8616 51.1268 33.3946 29.0261 76.9859 13.0423 71.9491 13.539 86.3208 8.13426 47.08 54.804 29.9858 97.7186 28.7808 84.5934 35.2884 36.1962 93.1103 33.4359 33.7287 74.4848 46.658 77.1283 76.1746 6.00893 1.93543 23.4162 12.7369 71.6341 11.8946 46.1453 43.1585 43.9579 84.974 1.77497 93.0208 32.0845 23.4968 3.52094

Generation 5020:
Best Fitness: 499999
Average Fitness: 499998
Best Individual: 0 0 0 0 0 0 0 0 0 0 0 0 0 0 0 0 0 0 0 0 0 0 0 0 0 0 0 0 0.99238 0 0 0 0 0 0 0 0 0 0 0 0 0 0 0 0 0 0 0 0 0

Run #9
Generation 0:
Best Fitness: 368473
Average Fitness: 347246
Best Individual: 23.995 3.30801 13.5958 14.5274 59.6938 14.7513 53.032 93.16 43.7144 19.8329 28.044 30.0632 69.0084 63.1083 54.9284 12.2676 68.3997 9.28894 11.2633 4.067 38.5349 75.6526 98.2747 84.5323 7.91051 48.8695 34.5504 13.6793 48.0588 45.2411 97.2364 31.4968 25.3601 79.7001 23.8561 85.8791 58.4611 84.6426 12.0248 95.041 20.478 47.0831 49.2622 44.4225 26.9284 38.4102 2.53893 25.8959 63.5277 51.567

Generation 5587:
Best Fitness: 499999
Average Fitness: 499999
Best Individual: 0 0 0 0 0 0 0 0 0 0 0 0 0 0 0 0 0 0 0 0 0 0 0 0 0 0 0 0 0 0 0 0 0 0 0 0 0 0 0 0 0.992391 0 0 0 0 0 0 0 0 0

Run #10
Generation 0:
Best Fitness: 368472
Average Fitness: 350623
Best Individual: 66.2106 38.0643 69.2453 30.9664 58.6277 55.9492 84.1502 81.0431 74.5121 18.4555 15.2532 14.5242 65.8389 22.433 69.5355 62.2414 16.5951 22.9089 27.4864 65.4736 95.2188 2.40295 42.2079 29.1976 19.0185 63.1533 9.10812 71.8907 21.4969 59.5862 60.175 72.4059 33.7382 31.2901 26.9282 9.68201 77.831 27.3843 55.9574 48.6369 81.3676 56.1451 66.772 12.5623 16.2069 20.2046 91.2827 22.3499 13.0345 1.21688

Generation 6165:
Best Fitness: 500000
Average Fitness: 499999
Best Individual: 0 0 0 0 0 0 0 0 0 0 0 0 0 0 0 0 0 0 0 0 0 0 0 0 0 0 0 0 0 0 0 0 0 0 0 0 0 0 0 0 0 0 0 0 0 0 0 0 0 0



Average Fitness
Run #1
Generation 0:
Best Fitness: 374919
Average Fitness: 349739
Best Individual: 81.148 18.1129 25.8638 15.1336 20.5361 53.2534 38.2675 16.2825 82.5605 21.0919 38.3164 35.5689 23.3384 25.7225 52.7243 1.13114 27.6288 37.5454 8.4917 6.73271 33.9978 85.5486 58.1786 97.7208 46.7254 43.6883 17.3717 62.6372 33.9148 55.9084 85.0992 55.7906 43.3421 85.6986 40.6736 61.9988 97.2166 29.9361 11.3667 48.3071 66.0339 31.6501 31.0596 23.9481 69.8912 82.2723 40.7008 6.91923 58.0921 4.1896

Generation 5418:
Best Fitness: 500000
Average Fitness: 499999
Best Individual: 0 0 0 0 0 0 0 0 0 0 0 0 0 0 0 0 0 0 0 0 0 0 0 0 0 0 0 0 0 0 0 0 0 0 0 0 0 0 0 0 0 0 0 0 0 0 0 0 0 0

Run #2
Generation 0:
Best Fitness: 360584
Average Fitness: 345747
Best Individual: 9.87964 83.7047 42.5173 67.1633 86.6599 70.4108 49.0142 26.9931 53.8793 8.49495 23.8528 44.5606 7.27576 96.3981 34.8061 17.0495 10.4287 14.127 25.7303 48.9624 37.5035 75.6928 3.38954 76.8621 30.3373 28.1578 33.1888 65.3574 37.8964 17.5179 79.4952 77.7166 73.0354 38.1858 21.9561 8.27464 88.1654 0.446933 22.8208 49.0413 76.6151 70.2147 99.4683 35.8317 21.2861 53.9405 96.5362 46.3189 27.5527 16.6813

Generation 6255:
Best Fitness: 500000
Average Fitness: 499999
Best Individual: 0 0 0 0 0 0 0 0 0 0 0 0 0 0 0 0 0 0 0 0 0 0 0 0 0 0 0 0 0 0 0 0 0 0 0 0 0 0 0 0 0 0 0 0 0 0 0 0 0 0

Run #3
Generation 0:
Best Fitness: 368294
Average Fitness: 350145
Best Individual: 47.1508 64.2542 66.4121 43.1177 49.8566 72.5102 6.08981 28.1285 67.5806 24.2257 60.3734 24.2678 93.315 6.04389 51.965 96.3858 20.0085 24.4356 61.96 17.2042 40.751 77.1336 2.3392 10.6454 11.6133 18.3861 78.5319 90.3621 69.0994 13.6241 5.24959 46.2572 28.5014 57.71 44.071 23.198 40.4735 13.122 92.4214 12.3973 84.7902 1.54567 50.1839 41.7628 33.9856 40.2127 67.287 23.4054 73.9553 56.2917

Generation 6291:
Best Fitness: 500000
Average Fitness: 499999
Best Individual: 0 0 0 0 0 0 0 0 0 0 0 0 0 0 0 0 0 0 0 0 0 0 0 0 0 0 0 0 0 0 0 0 0 0 0 0 0 0 0 0 0 0 0 0 0 0.049318 0 0 0 0

Run #4
Generation 0:
Best Fitness: 370365
Average Fitness: 351917
Best Individual: 36.7243 62.701 98.4856 20.7435 92.0881 10.6704 21.235 45.5198 32.0622 31.7904 6.11135 30.4815 0.866095 26.1437 22.4174 78.2796 55.1647 49.5347 54.3824 91.5778 55.8661 34.4696 55.192 12.5987 81.0675 37.195 67.3845 74.5821 59.9448 50.4169 19.0034 17.2617 63.2316 32.3602 5.34978 18.7173 33.3325 47.1413 25.9217 5.97364 27.722 24.7191 19.4601 46.6508 0.769187 49.1339 66.1189 69.5627 97.1228 92.6697

Generation 5299:
Best Fitness: 499999
Average Fitness: 499999
Best Individual: 0 0 0 0 0 0 0 0 0.0715096 0 0 0 0 0 0 0 0 0 0 0 0 0 0 0 0 0 0 0 0 0 0 0 0 0 0 0 0 0 0 0 0 0 0 0 0 0 0 0 0 0

Run #5
Generation 0:
Best Fitness: 383684
Average Fitness: 360692
Best Individual: 4.81792 59.5264 36.0956 41.7211 72.6729 10.3723 78.0082 58.8978 32.2484 13.6924 9.11654 19.8449 50.1128 18.7256 72.2213 10.3657 62.1583 33.242 39.2951 51.4305 52.3094 0.741361 44.3639 16.0624 0.748655 13.8171 47.9133 13.3046 77.5192 91.4521 31.8785 72.4132 49.8033 10.4467 4.16692 96.7699 83.1669 92.2289 53.2334 10.347 2.71028 17.5474 5.62055 16.9911 37.1784 99.7982 27.5019 16.5683 10.0138 59.1961

Generation 4974:
Best Fitness: 500000
Average Fitness: 499999
Best Individual: 0 0 0 0 0 0 0 0 0 0 0 0 0 0 0 0 0 0 0 0 0 0 0 0 0 0 0 0 0.0328995 0 0 0 0 0 0 0 0 0 0 0 0 0 0 0 0 0 0 0 0 0

Run #6
Generation 0:
Best Fitness: 370657
Average Fitness: 356482
Best Individual: 86.6804 77.8309 59.9512 58.7025 87.6918 83.2013 62.0273 72.5149 96.944 26.725 71.5029 52.5933 49.2769 27.3196 37.2145 28.6761 14.2921 17.7293 6.52926 63.3245 11.6511 17.7016 5.81689 46.9012 37.6197 56.8463 25.4816 62.1521 30.6004 23.5357 46.8982 16.0101 55.4586 50.4848 19.013 5.20069 55.6957 27.7601 40.1312 37.7356 47.8195 2.46065 82.1275 26.7984 30.2595 67.1976 12.2458 57.121 46.9866 83.9813

Generation 5161:
Best Fitness: 499999
Average Fitness: 499999
Best Individual: 0 0 0 0 0 0 0 0 0 0 0 0 0 0 0 0 0 0 0 0 0.0655197 0 0 0 0 0 0 0 0 0 0 0 0 0 0 0 0 0 0 0 0 0 0 0 0 0 0 0 0 0

Run #7
Generation 0:
Best Fitness: 375107
Average Fitness: 351533
Best Individual: 23.9141 15.4358 64.9023 61.5977 36.0626 54.4147 16.6634 3.6164 32.7118 26.1015 17.1572 1.57252 90.7287 40.1997 3.95864 82.4554 20.3595 50.1064 51.2372 67.9292 1.78822 68.6619 41.7432 56.1023 11.9342 10.5692 78.2903 37.7261 52.9816 4.68998 60.9424 43.9346 6.88321 44.8949 32.7709 10.7458 84.011 57.1566 74.057 66.9071 28.701 59.873 83.4061 55.7208 28.0988 98.7355 6.76769 66.8241 24.6887 51.6827

Generation 5587:
Best Fitness: 500000
Average Fitness: 499999
Best Individual: 0 0 0 0 0 0 0 0 0 0 0 0 0 0 0 0 0 0 0 0 0 0 0 0 0 0 0 0 0 0 0 0 0 0.0379751 0 0 0 0 0 0 0 0 0 0 0 0 0 0 0 0

Run #8
Generation 0:
Best Fitness: 382778
Average Fitness: 348029
Best Individual: 14.7994 54.4057 8.3258 55.8595 42.8899 20.517 65.4658 45.9454 42.2615 12.5145 11.0031 88.205 20.1009 5.64246 64.0386 23.19 71.4566 10.5479 52.1956 37.825 79.271 17.847 27.333 29.4114 44.9691 16.4697 33.0194 84.527 11.8191 12.4569 72.2599 45.3396 37.8737 98.8044 56.849 38.5161 38.8252 65.9584 7.76402 9.92855 15.9936 94.9856 38.8344 8.52073 4.20425 25.7674 93.348 38.1259 71.5221 48.4591

Generation 5214:
Best Fitness: 499999
Average Fitness: 499999
Best Individual: 0 0 0 0 0 0 0 0 0 0 0 0 0 0 0 0 0 0 0 0 0 0 0 0 0.0589403 0 0 0 0 0 0 0 0 0 0 0 0 0 0 0 0 0 0 0 0 0 0 0 0 0

Run #9
Generation 0:
Best Fitness: 371809
Average Fitness: 352319
Best Individual: 60.8019 35.5983 40.6185 7.66436 43.8476 44.5159 38.0549 60.531 79.5186 53.3417 34.9808 79.3033 24.9284 55.6519 18.4044 6.05666 65.1199 31.7094 75.2178 77.5998 46.4557 51.0996 19.3407 40.5081 77.9385 10.6454 17.7214 50.6946 15.5072 26.9355 49.2381 46.7473 28.7814 72.5828 8.41722 7.76588 87.6359 62.9191 5.0551 67.0961 57.4544 83.5683 42.7511 71.2688 6.71682 82.5399 7.46127 33.2888 49.0142 52.7969

Generation 5322:
Best Fitness: 500000
Average Fitness: 499999
Best Individual: 0 0 0 0 0 0 0 0 0 0 0 0 0 0 0 0 0 0 0 0 0 0 0 0 0 0 0 0 0 0 0.0393568 0 0 0 0 0 0 0 0 0 0 0 0 0 0 0 0 0 0 0

Run #10
Generation 0:
Best Fitness: 363134
Average Fitness: 338706
Best Individual: 78.4966 45.5133 85.1223 25.0818 50.8487 33.0752 15.7332 17.1899 83.0555 58.1226 29.3387 37.3816 0.623003 39.1286 45.824 1.03836 73.6501 68.3563 63.6048 14.5149 20.3985 44.1479 45.0904 48.1037 53.1416 53.4552 32.3503 53.9665 93.1114 20.619 99.5411 20.4382 39.5064 23.318 32.764 57.7765 94.8741 13.191 44.8181 53.2953 95.1099 15.5657 67.3938 70.9617 43.991 40.7372 25.7043 75.0448 16.056 14.9649

Generation 5875:
Best Fitness: 499999
Average Fitness: 499999
Best Individual: 0 0 0 0 0 0 0 0 0 0 0 0 0 0 0 0 0 0 0 0 0 0 0 0 0 0 0 0 0 0 0 0 0 0 0 0 0 0 0 0 0 0 0 0.99922 0 0 0 0 0 0



Mating Distance
Run #1
Generation 0:
Best Fitness: 383986
Average Fitness: 349993
Best Individual: 3.85322 19.3937 83.8914 31.0664 60.2084 64.5303 33.6489 8.54163 26.4047 41.8333 12.2237 28.8927 20.8639 24.1649 59.8989 23.886 29.415 12.6815 22.6114 30.3385 15.1321 54.9342 82.7199 10.7636 46.4622 20.2118 14.3601 2.18269 96.6708 21.9582 31.7761 38.7116 32.9926 88.3686 84.6893 22.8834 47.1833 63.8886 35.9474 49.0709 26.4447 92.4239 34.9737 81.3373 37.8654 16.0977 60.4877 42.7977 39.0667 96.9939

Generation 5878:
Best Fitness: 500000
Average Fitness: 499999
Best Individual: 0 0 0 0 0 0 0 0 0 0 0 0 0 0 0 0 0 0 0.0353873 0 0 0 0 0 0 0 0 0 0 0 0 0 0 0 0 0 0 0 0 0 0 0 0 0 0 0 0 0 0 0

Run #2
Generation 0:
Best Fitness: 365822
Average Fitness: 342551
Best Individual: 19.2101 78.802 26.9094 56.9645 58.9083 36.6567 48.7899 89.3287 13.263 28.72 17.7373 45.8238 53.1703 59.4507 71.7578 67.5528 44.4413 35.0231 31.9194 69.2808 35.488 12.4263 5.29179 13.6009 65.0883 62.0929 64.614 52.9195 11.5026 41.5623 48.7987 80.6882 28.0799 82.2856 56.2657 91.6314 62.8787 56.0589 2.13702 0.220853 59.5691 3.39948 11.3487 12.8911 59.9727 81.5009 33.5988 94.201 35.9629 19.8386

Generation 6020:
Best Fitness: 499999
Average Fitness: 499999
Best Individual: 0 0 0 0 0 0 0 0 0 0 0 0 0 0 0 0 0 0 0 0 0 0 0 0.061471 0 0 0 0 0 0 0 0 0 0 0 0 0 0 0 0 0 0 0 0 0 0 0 0 0 0

Run #3
Generation 0:
Best Fitness: 394229
Average Fitness: 353517
Best Individual: 55.0726 91.4934 9.85629 50.759 27.6315 56.7497 20.0561 6.92784 80.9986 42.1955 25.6379 39.2068 1.63384 9.38356 6.32837 94.2788 6.27956 34.5342 2.57638 76.8813 14.2636 36.9865 74.4417 62.7304 26.9992 44.6756 13.1494 72.4618 40.9465 1.51249 49.8593 10.3234 66.7804 15.0995 15.2234 13.7913 23.2174 1.72392 51.3794 53.4721 79.6073 46.3548 1.69366 33.9483 8.76263 43.4976 67.8078 0.413232 29.0098 91.42

Generation 5037:
Best Fitness: 499999
Average Fitness: 499998
Best Individual: 0 0 0 0 0 0 0 0 0 0 0 0 0 0 0 0 0 0.991467 0 0 0 8.39196e-05 0 0 0 0 0 0 0 0 0 0 0 0 0 0 0 0 0 0 0 0 0 0 0 0 0 0 0 0

Run #4
Generation 0:
Best Fitness: 365142
Average Fitness: 349202
Best Individual: 2.43075 37.2822 78.2523 51.1187 93.6507 41.5663 49.6139 23.099 52.3558 49.1236 83.3524 35.7184 23.2656 43.4537 63.858 39.7976 77.5214 96.8448 64.8944 12.4142 16.7339 20.1263 47.0284 36.5693 60.9371 0.772524 54.5255 34.9746 26.8837 27.9488 10.8223 64.4024 2.48063 6.03946 43.814 80.351 5.41968 84.5644 13.166 74.1793 54.3994 35.5822 35.7626 2.73958 20.5441 71.0836 13.0489 79.8256 54.721 98.9472

Generation 5228:
Best Fitness: 500000
Average Fitness: 499999
Best Individual: 0 0 0 0 0 0 0 0 0 0 0 0 0 0 0 0 0 0 0 0 0 0 0 0 0 0 0 0 0 0 0 0 0 0 0 0 0 0 0 0 0 0 0 0 0 0 0 0.025461 0 0

Run #5
Generation 0:
Best Fitness: 388230
Average Fitness: 361223
Best Individual: 52.6457 38.3865 73.1656 55.7635 40.2069 7.01759 5.82525 3.98452 80.5802 57.517 39.2531 40.0756 68.1275 50.437 28.7468 13.4657 21.3807 68.6118 80.2004 65.5891 42.3088 6.15727 87.0899 4.44103 83.2654 55.0425 19.4589 44.8814 26.5666 39.6801 43.452 1.17699 63.3462 17.8263 47.6415 21.5037 48.3778 33.3103 41.2883 30.5188 49.7234 20.0438 42.3101 17.9308 1.63549 54.9762 82.6018 22.9005 70.7312 16.7801

Generation 5987:
Best Fitness: 499999
Average Fitness: 499999
Best Individual: 0 0 0 0 0 0 0 0 0 0 0 0 0 0.0558455 0 0 0 0 0 0 0 0 0 0 0 0 0 0 0 0 0 0 0 0 0 0 0 0 0 0 0 0 0 0 0 0 0 0 0 0

Run #6
Generation 0:
Best Fitness: 375911
Average Fitness: 343417
Best Individual: 9.38952 62.3986 75.9931 24.7277 33.5653 52.9823 29.4619 47.1056 84.7496 23.3445 46.0917 48.1484 58.1303 48.1907 32.0572 7.40939 39.1044 33.6551 42.9199 68.0537 82.9495 18.6036 24.8496 9.8407 74.292 77.6 25.0309 54.9153 35.5659 75.947 13.1283 63.5258 63.1169 61.1841 35.1544 7.03257 85.9384 37.8592 29.5587 25.7813 41.8289 54.6124 58.7759 15.4155 38.5359 45.7979 19.9582 2.78267 89.2166 64.0022

Generation 5939:
Best Fitness: 500000
Average Fitness: 499999
Best Individual: 0 0 0 0 0 0 0 0 0 0 0 0 0 0 0 0 0 0 0 0 0 0 0 0 0 0 0 0 0 0 0 0.0118177 0 0 0 0 0 0 0 0 0 0 0 0 0 0 0 0 0 0

Run #7
Generation 0:
Best Fitness: 362892
Average Fitness: 345537
Best Individual: 17.7002 83.2655 27.5828 22.787 51.6809 75.3144 89.4255 3.56017 29.11 65.1253 29.1066 17.1647 45.8865 46.2216 91.9359 71.6644 16.717 9.22743 20.5061 76.0485 86.3418 46.5526 74.7943 48.4125 42.7789 52.9087 73.8724 3.14417 3.05552 97.4577 44.2358 21.0967 53.1831 48.9922 29.6423 29.4743 8.24371 15.3071 32.1956 12.3276 52.599 39.4753 9.03325 0.10459 37.8556 58.434 93.4396 98.222 57.0669 46.7027

Generation 5651:
Best Fitness: 500000
Average Fitness: 499999
Best Individual: 0 0 0 0 0 0 0 0 0 0 0 0 0 0 0 0 0 0 0 0 0 0 0 0 0 0 0.0427441 0 0 0 0 0 0 0 0 0 0 0 0 0 0 0 0 0 0 0 0 0 0 0

Run #8
Generation 0:
Best Fitness: 386823
Average Fitness: 350312
Best Individual: 40.8658 76.9108 18.0185 53.8637 4.47253 92.9912 72.3102 71.3725 22.0505 1.56132 54.0111 24.1192 45.5047 10.7921 3.14819 11.8557 5.77262 26.7021 22.0676 0.809634 45.6901 32.581 1.86706 20.9046 66.9582 15.433 29.7913 87.7127 81.9855 18.8413 89.0384 67.0274 25.7203 38.0485 25.5187 10.4831 83.1498 54.6803 82.6526 4.10216 7.7812 82.738 27.6203 4.36251 34.7126 6.70269 15.8256 62.5287 3.6423 79.0961

Generation 5534:
Best Fitness: 500000
Average Fitness: 499999
Best Individual: 0 0 0 0 0 0 0 0 0 0 0 0 0 0 0 0 0 0 0 0 0 0 0 0 0 0 0 0 0 0 0 0 0 0 0 0 0 0 0 0 0 0 0 0 0 0 0 0 0 0

Run #9
Generation 0:
Best Fitness: 374941
Average Fitness: 343918
Best Individual: 76.2676 62.8251 20.8056 55.2275 56.7808 41.6748 57.7814 80.8572 87.3153 30.7837 17.3696 46.9067 51.2813 39.4627 62.4403 3.66507 60.0639 37.8174 84.316 14.6057 49.5544 94.1336 51.998 23.1836 10.8762 69.1281 79.9479 17.1746 42.9051 1.34908 12.9697 76.7391 16.0947 39.4206 63.6646 49.7229 29.541 60.2386 5.13775 28.2003 8.17325 2.28354 10.7957 59.9643 56.2654 59.6462 59.1888 38.3066 39.8004 14.618

Generation 5825:
Best Fitness: 500000
Average Fitness: 499999
Best Individual: 0 0 0 0 0.0492051 0 0 0 0 0 0 0 0 0 0 0 0 0 0 0 0 0 0 0 0 0 0 0 0 0 0 0 0 0 0 0 0 0 0 0 0 0 0 0 0 0 0 0 0 0

Run #10
Generation 0:
Best Fitness: 362821
Average Fitness: 341047
Best Individual: 79.8838 45.7794 39.3928 16.0802 89.2835 62.3403 37.5074 38.8731 22.6393 21.9521 43.2194 18.1455 50.3363 45.6141 1.97119 73.5425 97.8507 70.6114 16.8951 34.8339 32.4209 25.7494 47.1962 27.3974 67.6392 80.4836 58.5832 1.96969 63.7337 70.0984 21.3093 63.4207 24.0875 84.5287 2.17093 14.0138 61.5303 44.8667 75.2132 83.8897 31.887 49.5719 66.5644 20.6497 65.1599 42.3101 25.9246 16.6524 74.033 49.8921

Generation 5654:
Best Fitness: 500000
Average Fitness: 499999
Best Individual: 0 0 0 0 0 0 0 0 0 0 0 0 0.0496033 0 0 0 0 0 0 0 0 0 0 0 0 0 0 0 0 0 0 0 0 0 0 0 0 0 0 0 0 0 0 0 0 0 0 0 0 0



