Standard EC
Run #1
Generation 0:
Best Fitness: 376149
Average Fitness: 357514
Best Individual: -91.1989 -53.8436 59.3455 -61.3906 83.7439 11.8825 42.7925 64.1562 66.9141 84.0765 40.4958 30.0947 -30.9754 -10.5541 13.3832 -46.2051 -18.1018 -66.4757 61.0042 -22.5201 -16.6463 37.3433 -29.6266 19.565 81.295 -21.9318 56.4191 10.0922 -1.00609 73.6444 -67.4407 -16.7385 -79.6421 -28.3639 -61.7066 -21.2731 1.57942 3.63867 -42.1223 45.1818 -28.8722 -59.7444 59.7405 -1.25932 23.4952 -53.8032 72.0325 34.9596 -81.832 44.2503

Generation 4390:
Best Fitness: 500000
Average Fitness: 500000
Best Individual: -0.000514762 -0.00299788 0.000589555 0.000130664 0.00166368 -0.00226517 -0.00155466 -0.012071 0.00098935 0.00110912 -0.00321033 0.0026939 -0.00214192 0.000733554 0.00185294 -0.00366542 0.00295833 0.000713243 0.000423108 -0.00338572 0.00493736 0.000599002 0.000978389 0.0020333 0.000141811 -0.000982642 -0.00124448 -0.00217626 0.00222295 0.00109429 -0.000173731 0.00100799 0.000660061 0.000597392 -0.00480763 0.00352356 -0.00726553 0.00493792 -0.00988505 -0.000171454 -0.00292854 -0.000233983 -0.00048506 -1.1806e-06 -0.00100125 -0.000838576 -0.000955318 -0.000372108 -0.000469262 0.00193376

Run #2
Generation 0:
Best Fitness: 362675
Average Fitness: 356403
Best Individual: 14.2786 70.9033 -81.9378 -82.2362 -66.3589 44.3773 -9.43212 52.2521 -26.4642 -31.1998 58.4441 48.9082 11.1045 52.8282 35.9926 13.5216 62.0317 -78.027 45.9072 74.351 43.144 -16.4548 -45.3013 -3.21028 -53.5797 -16.265 65.103 -53.5268 -0.00381728 35.8315 25.1569 -68.0756 -84.627 -25.6626 42.716 94.3257 57.2083 -6.02402 78.4924 -22.2456 56.4481 -89.4247 8.74835 -1.7782 -93.6933 78.7054 5.71109 18.722 47.6846 33.0466

Generation 4127:
Best Fitness: 500000
Average Fitness: 500000
Best Individual: -0.000380903 0.00101599 0.0055532 0.00071644 -0.00200549 0.00427406 0.00124217 -0.00300142 -0.00281492 -0.000898305 0.00227876 -0.0029052 0.000840009 -0.00199835 -0.00282144 -7.38379e-07 -0.000275214 -0.00196213 -0.00167418 0.00431312 0.00100436 -0.00119963 7.82291e-05 -0.000614641 -0.00588393 0.000432279 0.00348894 0.000125368 -0.000582406 0.00189435 -0.000576787 -0.00181432 0.000244695 -0.000138363 0.00130548 -0.00189883 0.0153656 -0.00221011 0.000690305 -0.000224805 0.00169679 0.000222688 -0.00354178 -0.000879001 -0.000575446 0.00104683 -0.00552451 0.000864294 -0.00372106 -0.0022627

Run #3
Generation 0:
Best Fitness: 375253
Average Fitness: 368083
Best Individual: -18.7126 50.3908 21.5812 -4.0625 35.9026 4.29176 95.243 -39.226 -86.5832 -9.652 18.1467 50.1849 -26.4591 32.156 -37.3558 67.8731 5.0018 -17.7631 -98.9641 -51.3189 -5.67193 -76.1017 -26.4558 -59.6844 -57.9817 -4.31642 -26.0988 26.7433 33.4311 -13.1584 -69.0241 18.7137 -81.9666 60.246 3.64809 -81.2857 58.695 -41.1108 -11.342 34.8754 25.957 -20.0519 83.2009 22.803 -86.3115 -76.1197 37.3585 10.0178 -87.988 -48.5129

Generation 3599:
Best Fitness: 500000
Average Fitness: 500000
Best Individual: 0.00214282 -0.000315863 0.000138905 0.000438417 -0.00319257 9.37112e-05 -0.00219222 0.00470347 0.00219549 0.00125237 0.00415512 -0.00716441 0.000780151 0.00401025 0.000279419 0.00474112 0.00346371 -0.00279448 -0.000652881 0.000924581 0.000497371 0.00135663 0.00108877 0.00139481 0.000144109 -0.000630446 0.000560472 0.00272626 0.00327133 -0.00146216 -0.000729852 0.00368531 0.00127862 -0.00779415 -0.00252342 -0.00182737 0.00100638 -0.000584208 0.00220611 0.00114782 -0.00177151 -0.00183274 -0.00230553 -0.00412888 -0.00500531 -0.000364291 -0.00202999 0.00140522 -0.00169076 0.00270958

Run #4
Generation 0:
Best Fitness: 370576
Average Fitness: 363765
Best Individual: -9.11962 71.5086 53.4624 25.5299 36.6801 10.6373 13.3283 -43.7789 24.978 32.9234 -4.24072 76.5276 51.5346 -28.5065 47.3078 -96.5978 -92.6445 41.1156 -29.6012 69.3768 25.622 -36.0325 -60.193 -12.5123 30.8174 85.319 -77.2815 19.8357 -12.3807 63.3821 15.4957 -39.6307 42.8394 -93.2741 -20.7827 94.5416 -3.16067 -21.8032 -81.591 29.0225 -82.599 30.768 19.0665 -76.901 9.11399 -39.0509 27.2416 -49.4377 -68.9642 -14.9955

Generation 4119:
Best Fitness: 500000
Average Fitness: 500000
Best Individual: -0.00253326 0.0042162 -0.00306041 0.00250701 0.00113485 0.0061869 -0.00301485 0.00189387 0.000895234 -0.000563029 -0.000864725 0.000645716 0.0012338 0.000791557 0.0047016 0.00483412 -0.00528515 -0.00101808 0.00181939 0.000607894 0.00306096 0.00225705 0.000189407 -7.70846e-05 0.00621758 -0.00288895 -0.000295193 -0.000143498 0.00119314 -0.000258576 -0.00149552 0.000375817 0.00759501 0.000186303 0.00262934 -0.00220408 -0.000727814 -0.000691936 -0.00212838 -0.00377348 -0.000800018 3.24728e-05 0.00380492 -0.00379858 -0.00301061 0.00424244 -0.00182138 0.00818978 0.00125938 0.002307

Run #5
Generation 0:
Best Fitness: 393690
Average Fitness: 377198
Best Individual: -4.18699 -26.2868 12.0799 17.1458 -18.2515 68.6875 23.2806 42.3936 46.0348 -5.4126 -84.0106 -22.9953 63.5592 15.5233 -33.8734 -3.1877 81.5752 -91.5039 11.0818 -42.5052 -48.2811 -4.38926 96.0353 5.94927 68.7734 81.064 -55.4886 -21.463 -33.6652 -17.9103 11.613 -43.1286 69.0158 35.4441 20.3471 -0.198935 8.85837 85.8605 -13.5681 -53.9759 73.0222 25.2642 60.1523 34.8287 -2.90212 -14.4641 51.586 14.8823 59.2449 29.4425

Generation 3664:
Best Fitness: 500000
Average Fitness: 500000
Best Individual: -0.00354306 -0.0024694 -0.00421806 -0.000329156 -0.000136368 -0.00277229 -0.00195076 0.00418553 -0.00124766 -0.00172833 -0.000736309 -0.00359638 -0.00605229 0.00225953 -0.0017358 -0.000947775 9.382e-05 -0.00374742 -0.0037823 0.00263656 -0.00411607 -0.0027072 -0.000342206 0.0012143 -0.00201897 0.00155306 0.00534307 0.00135401 -0.0033888 -0.00846089 0.00221717 0.00500555 -0.00248058 0.00176157 -0.00186941 -0.0020233 0.00117845 -0.000790845 0.00029712 0.00193765 -0.00436651 0.000122019 -0.00372967 0.00686333 0.0026779 0.00125244 0.00108173 -0.000341125 0.00423122 -0.00042896

Run #6
Generation 0:
Best Fitness: 360797
Average Fitness: 352807
Best Individual: 33.0488 -2.24664 -57.7398 65.6624 -35.2307 -49.7898 52.5026 -90.574 -78.6541 -22.3059 14.8275 27.4463 -70.1243 31.7958 90.2667 -56.8524 84.9621 44.6545 77.5629 17.5495 0.557383 -56.3821 -86.2966 -38.6156 -57.818 -49.9969 -28.3709 -4.82065 -68.1227 29.9742 -64.3529 -70.9435 -22.3672 26.9186 38.1559 9.88584 26.9193 69.0063 42.8334 -28.2379 -68.7764 87.0374 -10.5893 17.2255 -52.8015 83.6165 43.8829 -1.66337 -33.7599 69.4882

Generation 3768:
Best Fitness: 500000
Average Fitness: 500000
Best Individual: -0.000698348 -0.00171847 -0.00476532 0.000136569 0.00300868 0.0058783 0.00086081 -0.000204862 -0.00106231 0.00080106 0.0027103 8.41285e-05 0.000161659 0.000621625 -0.00568695 -0.00215445 0.00445093 0.00302567 -0.0015017 0.000676988 -0.00160613 -0.0102906 -0.000820903 0.00428422 -0.000275325 0.00513462 -0.00407944 -0.000824535 -0.00150371 -0.000568517 0.00268325 0.00616393 -0.000408869 -0.00156588 -0.00194478 2.86299e-05 -0.000180883 -0.000850283 -0.0026418 -0.00173041 -0.000391282 -0.0032661 0.00971653 -0.00196687 0.000520283 -0.000278832 0.000433594 0.000704946 -0.000119537 -0.000704148

Run #7
Generation 0:
Best Fitness: 374083
Average Fitness: 365040
Best Individual: -38.1395 -72.755 23.7599 -78.5435 -68.6939 48.0696 -7.932 63.5093 -94.2311 9.69405 86.9353 41.85 40.4119 19.9222 -34.8129 -56.8593 21.3311 27.7828 -27.4265 57.4752 -36.8503 -55.0685 66.0004 -91.6903 -49.5078 28.0832 23.3373 -32.0062 -40.1563 -71.3135 -12.037 30.1047 -13.9216 -71.0475 43.743 30.1642 -7.94693 13.708 -44.9174 -6.92085 52.6764 93.5314 -94.2538 -7.72691 20.0819 -78.9894 -20.0584 17.9158 33.9402 42.5139

Generation 3792:
Best Fitness: 500000
Average Fitness: 500000
Best Individual: -0.000158887 0.00221804 0.00093271 0.010211 0.000662936 0.00066415 -0.00172595 0.00169115 0.000152872 -6.52376e-05 0.00283795 0.000810292 -0.00046388 -0.00456278 -0.00333045 0.00370219 -0.000873378 0.00309077 -3.41975e-05 0.000824085 -0.00227003 0.00202666 0.00218343 0.000450959 -0.000133815 0.00528383 0.00127174 -0.00114205 0.000801088 0.0042912 0.000240853 0.000310211 -0.000777731 -0.00544562 -2.886e-06 -0.000157486 -0.00131602 0.00349947 0.00773341 0.00762599 0.00120733 -0.00464802 -0.000193948 -0.000183629 0.00305561 -6.45495e-05 0.00721314 -7.54382e-06 -0.00146053 0.00271318

Run #8
Generation 0:
Best Fitness: 386482
Average Fitness: 375060
Best Individual: 75.053 18.1695 -52.2154 17.2869 -98.474 47.6776 -34.8964 -34.9167 85.9356 34.0936 69.5688 -7.06222 -11.1659 -12.5165 -29.338 -18.553 62.1102 2.76072 17.7853 -84.4835 96.5272 -37.3602 32.7106 -75.9956 -32.8196 -53.4718 -19.2575 0.712695 -33.612 65.0551 50.9411 16.2882 1.49015 -57.7805 -28.7595 -27.1232 -7.29989 12.376 1.67856 79.5854 72.5627 -36.9009 21.8864 -44.2599 98.0744 -1.36378 13.4069 39.6817 -16.0299 -33.604

Generation 3428:
Best Fitness: 500000
Average Fitness: 500000
Best Individual: -0.000145961 0.000539933 0.000938729 -0.0063096 0.00354067 0.000708306 -0.00222195 -0.0020098 0.00120577 0.000497815 0.0035384 0.00313107 -0.00220926 -0.00613961 0.00854545 0.00083976 -0.000468011 -0.00219505 0.000979158 0.00357178 0.00217455 -0.00120832 -0.000765621 -0.000602175 0.00274172 -0.000134838 -0.00411462 -5.1438e-05 -0.000145793 0.00126423 0.00510558 -0.00309268 0.00281363 -0.00528216 -4.6122e-05 0.00527102 0.00199148 -0.000160451 -0.00010158 -0.00033546 -0.00289381 -0.00220984 -0.00258162 0.00272035 0.00563704 0.00273728 -0.00292133 0.00172849 -0.000763169 -0.000877878

Run #9
Generation 0:
Best Fitness: 362340
Average Fitness: 353680
Best Individual: -82.3343 52.9691 -22.8342 -55.334 -68.7159 -37.1728 -96.5465 -37.4098 -22.1534 -63.5353 -57.2606 -54.3703 34.9667 -83.0213 51.3817 2.77739 23.8117 6.96213 -14.7925 7.47244 -45.3745 -66.014 31.6588 62.4975 83.6711 16.4929 11.1784 80.517 99.0723 -3.57703 -26.9647 -28.5686 -89.8954 50.7622 -15.1673 -8.57864 -21.2334 37.9231 16.008 -74.6823 -64.0037 91.5954 -4.01599 -57.2999 -70.6789 -34.1637 -16.0833 -58.7686 60.4223 13.2616

Generation 3952:
Best Fitness: 500000
Average Fitness: 500000
Best Individual: 0.00220882 0.000679223 1.84713e-05 0.00650643 -0.0013908 -0.00101167 -0.0014076 -0.00812436 0.00255078 0.000350634 0.00437575 0.00217044 0.00270739 -0.000743846 0.000436196 -0.000249925 0.0108762 0.00183937 0.0024732 0.00150372 0.000525128 -0.00122913 0.0006431 0.00221439 -0.00162086 -0.00305892 -0.000434145 0.00166445 0.00186937 0.00726516 -2.48044e-06 0.00150949 -0.0024914 0.000999194 0.00171225 -0.000236122 0.00036911 -0.0012729 0.0011205 0.00043622 0.000877209 -0.00326234 -0.00519545 0.00355521 0.0019295 0.000814701 0.000283828 0.000171223 0.00573461 -0.00427734

Run #10
Generation 0:
Best Fitness: 369988
Average Fitness: 357526
Best Individual: -3.7347 37.4115 57.088 -97.0418 -87.0449 -4.32279 41.3484 13.6077 93.5566 78.8266 -9.37385 -71.7163 -94.8556 -14.4033 -34.5461 -1.22667 64.4487 -19.1459 13.0555 -27.9162 11.5299 -18.4213 23.5834 28.2033 98.1026 -53.882 -75.6003 -69.1583 -50.1233 -5.5396 -14.9211 -56.4721 41.1752 -51.9288 -48.1394 46.9111 8.18444 21.8603 39.2002 60.3494 51.7652 26.5532 -39.5831 -92.8842 44.8037 12.9708 21.9722 -60.8373 56.3081 36.5277

Generation 3896:
Best Fitness: 500000
Average Fitness: 500000
Best Individual: 0.0055987 0.0023391 -0.00198684 -0.00370545 -0.00291311 -0.000806718 -0.000799894 -0.00416974 -0.00241015 0.00432776 0.000378879 4.9041e-05 -0.000381747 0.00209919 0.0012213 0.00101382 0.0034452 -0.00801572 0.00135449 0.00162171 0.00111326 -0.0023226 0.00125297 -0.000213085 0.000838503 0.00179014 -0.00139612 -0.00332775 0.00349022 0.00091831 -0.00225417 -0.00414359 -0.00506067 0.0029902 -0.00566761 6.19955e-05 0.00347078 -0.000241395 0.00209831 0.00239374 -0.0013139 -0.00292638 -0.000627562 -0.00518358 0.00170591 0.0048686 -0.00290724 -0.00676692 0.00613036 -0.00050649



1/5 Success Rule
Run #1
Generation 0:
Best Fitness: 380135
Average Fitness: 362238
Best Individual: 33.6809 -63.7603 -77.066 0.25728 -70.639 96.8614 18.1948 -11.6797 -41.1913 -43.029 -25.5759 -38.7549 14.8513 -27.1915 69.9872 37.3672 58.368 -2.80706 -4.30727 -26.789 66.3827 -84.1357 70.2681 -79.2289 37.4784 68.689 -49.8081 -14.5041 -12.0355 28.6554 13.4411 59.0533 10.4911 68.075 35.2747 -45.9878 30.1486 19.4074 -75.634 -3.75131 -49.3225 -65.4101 4.6882 0.29657 19.7628 -75.8695 23.4674 -5.92859 -80.5583 -70.9673

Generation 4066:
Best Fitness: 500000
Average Fitness: 500000
Best Individual: -0.00029498 4.19748e-05 -0.00060677 -0.00401024 0.00483183 -0.00317147 0.00108693 -0.00387476 -0.00453512 0.000388251 -0.000634457 0.00212245 -3.55988e-05 0.00125801 -0.00330141 -0.00145781 -0.00180325 -0.00048809 -0.00271466 -0.00760424 0.00254163 0.00908258 0.000569745 0.00546936 0.00770457 0.00669543 -9.41549e-05 -0.00105589 0.00140746 -0.0014433 -0.00135283 -0.00102207 -0.00182027 -5.83796e-05 0.00193016 0.000181628 -0.00464517 -0.0005972 0.00115241 0.00366989 -0.000631233 -0.0022499 0.00108804 -0.00246111 0.000755857 0.000157446 0.00428579 -0.0044914 -0.00108529 -0.000886678

Run #2
Generation 0:
Best Fitness: 370412
Average Fitness: 346100
Best Individual: -17.3234 76.2492 54.1828 -74.6285 58.7465 68.8894 -29.2936 -5.54006 -43.7463 -6.90332 13.3885 -2.01785 -41.9713 -78.2076 -55.3703 -87.4026 -44.7398 88.6647 -0.98466 35.406 -52.328 -59.9808 -80.5745 -67.6726 -23.8564 -51.0747 15.9331 -19.5126 86.3569 -67.7961 -39.4266 97.7941 -67.1542 -5.65024 -57.2848 -29.3922 -5.65424 15.1768 36.9392 -3.95739 48.6102 -94.0631 -16.7043 13.6984 28.0573 -8.79183 -16.0453 5.32875 35.2155 69.0447

Generation 3869:
Best Fitness: 500000
Average Fitness: 500000
Best Individual: -0.00346038 -0.00287911 4.42875e-05 0.00157301 0.00178042 0.00342887 -0.00500961 -0.00597327 -0.000125469 -5.93872e-05 0.000521387 -0.000228691 0.00150372 -0.00110153 -0.00620354 0.00313335 -0.000700372 0.000332659 0.000589847 -0.00349515 -0.000573154 0.000578631 -0.00017129 -0.000896655 -0.00040966 -0.00232847 0.00108037 -0.00145369 -0.00269306 0.00108879 0.000357945 -0.0103798 -0.00126423 0.00100261 -0.0100643 -0.00187965 0.00417215 -0.0023443 -0.00201157 0.00399567 -8.77934e-05 0.00221323 5.44772e-05 0.000165969 -0.00118022 -0.00110757 -0.000487367 -0.00139582 -0.000200869 0.00690078

Run #3
Generation 0:
Best Fitness: 375037
Average Fitness: 367589
Best Individual: -60.9665 -11.7921 83.0531 4.66503 57.6159 -9.5182 -9.77316 24.9214 19.3503 -33.6009 -65.3025 -9.27051 -86.0387 -19.6538 6.49533 25.5853 3.77031 33.7351 -54.8295 -48.6197 -45.273 0.28306 -72.9311 71.6024 -26.4951 78.485 41.0673 -62.4582 97.1613 -20.751 -57.5699 -23.2202 -72.1948 -56.0651 -46.6905 -29.0008 37.933 -96.7985 -38.8662 -79.6402 -48.9726 34.2114 -69.1363 -29.2018 -6.414 -51.7645 -54.708 -8.86876 70.2003 -8.87164

Generation 3919:
Best Fitness: 500000
Average Fitness: 500000
Best Individual: 0.000416679 0.000233405 -0.00203186 -0.00170252 -0.0022914 0.00261056 -0.003265 0.000100145 -0.000816482 0.000127068 -0.000571703 0.00165896 0.00179084 0.00157883 -0.00106719 -6.06379e-05 0.00152361 -0.00242619 -0.00253684 -0.000690751 -0.00884469 0.00089237 0.00326368 0.00390228 0.0018349 -0.00233856 0.002941 -0.000368832 -0.00300771 -0.000274987 0.00525252 -0.000606808 0.000919331 0.00334363 -0.00192164 -0.000119816 0.00112598 0.0048959 -0.0072006 0.000586013 -0.0013417 0.00430803 -0.00185045 0.00337365 0.0123996 -0.000298933 0.000554894 0.000518072 0.000916569 -0.00206431

Run #4
Generation 0:
Best Fitness: 371000
Average Fitness: 360807
Best Individual: 31.4978 15.783 -8.47374 -20.9085 -54.9304 -10.0991 -5.30278 72.5638 75.7736 -44.4671 -37.3776 29.145 64.5163 35.2208 -72.2254 77.619 -8.18377 -18.022 70.5582 -51.6153 14.8216 72.8586 -6.93454 7.76657 42.3797 13.5959 -24.1449 95.7877 77.8105 20.4631 -82.1709 -36.6434 99.2337 -75.5336 41.4091 -4.17763 3.55376 2.02757 61.3433 -46.4364 50.5501 70.6373 -47.9083 -13.4212 71.15 -43.5832 65.4766 82.4562 13.761 -13.309

Generation 3570:
Best Fitness: 500000
Average Fitness: 500000
Best Individual: -0.00070698 0.00371594 -0.000384272 -0.000820992 -0.00122838 -0.00479188 -0.00277999 -0.000976532 -0.00532908 -0.000380209 -0.00635978 -0.00121232 -0.00331349 -0.00329659 -0.0032125 -0.00513473 -0.0021858 0.00241752 -0.00361337 0.00462538 -0.00593832 -0.00192396 0.00132558 0.00393371 -0.00100228 -0.00369975 0.00862083 -0.00231916 0.00327342 0.00112599 -0.000348859 0.00339671 -0.00180583 0.0021455 0.00233706 -0.00324569 -1.83134e-05 0.000382244 0.0016203 0.000626528 0.000431546 -0.00441504 -0.00317473 0.00312787 9.27281e-06 -0.00472001 0.000942545 -0.00140018 1.9919e-05 -0.00145113

Run #5
Generation 0:
Best Fitness: 377453
Average Fitness: 360872
Best Individual: -30.6651 24.1225 77.1804 32.0534 -52.2302 21.2361 30.4395 78.6462 -23.3888 70.4127 41.5352 18.9727 -48.2651 8.58561 41.9611 -32.2607 95.5493 63.8495 -32.3736 75.2022 2.12173 7.22337 -84.6933 13.2456 -1.88407 -61.2992 -83.8417 22.4149 68.4227 -24.6738 -46.603 59.0476 -59.8482 82.6913 -37.6193 -0.756109 -45.8453 38.9252 40.3852 -11.8689 42.6369 15.2043 -33.826 -53.6017 -2.16971 -55.6741 26.26 67.4505 75.6818 59.1741

Generation 4068:
Best Fitness: 500000
Average Fitness: 500000
Best Individual: -0.00442659 -0.000144279 0.00098628 -0.000220124 -0.00169194 -0.000683004 -0.000302308 -0.000393667 0.00115332 0.00549418 0.000296425 -0.001071 0.0110651 0.00108088 -0.00146628 -0.00318707 -0.00121971 0.00164185 -0.00138 0.00133231 -0.000884188 -0.00701454 0.00157844 0.00507833 -0.00399847 -0.000637739 0.00252077 0.00159453 0.00120747 -0.00467563 2.13546e-06 -0.00911485 0.000840955 0.000105381 -0.00367641 0.000906032 0.00228342 -0.00371453 0.00173088 -0.00288159 0.00197552 -0.000370575 -0.0022338 -0.0023442 0.000623079 0.00127324 0.000305782 -0.00315677 -0.000869588 -0.000444637

Run #6
Generation 0:
Best Fitness: 388596
Average Fitness: 377423
Best Individual: 43.0429 -31.5527 -42.1763 7.31168 36.1194 -53.1585 -17.947 -68.7962 -64.0819 0.417798 83.1976 -7.85418 -83.3199 6.14104 -48.8128 35.6552 44.7849 66.5948 -88.1132 -92.0061 -48.6931 9.57718 24.3364 -56.2481 -42.4827 55.6657 -35.059 -48.5335 22.775 -52.8772 29.5869 -1.96061 47.4628 69.1919 -39.2741 -1.05633 30.1187 19.7373 -43.8415 31.901 -37.7692 -64.0331 53.984 -8.09736 37.6746 95.9819 40.2125 4.89842 9.35833 -11.6867

Generation 3458:
Best Fitness: 500000
Average Fitness: 500000
Best Individual: -0.00176461 -0.00305487 -0.000454156 -0.00104267 0.000776552 -0.00252772 -0.00253499 -0.00156798 0.00210525 -3.64337e-05 0.0016004 -0.0114743 -0.000232189 0.00206535 -0.00102599 0.000562597 0.00130694 0.000238208 -0.00086543 -3.93373e-05 -0.000448678 -0.00642104 0.0017871 -5.64543e-05 0.00655731 0.000545096 -0.00277386 -0.000966464 0.00028028 -0.0062297 0.00032514 -0.00215863 -0.00179565 0.00032227 0.00308558 0.000387709 -0.00310035 0.000185945 0.00125029 0.00307756 -0.00162877 0.000494151 -0.00391804 0.00180143 0.00069743 0.0107453 0.000939952 0.000232232 -0.000214437 0.000649119

Run #7
Generation 0:
Best Fitness: 389172
Average Fitness: 374793
Best Individual: -56.8468 19.8139 61.9671 33.1346 14.7551 47.5015 22.8576 -76.1047 65.6962 87.4148 -17.7581 18.1903 82.9498 34.3921 24.8145 90.2894 -43.7767 47.4595 3.80078 6.65541 27.1666 56.7427 42.6964 17.7549 -67.1976 9.80522 -44.3175 53.2299 -5.93123 3.78702 -56.3133 -58.2541 13.9587 -49.4326 -65.6863 18.9014 29.9156 -62.2386 -14.6903 -14.8843 0.689532 -82.2766 -17.9283 -20.4204 52.6949 4.68129 67.5432 -98.5244 -1.16864 10.4899

Generation 3812:
Best Fitness: 500000
Average Fitness: 500000
Best Individual: -0.00133375 0.00132978 -0.00464608 -0.000683159 -0.000840251 -0.00174865 -0.00153067 0.000370947 -0.00131953 0.00126422 0.000442986 0.00401753 0.00620125 -0.00218196 -0.00113367 -0.0006629 -0.0026216 0.00243213 0.00247449 0.00483419 -0.00116944 0.00241592 0.00239974 0.00107448 0.00124521 5.59803e-05 -0.00233999 0.00680727 0.00163413 0.0038516 -0.000936003 0.00409917 -0.00339878 -0.000936844 0.00748338 -2.20273e-05 0.00532704 0.00195628 0.000496792 0.00297877 0.000435667 -0.00153771 -0.00244419 0.00137122 -0.000927642 -7.25053e-05 -0.00273355 -0.00466406 0.00774452 -0.00483386

Run #8
Generation 0:
Best Fitness: 359139
Average Fitness: 348126
Best Individual: 14.1937 36.59 -24.8549 -65.6389 -10.4544 -41.7625 -28.7455 -83.5515 9.63705 9.91418 -71.313 -93.0229 52.3106 58.8058 -2.34231 60.1337 -0.555722 -93.5947 26.8497 -88.9429 -72.9126 -55.4354 -39.6101 -33.8763 -84.8208 68.6092 -89.9952 -9.13583 -19.9088 -45.6733 -5.29111 26.1546 -93.1438 -30.4021 -0.372022 -18.4151 -67.3456 32.8125 -23.668 -0.706792 -53.2521 58.1294 23.7995 -75.4386 -59.6313 58.0252 -24.2494 -64.9812 91.3945 3.59755

Generation 3812:
Best Fitness: 500000
Average Fitness: 500000
Best Individual: 0.00715094 0.000264926 0.00535578 0.00288057 0.00162041 0.00167632 0.00143715 -0.000960969 -0.000281782 0.000282036 -0.00331148 -0.00231234 0.000528818 0.000169427 0.00414587 -0.000745886 0.00128694 -9.93415e-05 0.00113762 0.00217136 -0.000727822 -0.00622518 0.00336939 -0.00503437 0.00368058 0.00755408 -0.00674583 -0.00181554 -0.00704751 -0.000479534 0.00018824 0.000816961 -0.000825479 5.96034e-05 0.000650505 -0.000356417 0.000751575 0.00212267 0.0018851 -0.00218891 0.000169234 -0.000635161 -0.00140579 0.00153542 0.00188339 -0.00272104 -0.00105546 0.00830199 -0.000578483 -0.00249225

Run #9
Generation 0:
Best Fitness: 381415
Average Fitness: 362441
Best Individual: 10.9659 -14.3153 49.3856 -41.7572 -19.6394 50.3751 -0.918884 19.2994 -60.4899 22.3 38.5838 20.7152 5.14043 -53.2648 75.3479 79.1945 70.1124 1.65145 11.3907 15.1561 12.2423 72.8817 99.8558 52.6381 63.5924 -43.0082 -55.0814 32.8138 22.3757 -82.9163 37.4871 17.3095 -27.2899 66.824 -62.159 -44.2216 68.8254 -38.0169 18.135 26.4552 60.269 -55.3258 -98.0018 3.46165 23.0848 -45.3662 -40.5576 72.7208 -32.8937 -40.8977

Generation 3997:
Best Fitness: 500000
Average Fitness: 500000
Best Individual: 0.00210276 -0.000554014 0.000725293 -0.000657273 -0.00624173 -0.00158962 0.00334337 0.00023624 -0.00292054 -0.000128398 0.00235422 0.00105901 0.0017616 0.00442316 0.000694083 0.00456102 -0.00025942 0.000443835 -0.00153092 0.00269341 0.00259684 -0.000827736 0.000920833 0.00570848 0.00237614 0.00104941 -0.00124911 0.00160729 0.0040861 4.51359e-06 0.000199023 -0.00341294 -0.000218172 -0.0020425 0.000487506 -0.000134283 -0.000236799 -0.00153777 0.00633037 0.000385117 8.37085e-05 -0.00106304 -0.00308048 0.00036939 -0.000689449 0.00581146 -0.0122789 0.0040167 -0.000871134 -0.00588383

Run #10
Generation 0:
Best Fitness: 372188
Average Fitness: 354744
Best Individual: -10.2353 -8.56253 -12.2787 3.74961 -65.0448 -58.0122 0.113428 72.2956 -65.7839 84.1242 51.4906 -27.53 -90.0495 15.796 -26.6762 68.8262 66.5228 50.2951 -81.4085 45.2824 63.2721 -3.00375 54.0341 83.086 30.5846 91.5934 -28.4422 -49.8787 -4.21403 -1.55943 50.158 15.7178 75.3996 20.3543 -19.1877 -81.4183 -10.9157 -11.8438 82.1568 32.8343 -23.0851 68.1889 -36.4152 -15.0492 20.3325 -99.7581 23.8411 18.6641 -32.6371 -19.626

Generation 3904:
Best Fitness: 500000
Average Fitness: 500000
Best Individual: -0.00278826 -0.000419662 -0.00172807 -0.00562799 -0.00189795 -0.00114143 -0.000757637 -0.000972547 0.00186592 -0.000365348 8.85845e-05 0.00237445 -0.000417854 0.00208063 -0.00391216 -0.00266511 0.003324 -0.000976163 0.00293369 -0.0028092 -0.00268072 0.00437862 -0.00708389 0.00388383 0.00190439 -0.000356089 0.00172692 -0.000129581 0.0034905 0.00387036 0.00178917 -0.00139256 0.00533378 0.00660202 -0.00100778 0.000905333 0.00261292 -0.00373807 -0.00155598 -0.000838595 -0.00429895 -0.000352368 0.00921299 0.00432029 0.00282999 0.00123694 0.00170973 -0.00169812 -0.000476214 0.00470695



Average Pairwise Distance
Run #1
Generation 0:
Best Fitness: 370846
Average Fitness: 360612
Best Individual: 33.6445 48.3886 35.0944 56.3544 36.3982 -45.5182 60.2819 -48.5969 15.7275 62.3275 -27.2264 80.0285 30.9194 32.3358 34.4608 50.2012 80.1229 25.1395 -78.1769 75.6928 13.4584 -47.8581 25.7046 68.6734 13.4652 63.2228 14.0756 49.9151 62.8762 62.8815 -93.9776 -48.0208 22.9966 -1.02999 90.7667 47.6666 15.6476 -10.0747 84.8082 -50.8643 28.5714 52.5424 -39.5934 -32.361 -24.7219 -32.8924 -50.9268 -2.89577 -30.4884 -95.797

Generation 3893:
Best Fitness: 500000
Average Fitness: 500000
Best Individual: -0.000774815 -0.000233128 0.00137176 0.0128615 0.00177052 -0.000922378 0.0038385 -0.0015419 -0.000342506 -0.000921123 0.00296458 -0.00335307 0.00236762 -0.00107768 -0.00159135 -0.00242163 1.86252e-05 0.00110651 0.00212815 0.0023886 0.000544296 0.00249113 0.000716416 -0.00158298 -0.00130296 -0.00188 0.000809298 -0.00432766 -0.00115809 0.00028211 0.000461469 0.00205951 0.00736172 -0.00119223 0.00157022 -0.00365877 -0.000248677 -0.000963051 -0.00263449 -0.000105613 0.00423902 0.000295429 -0.00195915 0.00470095 -0.00163217 -0.000742631 0.00263699 -0.000477664 -0.00210929 -0.00187451

Run #2
Generation 0:
Best Fitness: 380255
Average Fitness: 365391
Best Individual: -37.7014 -19.6773 -17.3084 -41.3731 -51.3835 -48.1729 26.6762 -30.5926 66.0993 36.0663 -57.0957 64.9681 23.8979 -24.2303 -67.6662 -28.7607 -8.7415 -27.145 -93.2179 -53.7874 98.5716 -58.9029 5.10692 -35.9922 47.0601 47.2925 -1.89209 43.0248 56.5903 36.1281 36.398 49.1727 47.5635 -48.7254 -32.7673 -68.0007 47.0997 40.3148 98.8031 -61.1648 29.147 71.0522 -41.6057 15.4165 -29.6114 -62.9145 4.90123 81.0603 -16.3586 21.6917

Generation 3712:
Best Fitness: 500000
Average Fitness: 500000
Best Individual: -0.00240357 -0.00544577 0.00306481 -0.00209926 3.8738e-05 -0.00300431 -0.00157046 0.000577898 -0.00495488 -0.00352041 -0.00266119 -0.000930493 0.000268216 -0.00469889 0.00118738 0.000587027 -0.00645358 0.000923561 0.00633938 0.000450201 -3.40575e-05 -0.00898931 0.000975277 0.00185134 -0.000568751 -0.00363222 -0.00134981 -0.00162697 0.00268198 0.00242879 0.00295492 0.00181598 0.00107813 -0.00401472 -0.00367725 0.00218535 -0.000175727 1.86475e-05 0.00156476 0.00255975 -0.00417313 0.00265851 0.00530164 0.00321709 0.00306142 0.00203404 0.00149934 -0.000433987 -0.00158742 0.00571224

Run #3
Generation 0:
Best Fitness: 353583
Average Fitness: 343118
Best Individual: -31.1065 -22.5459 40.2316 -8.25932 -11.3081 -81.7293 -94.1164 -44.6985 54.8316 28.4714 48.4738 68.4201 76.0167 35.4898 -70.427 94.6373 -98.0494 55.3259 1.8572 87.1101 -50.1709 -36.1295 57.758 -42.7366 -1.66077 16.1134 70.8256 52.255 71.536 -36.8654 -14.2787 -52.7352 -17.5074 -9.29505 40.1594 -73.919 -3.66091 30.053 1.21692 -63.215 -85.0342 30.4383 -25.0846 60.9553 -94.4527 6.9042 -42.2337 90.7897 -51.8322 5.21081

Generation 3922:
Best Fitness: 500000
Average Fitness: 500000
Best Individual: -0.0043292 -0.00666339 0.00661599 -0.00201818 0.00781883 0.00168969 -0.0005786 -0.00263421 -0.0020806 -0.000470765 -0.00184734 -0.000482946 -1.03565e-05 0.0027421 -0.00202887 0.00306034 0.00153418 0.00122352 0.00539118 0.00303066 -0.00047996 0.00248339 -0.00141026 -0.00160707 5.69302e-05 0.00349443 0.00686416 -0.000966492 -0.00252271 0.000321953 -0.000511976 0.000743165 -0.00032143 -0.000986821 -0.00235918 0.00175761 -0.000792455 -0.00175102 0.00902518 -0.000125819 0.00564704 0.00197012 -0.00039505 0.00177068 -0.000153851 0.00200793 -0.00242246 -0.00122656 0.00329956 0.00109253

Run #4
Generation 0:
Best Fitness: 358315
Average Fitness: 346165
Best Individual: -24.6987 -71.9022 0.23796 10.7281 17.7357 93.3333 57.0759 -7.14564 -34.184 84.9659 69.6018 62.8211 10.7177 -27.7078 -37.8633 -79.4002 -74.9834 40.533 41.9973 88.339 -33.0802 -44.8761 -54.7315 19.5106 -49.93 -82.8722 0.122625 -37.2259 -76.0031 -89.5919 -48.8611 42.8705 -94.9627 47.6836 27.5691 62.4618 47.32 -3.97969 55.4698 -79.8033 1.31292 0.920754 64.1235 1.99728 -18.635 -61.6213 16.9307 31.8536 -72.4059 -51.6017

Generation 4193:
Best Fitness: 500000
Average Fitness: 500000
Best Individual: -0.00257447 -0.000802965 0.00495112 0.000920444 -0.000229056 0.00142112 -0.00173888 0.00635025 -0.000685631 -0.00484544 -0.000365776 -0.00278281 0.00129355 0.000770384 0.00178642 -0.000345039 -0.000381371 0.000348326 -0.00564398 0.00160531 -0.00239454 -0.000851018 0.002124 0.00259437 -0.00908269 0.00231637 -0.000816934 -0.00808399 -2.43682e-05 0.00311802 -0.00113926 -0.00247978 -0.000456465 -0.00298484 0.00604126 -0.000894112 0.00113277 -0.00124568 0.00215671 -0.00211474 -0.00852201 -0.00150667 0.000129908 -0.00274853 0.00219896 -0.00158088 0.000146356 0.00209333 -0.000525334 0.00284379

Run #5
Generation 0:
Best Fitness: 361851
Average Fitness: 354434
Best Individual: -21.004 12.3164 7.82196 54.9925 -48.4584 -34.1194 64.3208 -12.6581 8.73272 31.7131 -65.1773 -69.8831 19.63 19.4549 91.4037 20.7297 83.7589 81.5761 -59.4228 -87.7836 -18.4468 2.38528 -59.6831 25.1114 -89.5343 -40.0275 91.7212 59.395 26.5175 69.6685 87.5571 86.5529 -17.8468 -10.9495 33.4665 -82.3651 16.0985 29.4701 63.6772 2.50122 -33.2268 -47.4714 31.6715 51.3674 -50.1942 -29.9594 -29.7081 -32.5691 -93.1363 -3.16141

Generation 3826:
Best Fitness: 500000
Average Fitness: 500000
Best Individual: -0.00570085 -0.00633666 0.000715209 -0.00387814 1.62404e-05 0.00117442 0.000357305 0.00410807 -0.00427477 -0.000596502 -0.000549788 0.00271644 -0.00101707 0.00338987 0.000398504 0.000947422 -0.00425798 -0.000251855 -0.00297672 -0.00101553 -0.00654114 -0.0018849 -0.0022836 0.00804796 -0.0083476 0.0020453 0.00459151 -0.0043543 -0.000291129 -6.06887e-05 0.000111143 -0.000138303 -0.000378324 0.000613988 0.00129568 -0.00275771 -0.000187032 0.00262929 -0.00338544 0.00344573 -0.00323331 0.00453125 0.00200426 -0.00331407 -0.000579441 -0.000554208 0.0027023 -0.00115628 -0.0011075 0.000452855

Run #6
Generation 0:
Best Fitness: 390648
Average Fitness: 379292
Best Individual: 35.902 11.6579 -33.0754 54.9708 -43.6814 61.4996 -85.736 -91.465 39.4377 -13.4576 30.4504 13.7358 -22.6815 -11.085 -93.5492 -81.7472 7.64185 -73.0041 52.3573 -73.8596 14.2842 -3.98639 10.9467 31.046 47.1082 32.2088 39.2203 37.3686 0.927398 -36.684 -21.7645 8.14999 -4.83358 -50.1655 -99.0089 -19.5351 -21.0169 7.42975 -20.5547 -38.2107 20.9055 -8.87053 27.9268 21.1811 -95.5192 21.9055 37.0323 94.6093 13.1466 55.9046

Generation 3698:
Best Fitness: 500000
Average Fitness: 500000
Best Individual: -0.00330332 0.00225867 0.000817299 0.00188249 -0.000655321 -0.000155045 0.00143206 -0.00135745 -0.00119305 -0.00174476 -0.0015267 -0.00279347 -0.0033815 -0.00288889 0.00444985 -0.000206679 -0.00100028 0.00477003 -0.00235207 7.82662e-05 0.00159815 -0.00153435 -0.00454952 0.000215906 0.000300085 -0.0031355 0.00461657 -0.00421447 0.000278382 -0.00242713 0.00398041 -4.94969e-05 0.00278885 0.00174179 -0.00184989 -0.00232309 0.00680445 0.003971 0.000327392 0.00703007 -0.00429313 -0.0076152 0.000585981 -0.00130804 0.00616815 -0.000883563 0.000930653 0.00227834 -0.00377321 0.00487102

Run #7
Generation 0:
Best Fitness: 365667
Average Fitness: 357001
Best Individual: 3.68419 -63.8241 -68.1365 -6.56609 -54.1613 -1.32619 71.0741 17.6183 51.09 40.4424 17.1693 -77.4329 99.2082 61.4111 27.8718 -8.98163 -41.6085 -86.7786 -77.4907 41.1235 1.10216 23.0042 31.1657 -96.4632 -80.0357 -10.0573 -44.5495 -30.2109 21.9627 -16.2302 -27.9872 -60.7189 -47.8838 47.2621 39.3415 -12.564 -33.1424 -60.9274 73.9837 77.625 22.8286 77.1118 11.4295 -41.0568 -49.0563 -59.3319 -53.6786 -92.7822 29.9207 17.3724

Generation 3767:
Best Fitness: 500000
Average Fitness: 500000
Best Individual: 0.000859184 -0.000754426 -0.00207011 -0.000461657 -0.0035117 -0.000948759 0.00366092 0.00378475 -0.00122793 -0.00114052 -0.000263496 -0.000492538 -0.00170545 -0.00527808 -0.00320804 -0.000424292 -0.00491112 0.00298055 -0.00163007 -0.000216809 0.000759087 0.00160087 -0.00394024 0.0013184 7.5494e-05 0.00298969 0.000182613 0.00283199 -0.00235232 0.000297496 0.00126872 -0.000912611 -0.00290421 0.00262993 0.000874171 0.000928201 -0.00113858 0.0030645 0.00965733 0.00931747 0.00518402 -0.00497932 -0.00140602 0.001761 0.0011986 7.4977e-05 0.000869037 0.00450992 0.00376694 -0.00507877

Run #8
Generation 0:
Best Fitness: 360672
Average Fitness: 346669
Best Individual: -5.07574 -83.7456 -92.9465 78.0415 -23.1578 -44.392 -56.0754 23.6426 -43.199 59.818 -66.953 4.60728 -7.58011 21.6478 44.6449 20.2187 16.2901 94.9882 84.2202 -88.4774 -4.0673 -90.5545 -4.3726 10.0504 64.2316 -69.897 -29.4962 -0.955989 37.947 -5.27045 -73.8454 -75.4668 76.8751 35.7755 -14.2929 3.29618 -80.0242 -70.649 -33.106 -45.9082 8.62948 91.4597 -41.8618 77.7323 22.5667 -29.5978 8.90775 -38.8659 -41.9777 3.96934

Generation 3654:
Best Fitness: 500000
Average Fitness: 500000
Best Individual: -0.00422101 -0.00171756 -0.0017382 -0.000122299 0.0087277 0.00196225 0.00333169 0.000914112 -0.000619398 -0.00577608 -0.00266135 0.00638493 0.00400498 -0.004037 0.00214713 -0.000426896 -0.000423434 0.00425815 0.00299429 -0.00605959 0.00547503 0.00396956 -0.000863863 8.48311e-05 -0.00345514 0.00658488 -0.00125469 -0.000189445 -0.000913147 -0.00442378 0.00093079 -0.00388565 0.00281346 -0.00107829 0.00138936 0.000295145 7.33713e-05 0.000402511 -0.00303785 1.68484e-05 -0.00322678 -0.000870789 -0.00273742 0.00226626 0.00130344 -0.00109383 -0.00191197 0.00214968 0.000533777 0.00146191

Run #9
Generation 0:
Best Fitness: 368252
Average Fitness: 353275
Best Individual: -19.6961 -30.3072 -48.2804 -47.0725 -14.5746 -60.6631 -15.9296 -63.693 -24.5122 -58.189 -85.3048 -87.1851 -40.1574 -25.4257 -63.6901 24.4301 58.0835 59.6352 -40.4029 -51.9783 -77.2519 -32.998 -84.0027 13.1358 44.155 -97.3233 27.5702 4.58136 -59.8327 -44.9525 -74.8103 -89.5486 19.9515 -15.9986 2.72284 -20.8727 74.793 91.797 -11.0503 25.8689 -46.9576 -43.7056 89.0073 -34.2172 -5.69467 -66.9205 22.8162 12.6864 -9.53436 9.65286

Generation 3783:
Best Fitness: 500000
Average Fitness: 500000
Best Individual: -0.00124034 0.000583173 0.0024645 0.0030094 -0.00478788 2.58691e-05 0.0026743 0.000462019 -0.00278405 -0.00547371 -0.000892709 -0.00207113 -0.00603236 -0.00348869 -0.00261418 -0.00060656 0.000221257 -0.00324135 -0.00143211 0.00602532 -0.000324667 0.00169982 0.00208157 -0.000394549 0.00167406 2.9598e-05 -0.00633932 -0.00460368 -0.00226283 -0.010501 0.000221441 -0.00128295 -0.000593925 0.00367828 0.000629944 -0.00262744 0.00178687 -0.00293034 -0.000931428 0.00413434 0.000347085 -0.00201509 -0.00171247 0.000547417 -0.000871084 -0.00052195 -0.000394219 0.000735015 0.000668242 -0.00166905

Run #10
Generation 0:
Best Fitness: 382260
Average Fitness: 366547
Best Individual: 55.4584 -41.6955 74.7399 53.5191 -36.5858 -17.0971 15.2275 20.546 28.0765 95.2195 84.1159 -59.9724 -23.4956 -69.3391 -31.6204 85.0096 49.6879 22.4689 -59.6534 -20.0163 -65.9615 -54.3257 75.0153 34.8931 2.04199 14.725 63.1038 76.6845 30.0042 -3.04949 -31.7301 16.0055 -51.0512 4.02302 4.73932 25.77 67.3929 84.5801 31.545 -9.6954 47.2679 35.9051 -14.2866 -29.1453 -10.8888 -40.5462 12.7105 74.1367 -68.4142 -38.7301

Generation 3913:
Best Fitness: 500000
Average Fitness: 500000
Best Individual: -0.00425538 -0.00375428 -0.00362987 0.00503993 -0.000384529 0.000123873 0.00224826 0.00288909 -0.00118891 0.00597507 -0.00137906 0.00152658 0.000421345 -0.00092937 0.000605228 0.00118826 -0.0010038 -0.000736769 -0.00307603 -0.00185207 0.00295861 0.00520485 0.00301082 -0.00342392 0.000766486 -0.000330038 7.6336e-05 0.00596866 0.00276046 -0.000182591 -0.00302075 -0.00446111 -0.000920698 -0.010498 0.000900282 0.00107213 0.000426731 8.49772e-05 -0.000254085 0.000887991 0.00244365 0.00283059 -0.00147862 0.00250413 -0.00222794 -0.00485399 0.000109132 -0.00188851 -0.00165873 0.0051403



Cosine Similarity with Compare
Run #1
Generation 0:
Best Fitness: 367406
Average Fitness: 356644
Best Individual: -1.04903 42.9584 15.4824 -22.857 -77.3632 -74.3833 -66.7414 6.51245 -69.3793 45.5661 -82.4859 -61.0673 -8.9347 54.1179 -30.5523 -28.8571 24.452 4.06842 19.1007 -49.4127 -91.5924 97.8893 78.6945 -39.4 6.67488 -52.4551 7.44749 58.2261 -71.7082 -39.7514 -6.37294 -22.6095 -12.3996 47.7723 99.653 -41.4681 -28.6021 55.3217 -94.6474 -13.8924 -67.6564 29.4995 -15.0582 55.5045 -8.08279 -28.4223 34.1726 76.1971 57.6942 38.2508

Generation 3520:
Best Fitness: 500000
Average Fitness: 500000
Best Individual: 0.000306276 0.00485029 0.000548431 0.00816021 -0.00304501 -0.00302927 -0.000379415 -0.00171359 -0.00360352 0.000531965 -0.000592227 0.00316639 -0.00545859 -0.00305562 -0.00294483 0.00221582 -0.00250681 0.00122048 -0.00304318 2.10642e-05 0.00241176 0.00127201 -0.00391607 -0.00403516 -0.0011628 0.00245052 0.00119916 0.00309076 0.000118726 0.00195164 -0.00337215 1.01462e-05 -0.00199261 0.00410956 0.000455538 0.000991433 -0.00608898 -0.00161462 -0.0017019 0.00246835 -0.00741757 0.00195961 0.0018402 -0.00271927 -0.000845734 0.00418952 0.00234652 -0.000278516 0.00198175 -0.000333942

Run #2
Generation 0:
Best Fitness: 369820
Average Fitness: 360643
Best Individual: 63.806 45.0469 29.1112 -25.7855 6.56233 -15.3425 7.04231 -76.1115 68.9872 -43.2141 35.4642 60.2352 32.0488 12.4775 11.6597 -77.6498 41.9139 58.5407 -67.3457 -90.4987 -75.1385 19.9316 6.69349 -76.8502 48.4367 -9.49539 76.3115 46.5755 94.9358 10.0856 61.8927 91.7648 30.075 -1.30363 7.01688 15.0832 -90.5959 76.998 2.12031 -13.8581 -52.196 59.4734 35.2071 -13.7004 34.4197 31.5725 -78.6869 -49.5936 24.3143 -27.632

Generation 4196:
Best Fitness: 500000
Average Fitness: 500000
Best Individual: 0.00104092 -0.00753253 0.00477477 0.000109579 0.000348316 0.00809547 0.00226671 -0.00468786 -0.00286383 -0.00531817 -0.00362958 0.000552844 0.00402629 0.000591151 0.00264923 0.00357568 0.00171966 -0.000109377 0.00211143 -0.00701196 -0.00346681 -0.000362501 -4.38406e-05 -0.000174333 0.00167325 -0.00313059 0.00216873 -0.00203903 0.00232048 -0.000293099 0.00417739 -0.000504224 -0.00117596 0.00158694 -0.00322849 0.000271796 -0.00355541 -0.00227072 -0.000642805 -0.00362543 0.00039511 -0.00238878 0.00166505 0.0032868 0.00102992 0.00483703 0.00112839 0.00402329 -0.000737345 -1.58749e-05

Run #3
Generation 0:
Best Fitness: 371920
Average Fitness: 362775
Best Individual: 60.7117 77.0168 76.7522 -70.1452 34.8599 -10.7821 -33.6947 -56.3727 -43.9106 95.7975 -38.5066 1.39714 -48.0274 -74.07 -66.5814 34.8911 7.29284 52.1668 -17.1948 -34.6717 -56.8268 -9.71466 19.3939 34.405 31.1045 -29.392 29.5004 73.0023 -47.7816 70.0229 -46.5966 -20.2052 -35.0957 -38.1018 -62.5581 -31.3793 -11.6331 3.58774 39.4318 -68.3325 53.7478 80.5989 -40.5801 9.1108 99.0801 -53.2563 -38.247 89.2704 27.9866 -24.1608

Generation 3815:
Best Fitness: 500000
Average Fitness: 500000
Best Individual: 0.000601915 -2.7625e-05 0.000457416 0.00168735 -0.000277275 0.00185061 3.02264e-06 0.00583554 0.00129383 -0.00305512 -0.00070328 0.00299912 -0.00183405 0.00489796 -0.00414347 -0.00452942 0.0013328 0.000518914 0.00386215 0.00308734 7.4399e-05 -0.00104783 0.0087288 0.00188082 0.000171853 0.00209073 -0.00137388 -0.00180401 0.000513019 0.00987939 -0.00251366 -0.00161418 -0.0024545 -0.000878604 -0.00155974 -0.00841368 0.0029403 0.000496466 -0.00113159 1.16998e-05 -0.002423 -0.00282651 0.00160764 0.000298313 0.000555596 0.00239025 2.56051e-05 0.00244815 -0.00142382 -0.00208343

Run #4
Generation 0:
Best Fitness: 378125
Average Fitness: 366342
Best Individual: -74.5874 3.16067 -11.0565 37.9517 74.0486 -4.87349 -13.3236 76.2595 43.9832 -1.4131 38.5197 74.7855 9.21186 42.6071 -25.0569 -37.1244 -75.0225 -24.6643 -51.6049 -64.1781 -5.18923 -44.0884 65.974 -4.52146 -10.871 -65.6795 -54.4424 -3.82594 81.3483 17.912 -58.5364 42.9637 71.4174 98.326 85.332 -56.0871 -20.0238 4.13074 -29.9268 20.9564 3.72554 -20.0923 72.9976 -51.9268 -20.3784 70.9152 -36.104 -13.9168 54.4385 -75.1716

Generation 3790:
Best Fitness: 500000
Average Fitness: 500000
Best Individual: -0.000171972 0.00220271 -0.00199846 0.00384571 0.000145327 -0.00154216 -0.00363588 0.00395569 -0.00178096 0.00152008 -0.0013564 -0.00158053 0.00159792 0.000884329 -0.00416532 -0.00271173 0.000551355 0.00441827 -0.00419235 0.00168454 -0.00723692 -0.00202066 0.00191854 -0.00133908 0.00214411 0.000214711 -0.000437185 -0.000104912 -0.00274261 0.0007702 -0.00413743 0.0016351 0.00387903 -0.00292215 -0.00127605 6.80611e-05 -0.00554369 0.00727646 0.00114607 0.000387978 0.000821794 0.00218971 0.003422 -0.00275492 0.00108424 -0.000836486 0.000404058 0.000151873 -0.000704599 -0.00115224

Run #5
Generation 0:
Best Fitness: 390165
Average Fitness: 368952
Best Individual: -4.23203 26.736 -70.3631 64.4593 -13.8058 84.8388 42.7056 -19.5605 24.4072 -42.51 28.8362 84.0134 -54.4188 68.3089 -66.951 58.9114 -21.8242 64.0728 16.7035 41.6551 -20.3078 -22.0032 -91.9867 12.9134 -17.049 79.7046 -28.2075 19.0351 -5.02669 -10.1265 11.0918 21.5573 12.4474 -39.6794 -20.8284 38.5908 -45.4889 -32.2937 -23.7965 47.4338 -46.3926 -9.45983 -94.0157 98.8005 -6.91592 15.9611 41.2184 -22.1783 -50.7086 62.6794

Generation 3849:
Best Fitness: 500000
Average Fitness: 500000
Best Individual: 0.00104254 -0.000834252 0.00564672 -0.00276642 -0.00320277 -0.000407209 -0.00104166 0.00204234 0.00324342 -0.000727626 0.00204169 -0.00300802 -0.00100943 0.000313883 0.000335744 -0.00481504 -0.000710235 0.00103017 -0.00705717 -0.0015335 -0.00214455 -0.00370203 0.00090442 -0.000709232 -5.79345e-05 0.00115029 0.000282112 3.35202e-05 -0.000265422 -0.000311404 -0.00558552 -0.00220653 -0.00013571 -0.00150673 0.0124383 -0.00297659 0.00567198 -0.001681 -0.00150041 -0.00138876 -0.00225236 0.00315724 0.00175313 -0.00130465 0.00277239 -0.000413934 -0.00190243 0.000456342 -1.43267e-05 -0.00294757

Run #6
Generation 0:
Best Fitness: 357396
Average Fitness: 353465
Best Individual: 84.3552 -63.8822 -60.518 7.60294 14.1566 51.3686 22.5772 40.0321 74.9211 -2.90321 -4.00363 85.3903 41.9892 55.5251 -22.6737 -19.8166 58.11 -65.3046 -52.3105 31.2875 -6.88808 -70.2043 4.81768 27.1077 -80.1255 36.9711 -43.587 -85.2728 -29.1051 -89.4699 -26.6098 -48.4307 -63.664 -51.9059 7.2905 48.7279 94.9234 -78.7434 81.4744 26.5829 -7.41765 -37.2821 34.9574 -13.6397 -78.6959 -82.4651 -36.3647 -87.5862 21.4312 -23.0799

Generation 3967:
Best Fitness: 500000
Average Fitness: 500000
Best Individual: 0.00101226 -0.00530516 -0.00312921 0.000519977 -0.00628982 -0.00341764 -0.000348302 -0.00203318 0.00114053 -0.00326254 0.000829827 -0.00112985 -0.000376283 0.00562478 0.00329709 -0.000454204 -0.00037679 -0.006726 0.000507238 0.00442533 9.35697e-05 -8.30481e-05 -0.00574161 -0.00205101 0.00387861 0.0011949 0.000674959 0.00328596 -0.00137487 0.00062383 0.00173984 -0.000291382 0.00831865 -0.00115301 -0.000770288 0.00462749 0.00791787 0.000581613 0.00190474 0.00249059 0.00091859 -9.7765e-05 0.00483923 0.000209552 -0.000342254 -0.00232848 0.00287215 -0.00114705 -0.000236108 -0.000999406

Run #7
Generation 0:
Best Fitness: 373363
Average Fitness: 367316
Best Individual: 6.04122 -65.0776 -90.3998 31.3955 -11.588 -67.1442 34.7803 -3.26565 26.6758 -13.7677 33.8411 -16.4323 68.9199 50.6639 73.5656 -77.3766 -61.7084 -45.088 35.6625 20.6055 40.3983 5.68968 99.1904 23.0246 -8.68323 42.1506 -43.346 68.6374 25.7741 18.6925 -83.506 -57.7128 56.3078 8.76067 55.3029 35.7492 -48.5283 97.1389 14.6541 4.77992 12.1129 28.8381 34.6782 43.888 35.8177 59.3333 86.2838 -98.3543 -18.1844 21.3235

Generation 3949:
Best Fitness: 500000
Average Fitness: 500000
Best Individual: 0.00197304 -0.000397732 -0.000269575 -0.00231115 -0.0050215 -0.00806066 -0.00108156 -0.00311702 -0.000191829 0.00161102 0.000602221 3.58227e-05 0.000164504 -0.00576647 -0.00185394 0.00139283 0.00247322 -6.94739e-05 -0.0010943 -0.000954066 0.00109755 0.00118558 0.00413048 0.00244644 -0.000507677 -0.00272397 0.00437643 -0.00264738 0.00131778 -0.000921075 -0.000590504 0.00147981 0.00134662 -0.000478922 0.00273586 -0.00146653 -0.00155709 0.00867449 -0.00350819 0.00181072 0.000111362 -0.00396738 0.00155648 -0.00056803 -0.00666176 0.000654975 -0.00782996 -9.33886e-05 0.00303574 0.00174729

Run #8
Generation 0:
Best Fitness: 364950
Average Fitness: 359149
Best Individual: 30.7756 4.75311 61.0409 -5.75317 27.5298 66.06 21.1296 44.3818 -93.7329 50.869 38.0013 -10.2352 -7.78048 28.4014 49.6183 73.8906 -16.9839 -60.3686 41.8039 41.9824 -51.8136 -12.8167 -75.7508 11.5827 52.9924 43.268 76.7113 -20.437 69.1779 -56.8405 -65.4315 50.9409 -17.8422 -15.2294 -1.45204 4.86788 -62.7736 -73.2667 -93.2899 82.0168 -78.2647 81.3383 -38.3441 29.732 -72.2611 28.6247 -91.5883 57.1361 -20.3729 5.53122

Generation 4576:
Best Fitness: 500000
Average Fitness: 500000
Best Individual: -0.00150123 -0.00250526 0.000452686 -0.00472806 -0.00101621 0.00335037 0.00011626 -0.000260959 -0.00084064 0.000606355 -0.000900049 -0.000520113 0.00163705 0.00178833 -0.000481316 0.000468112 -9.60258e-06 -0.00374189 0.00156781 0.00047255 0.00278881 0.00231416 7.0338e-05 0.00207043 0.00246767 -0.00240109 0.00722927 0.000209538 0.00465973 -0.000114133 0.00114204 0.000175219 -0.000687243 0.0034101 -0.000644967 -0.00579551 0.000636213 0.000138413 -0.000389561 -0.00122653 -0.00154945 -0.00146497 -0.000151617 -0.0108018 -0.00115452 0.000625095 0.000199911 0.000783002 0.000648952 0.00900758

Run #9
Generation 0:
Best Fitness: 368618
Average Fitness: 359434
Best Individual: -21.3441 -1.21948 -64.6175 -56.7626 -37.9457 8.98555 55.7442 -5.1432 -82.478 33.9698 -22.8883 -6.68879 -71.5501 -56.5533 -29.5028 -17.1824 -51.8102 -50.2517 -65.3787 74.7279 -28.4127 59.7734 27.3783 -67.1349 8.47559 46.5023 27.3819 98.2847 -26.1431 17.4077 -95.9399 9.2641 -45.9516 30.8325 92.1112 -19.4667 -42.3925 -24.8185 -35.3277 36.79 -95.0848 -27.1365 93.1467 61.8802 3.41295 -3.3319 45.2161 -42.1092 -41.7863 -89.0534

Generation 3743:
Best Fitness: 500000
Average Fitness: 500000
Best Individual: 0.00247747 -0.00254069 -0.00510897 0.00132392 0.00201002 -0.000451625 0.000623713 -0.00232303 -0.000544677 -0.00116608 0.0013272 0.00428194 -0.000806548 -4.44072e-05 -0.00130661 0.000203027 0.000452301 0.000601133 -0.00122818 0.00138571 -0.0061596 0.000527044 -0.00086149 0.000741778 0.00171524 0.00272236 0.000911818 -0.000542406 -6.7772e-05 -0.000744675 0.0105617 0.00125781 -0.00209786 0.00729846 -0.00509514 0.008625 -0.00238556 0.00401615 -0.000937882 0.00117853 -0.000274625 0.00683277 -0.0011835 0.00175711 0.00208035 0.00199615 -0.00241365 -0.00112498 0.000823091 0.00148875

Run #10
Generation 0:
Best Fitness: 371373
Average Fitness: 367560
Best Individual: -37.3019 -46.7522 -30.5907 4.74721 -11.1558 3.20091 54.156 -65.3216 -18.7539 78.0261 82.2821 75.1664 -49.94 -3.2347 -66.4312 93.0957 -30.3083 58.2585 -48.2066 -14.024 -71.2652 25.4225 48.1275 55.5856 51.1533 9.66719 -54.4437 51.9493 76.2088 -37.4062 76.8725 -28.3188 54.0181 -16.1103 2.78033 -55.1761 74.6505 -5.49316 76.2082 74.388 -46.7979 -21.6788 64.0156 -57.7378 30.9354 -7.67993 54.7243 39.8998 22.0864 47.3488

Generation 3813:
Best Fitness: 500000
Average Fitness: 500000
Best Individual: 0.00117692 -0.00453471 0.00112478 0.0028661 0.00197027 0.00189909 0.00678517 0.00289553 -0.0027614 -0.00079031 -0.000635929 0.000505536 0.000921285 0.00228977 -0.000613625 -0.000334149 -0.000270645 0.000751159 0.000367487 -0.00587355 0.00596345 -0.00122349 -0.000801716 0.00104042 -0.0010969 -0.00727591 0.000513638 -0.000891468 -0.000488694 0.00402463 -0.00192299 0.00245552 0.00301043 -0.000724481 -0.00269948 -0.0002792 0.00224196 0.000873338 0.00212595 -0.00208459 0.00170836 -1.84379e-05 -0.00882798 -0.000764877 -0.00949844 0.00244682 0.00377004 -0.00136699 -0.00054145 0.00167851



Cosine Similarity with Threshold
Run #1
Generation 0:
Best Fitness: 387697
Average Fitness: 362210
Best Individual: 5.11048 -41.1834 -33.5496 35.6827 -4.8436 81.5852 58.233 80.8532 -50.051 -77.3942 54.5877 -4.19818 25.8684 5.67604 -25.0561 22.8346 11.3812 -8.08865 -52.1431 -13.7812 35.7858 88.2262 14.2834 30.9838 -0.972717 -36.7896 38.7239 -33.7453 60.4858 92.5301 12.8972 16.7157 18.6652 -27.2962 -69.9771 22.7779 46.2436 -77.0734 72.6653 -82.8887 58.4957 -23.9488 87.184 -72.157 43.5036 16.8346 18.8441 -32.6975 6.27763 24.824

Generation 4111:
Best Fitness: 500000
Average Fitness: 500000
Best Individual: -0.00204433 -0.0045057 0.000176584 -0.00354294 -0.00116527 -0.00128625 0.0103148 -0.00320127 -0.00216682 0.00319106 -0.000808186 -0.000959403 0.00198495 -0.00169095 -0.00412384 0.000751096 0.0015876 -0.00112261 -0.00162168 -0.0040165 0.000826594 -0.00220984 -0.00176742 -0.000747194 -0.00101254 0.00170628 -0.000511934 0.00326765 0.00392826 -0.000621533 -0.0028983 -0.00246642 0.00133635 -0.000398378 0.000569084 -0.00270824 0.00890461 0.000316988 0.00158297 -0.00134804 0.00184872 0.00278913 -0.00512892 0.00177555 -0.00372643 0.00260571 0.000373615 0.00194148 -0.00130407 -0.00169651

Run #2
Generation 0:
Best Fitness: 389841
Average Fitness: 366258
Best Individual: 2.36781 33.8881 -37.7311 -6.97212 -69.653 44.0119 9.77545 83.9306 -23.2941 79.2726 30.3773 -21.7575 -67.8971 89.1299 -51.5633 35.0896 57.8967 50.1133 -1.25101 0.492184 28.3825 42.011 -94.3521 -73.5819 23.2286 -8.26952 -30.7346 -45.6672 -12.1491 -14.7411 19.5733 1.06595 -62.2433 -42.0077 41.8646 34.522 -96.9166 3.49524 -14.1698 35.4157 28.0115 -32.2343 -48.0302 -12.8785 8.60514 -7.45279 -78.2518 5.48673 -92.2738 52.7473

Generation 4165:
Best Fitness: 500000
Average Fitness: 500000
Best Individual: 0.00514654 -0.00455599 -0.000760196 0.00181193 -0.00219201 -0.00103602 0.000249643 -0.00187052 0.00272161 0.00337622 -0.00871314 -0.00669351 -0.000178668 0.00576246 -0.0013329 -0.00447169 -0.00276765 -0.00311601 -0.00330891 0.000699315 -0.00156582 -0.000395822 -0.000558322 0.000745194 0.00157855 -0.00106504 0.00786381 0.000614176 -5.94955e-05 -0.00169979 0.000421392 1.07564e-05 -0.00270023 0.000134287 -0.000901315 0.00120105 -0.000478006 0.000341814 -0.00154049 -0.00215552 0.00128313 -0.00088139 0.000338758 0.00469874 0.00130506 0.0010657 0.000276541 0.00555089 -0.00658842 0.00287685

Run #3
Generation 0:
Best Fitness: 377818
Average Fitness: 368199
Best Individual: -56.4311 10.8667 -91.3151 5.06727 39.2278 19.9543 -29.2745 -83.2437 0.00452948 -43.8792 -31.5638 57.2696 46.0043 83.4696 -3.14089 -6.69016 3.25929 -3.49304 77.4943 97.0329 16.1222 -21.3603 46.2767 -40.6446 44.5049 -90.1009 -57.1062 54.0839 -17.5008 -45.2494 -20.9828 56.6194 41.183 55.4524 -20.384 22.7834 78.5823 15.8006 86.3393 39.7704 6.6134 52.0019 -8.21545 -70.8779 -95.4956 3.56147 7.50624 44.3828 48.4162 12.4304

Generation 3953:
Best Fitness: 500000
Average Fitness: 500000
Best Individual: -0.00443676 -6.92917e-05 -0.00167845 0.00133408 0.00206328 -0.00123658 0.00241378 -0.0020518 -0.000785452 0.00156789 0.00110522 -0.00038277 0.000946484 -0.00795581 0.0035993 0.000543416 0.00568996 -0.00445817 0.00527235 -0.000678711 -0.0034947 0.000943128 0.00305834 0.0012053 0.00115332 -0.00129306 -0.00391475 -0.00519631 0.00112454 0.00415639 -0.000733148 0.00133183 -0.000422792 -0.00117433 -0.00280949 0.000339629 0.000335781 0.00293042 0.00350145 -0.000101566 -0.00744924 0.00293746 -0.00671559 8.23468e-05 0.00212034 0.00391929 0.00100862 -0.00515981 0.00410166 0.00226963

Run #4
Generation 0:
Best Fitness: 371205
Average Fitness: 362011
Best Individual: -49.1389 20.9971 71.7031 -51.5133 -12.7922 -40.3222 -0.0836356 -23.74 98.1318 -21.3345 32.3462 15.9013 94.8815 -50.0764 -37.9495 17.0104 79.7757 -72.8001 -38.687 31.1265 59.2687 30.3852 -21.307 -14.6142 62.5581 -27.8116 10.1362 54.0728 -7.45403 -35.9978 -10.3714 -29.4848 41.0782 -86.9119 16.562 -13.0681 -7.40047 -90.1669 -64.5158 -12.7257 -96.1989 37.2332 -70.3681 -90.4525 76.2685 -34.9212 33.115 -59.7445 -15.1893 59.3656

Generation 3952:
Best Fitness: 500000
Average Fitness: 500000
Best Individual: 0.0013084 0.000534382 -0.00277661 -0.00120865 -0.00489594 -0.00359988 -0.0017378 -0.00397471 -0.000899728 0.00192001 0.00124747 -0.00904845 -0.00315683 -0.00411571 0.00120264 -0.00226627 -0.000335152 0.00283515 -0.00261563 -0.00151039 -0.00346793 -0.00189887 0.00129397 0.00218442 0.000204036 0.000416318 0.00832527 -0.00312351 -0.00469617 0.000697124 -0.000237198 0.000894257 0.00269296 0.00708708 0.00242496 0.00428089 -0.00124669 0.00127807 -0.000389819 -0.00341643 -0.000801694 -0.00100634 -0.00349334 0.00259686 0.00328692 0.00537257 -0.00362723 -0.000453206 0.000482457 0.000831306

Run #5
Generation 0:
Best Fitness: 379287
Average Fitness: 371727
Best Individual: 0.929293 -1.27828 65.6882 78.5751 -76.3373 30.7632 72.5767 -25.4992 39.9787 17.2658 -75.4949 54.4591 -87.3468 -8.13691 -10.1439 15.1504 -63.941 -11.3005 -32.8589 48.0919 -0.204184 44.0521 49.6836 -81.4146 -93.8895 -46.0801 -32.7353 -31.3813 -42.815 29.0851 -26.1943 50.7262 76.6621 -76.9731 -28.8174 62.3453 -79.3606 31.9541 72.4494 -23.4476 -25.0041 -37.6232 34.3549 2.43794 63.8981 -7.5172 -35.817 -21.2427 15.1233 -43.4348

Generation 3514:
Best Fitness: 500000
Average Fitness: 500000
Best Individual: -3.04494e-05 -0.000309283 0.00431817 -0.000828532 0.00279059 0.00189338 6.55918e-05 -0.00194601 -0.00228212 0.00480048 0.0012283 0.00247854 -0.00256803 0.00618894 0.0048496 -0.00195623 0.000182734 0.00151851 0.0042829 0.00202714 -6.63556e-05 -0.00499069 0.0011318 6.65702e-05 0.00520069 0.00389473 0.00409425 -7.86018e-05 -0.00505539 -0.000239957 -0.00262513 0.000906486 -1.79959e-05 -0.00328279 0.00137582 0.000382686 -0.002776 -0.000733712 0.000807675 0.000206902 -0.00225267 0.00109654 -0.00258831 -0.00548421 0.00166557 -0.0029531 -0.00104512 0.00202705 -0.000294859 0.00840968

Run #6
Generation 0:
Best Fitness: 374820
Average Fitness: 367506
Best Individual: 70.4721 -68.6421 40.2152 -8.77757 24.8198 -11.3274 -9.41207 -52.8002 4.12107 25.7177 64.8544 64.5654 47.3888 -41.5156 -78.7461 26.5334 -17.9785 -57.4429 -81.7839 16.944 -40.9689 -32.01 -10.5756 -72.3868 -12.1774 61.9364 -33.3784 -99.7443 59.699 3.82783 86.9195 -21.6845 44.8683 -2.91369 21.8459 -12.4842 -9.79152 91.7332 33.348 9.72685 79.5503 -70.522 -17.9137 53.2961 -50.8118 84.4612 2.92352 4.34602 -37.0011 -80.5027

Generation 3939:
Best Fitness: 500000
Average Fitness: 500000
Best Individual: -0.00984926 0.00970918 0.00493805 0.000664739 -0.00186821 0.00382591 0.00324659 -0.00441107 -0.000611829 0.00242138 -0.00100976 -0.0013503 -0.00245165 0.00194037 -0.00297556 -0.00200269 0.00167951 0.000994362 0.000405546 0.00119557 -0.000522423 0.00388902 -0.00298983 0.00318866 -0.00269016 -0.000324409 -0.00108995 -0.000273885 0.00563788 0.000770094 0.000208262 -0.00682614 -0.00182963 -0.0005358 -0.00123633 0.000228992 0.00148663 0.00153094 -0.00190196 0.00237131 -0.00580665 0.00229908 -0.00192218 -0.0022309 0.000318214 -0.00171666 -0.00257906 -1.32702e-05 -0.00134919 -0.000234434

Run #7
Generation 0:
Best Fitness: 374694
Average Fitness: 367768
Best Individual: 39.2068 -84.1938 -6.86654 81.0065 56.2237 60.3998 49.5594 3.87703 -39.2148 42.4148 21.8095 -42.9138 54.9934 -75.873 9.80757 -24.3552 -71.3648 46.6145 78.5336 -14.2182 -59.7542 46.0503 50.5691 42.399 -45.4246 -32.6152 -51.9511 16.1364 -65.4364 -69.8841 41.5396 56.6468 -21.9184 -61.7777 -12.2488 35.6317 17.871 79.4874 -27.8456 -76.9344 -41.8693 -21.4278 -3.43478 -28.8828 -25.1906 -65.2685 79.8444 -12.1737 -64.458 60.1954

Generation 3861:
Best Fitness: 500000
Average Fitness: 500000
Best Individual: 0.0018151 -0.00372089 -0.00473911 0.00020857 -0.0047372 0.00349053 -0.00647319 0.00171906 -0.00412279 0.00724041 0.00333264 0.000710348 -0.00336706 -0.00115882 0.00384804 0.000595948 -0.000228581 0.0016898 -0.000153581 -0.00219305 0.00208973 0.000477003 0.00193595 -0.00255314 -0.00279057 0.00199443 0.00105671 0.000139586 -0.0011222 0.00255458 -0.0028923 0.000356404 -0.00150668 0.00377914 0.000572384 0.00436186 -0.000359467 7.31086e-05 0.000370482 -0.000189696 -0.000567528 0.0059816 -0.00360676 0.00634291 0.000839403 0.00440761 0.00108802 0.00491806 -0.00545033 0.00374877

Run #8
Generation 0:
Best Fitness: 383994
Average Fitness: 355195
Best Individual: 60.5473 39.5686 -88.9838 62.0744 35.3053 21.9105 61.4473 39.9537 46.1748 -13.1727 95.0172 42.3553 29.5557 -55.5499 3.49648 3.33415 -73.899 -46.7114 -95.2239 -65.3329 -7.59705 -57.6489 23.3675 -52.0859 46.7995 -21.3588 -9.32817 17.6583 -42.5646 10.1027 -12.19 -93.178 67.4386 -26.9662 25.4584 9.52896 95.8668 -36.3851 -12.8478 2.7145 48.929 33.8319 66.8881 18.2413 -34.5177 -8.51249 51.9709 57.9883 -15.5888 -15.2624

Generation 4558:
Best Fitness: 500000
Average Fitness: 500000
Best Individual: 0.00155568 0.00337144 -0.00127467 0.00236779 0.00477183 -0.00266635 0.00220937 0.00406907 0.00316648 -0.00122897 -0.00121713 -0.00201315 -0.00185723 -0.0010811 0.000155563 -0.000574289 -0.00238088 -0.0033799 0.000936159 5.27527e-05 0.00253207 0.000652165 -0.00439833 8.49397e-05 0.000349947 -0.000518387 -0.000899811 -0.000484841 -0.00208855 -0.000805313 -0.00314048 -0.000463961 -0.008371 -0.00374988 0.00471105 0.000548344 -0.0088363 0.0107444 -0.00203618 -0.000279929 0.00119291 0.00103425 -0.0011022 0.00110441 -0.00328364 -0.00120594 0.000151583 -0.00334464 -0.000111442 0.00136844

Run #9
Generation 0:
Best Fitness: 351945
Average Fitness: 347346
Best Individual: -97.534 52.3985 -76.4113 7.55736 -6.76095 -13.5201 17.1971 -50.9368 90.385 43.5239 94.0633 -33.2079 43.9507 -27.5954 67.8922 57.4078 -44.5527 -9.7682 50.809 -98.6197 -22.445 19.2525 96.8416 57.9172 4.85874 -39.8654 -57.9403 0.839075 -41.6953 -97.7464 -45.4893 20.0217 58.9042 88.5242 20.351 -48.6599 -85.2556 23.555 -45.5847 75.3762 -77.2144 45.0194 -57.3993 -37.4079 -16.7575 -68.1297 15.6989 -20.8281 18.685 -24.1353

Generation 3529:
Best Fitness: 500000
Average Fitness: 500000
Best Individual: -0.000170467 0.00284812 -0.0010536 -6.13627e-05 -1.49775e-05 -0.00454174 0.00133548 0.00527468 -0.00167748 0.00459344 0.000932952 0.000418691 0.000996347 -0.0039022 0.000772734 -0.000910853 0.00168813 -0.00275112 0.00139338 -0.000348832 -0.000595402 0.00185537 0.00323377 -0.00392126 0.00690529 -0.00278925 0.00296149 -0.000997936 0.00255792 0.000165652 0.000100002 -0.00180688 -0.00318669 0.000370007 -0.00398473 -0.00110953 9.17013e-05 0.000211384 0.0054302 -0.00109554 -0.00182688 -0.00210993 -0.00390877 -0.00796192 0.00328131 -0.00214905 -0.00131624 0.00561211 0.00892267 0.000218483

Run #10
Generation 0:
Best Fitness: 378390
Average Fitness: 369182
Best Individual: -34.1627 -24.7195 -2.31507 91.1282 -74.2014 10.4553 11.456 -1.61546 -46.0871 45.2446 -6.81257 57.7279 82.9545 36.6493 55.9188 47.6692 -1.91742 -80.3974 66.4492 -23.9977 -54.5445 7.58558 45.4711 -36.0999 -64.6153 34.7274 -77.7338 -16.4792 -44.2406 26.0267 -47.3334 -2.99196 -18.4902 -95.0799 12.4506 -12.3994 7.54427 91.2687 -85.2901 11.2739 10.9911 37.9869 41.0029 -6.41057 -41.3258 78.4148 -81.103 -59.5694 -40.6999 34.5172

Generation 3792:
Best Fitness: 500000
Average Fitness: 500000
Best Individual: -0.000814503 -0.000176851 0.000367297 0.00369797 0.00429108 0.00145895 -0.000909607 -0.00388905 -0.00589869 -0.00399644 -0.000569214 -0.00201723 0.0088787 -0.000136734 -0.00229825 -0.000438215 -0.00237877 -0.00148702 0.00315166 -0.00397123 -0.00417201 -0.000608301 0.00523807 -0.00466329 -0.00104894 0.00037674 -0.00598168 0.000457702 -0.00156819 0.0034876 0.00527063 0.00230546 0.00272752 -0.00246888 -0.000255485 0.00501867 0.000557795 -0.00287032 -0.000778957 0.0012218 -0.00185272 0.00149093 -2.66176e-05 -0.000681612 0.00416751 -0.00420597 -0.00176044 0.000636415 0.000774993 -0.00166692



Cosine Annealing
Run #1
Generation 0:
Best Fitness: 371172
Average Fitness: 367242
Best Individual: -80.3913 -29.6346 -56.4824 41.7785 -21.1379 -17.9915 -52.9354 -49.9702 43.5594 3.60983 13.7294 -71.5298 -15.0732 -68.531 4.72535 -51.1522 7.96048 -21.3167 -67.1444 52.2198 54.6009 -72.8217 8.21429 -53.305 72.2285 6.75405 78.4343 -31.4581 32.6975 -45.6947 -45.9624 -74.6677 61.5981 63.5407 28.0483 50.8144 -6.09804 -41.1426 59.6814 -87.4568 -98.27 13.6731 34.7597 -80.2044 -35.8774 31.8341 4.15441 42.3936 59.5144 60.8501

Generation 3990:
Best Fitness: 500000
Average Fitness: 500000
Best Individual: -0.00408415 0.000972114 0.005969 0.000711171 0.00377407 0.00174529 0.000136618 -0.00531979 0.00208687 -0.000547228 -0.00610587 -0.00262306 -0.00165227 0.00119485 0.00257096 -0.00141672 -0.000942598 0.000563239 0.00144352 0.000464863 0.00121445 -0.00226888 -0.00342542 -0.00119384 -0.00230766 0.00296927 -0.000284756 0.000386565 0.000753841 0.00654887 0.00209067 0.00173638 -0.00118111 0.000457805 0.00127847 -0.00149745 -0.00677066 0.000943536 -0.00268755 -0.0025441 0.00141746 -0.00651374 0.000123001 0.00297002 0.00388673 -0.00249569 -0.000414058 0.0094993 -0.000199189 -0.00478191

Run #2
Generation 0:
Best Fitness: 368944
Average Fitness: 360293
Best Individual: -4.46609 57.2948 -46.7633 42.7854 -72.0516 19.5063 -7.70701 37.3403 -61.6109 80.2791 92.0339 -33.3299 -33.2456 79.2575 18.8048 22.0753 -22.9011 51.1332 59.4675 60.4423 -38.2293 -32.2151 -7.71869 21.4545 38.0132 -33.6247 -63.3882 -54.9925 11.0813 -15.3387 58.9682 34.5632 64.125 63.8404 18.4427 -85.0127 -45.6431 44.8568 -66.893 -41.9305 81.4062 25.4127 -44.2844 -78.0802 -55.4615 -4.47989 -93.4943 3.59915 -81.4896 14.4671

Generation 3679:
Best Fitness: 500000
Average Fitness: 500000
Best Individual: -0.00018987 -0.0106647 -0.00301346 0.000913724 -0.00145324 -0.00132728 -0.00445861 0.00219826 -0.000427508 -0.00235362 -0.00161625 0.000712164 7.40905e-05 -0.000970154 -0.000100926 0.00342985 -0.000406907 0.00356903 -0.00644886 0.00108311 0.000642987 6.97979e-06 -0.000516555 0.000110906 -0.00147894 9.59169e-05 -0.000905626 -0.00186133 0.00354469 4.83147e-05 -0.00218685 0.000403907 0.00225378 0.000459442 0.00429929 -0.00389472 -0.00301972 0.000609551 -6.5228e-05 -0.000509554 -0.00335705 -8.39091e-06 -0.00187194 -6.42642e-05 0.00115189 0.0019855 0.00123877 -0.00450257 -0.000785339 0.00657033

Run #3
Generation 0:
Best Fitness: 361153
Average Fitness: 353862
Best Individual: 85.0056 35.9062 -70.4253 -45.5049 13.9468 38.6078 45.6688 -64.0328 62.2321 -67.22 -49.5055 40.2173 -80.8188 -51.8536 59.9039 -5.49713 -24.3591 -41.2891 -34.0545 6.41925 48.306 -65.6907 97.7705 -44.9796 -33.3322 32.641 36.8237 -40.3137 -90.8275 -74.527 59.567 -19.6183 16.0997 66.365 48.8587 -53.57 -32.3871 47.7301 -77.921 1.1244 -40.509 -67.9482 8.09735 16.6706 -76.6017 44.7542 -46.1786 83.3659 32.1808 -32.6694

Generation 3695:
Best Fitness: 500000
Average Fitness: 500000
Best Individual: -0.00642263 -0.0013788 -0.000752562 -0.00109899 -0.00191256 -0.00424392 0.00270403 0.00260083 0.00233412 0.000479469 0.000143158 0.00101866 -0.0028325 0.0014126 -0.00112038 -0.00382586 -0.00220688 0.00041674 -0.000794551 -0.00190119 0.000578525 -0.00243382 0.00164978 -0.00775623 0.000508616 -0.00354422 0.00361923 -0.00031538 -0.00258393 -0.00194608 0.00278127 -0.00843776 -0.00318363 0.000611938 0.00250666 0.000539508 0.00456874 -0.00349294 -0.00177818 -0.00122452 0.00164952 0.00331619 -0.00236866 -0.00031505 0.0023208 0.00311652 -0.00504569 0.000647017 -0.00133453 0.000587394

Run #4
Generation 0:
Best Fitness: 362282
Average Fitness: 359227
Best Individual: -98.3799 83.204 48.2592 13.908 32.0086 -8.96355 -30.9103 -2.75594 -1.77601 -5.31264 21.0936 29.6817 49.9165 7.66445 61.2958 -58.8858 80.7635 93.3353 29.1729 -56.294 20.7873 -64.8208 81.1523 -44.5668 -77.0059 -97.4077 -98.8349 -62.7494 -45.3694 8.98163 -59.3598 89.5219 18.4143 17.662 -7.94153 43.664 16.2526 11.7938 24.1685 14.8075 -28.3563 -80.1495 96.355 -74.7 21.6741 -1.48007 -9.34094 -29.1604 -48.1241 3.2163

Generation 4018:
Best Fitness: 500000
Average Fitness: 500000
Best Individual: 0.00570832 -0.00161138 0.0025231 -0.00283487 -0.0024362 0.00827928 -0.000329742 -0.00415622 -0.0028981 -0.00292417 -0.000792353 0.000303424 0.000387408 -0.00135001 -0.000670095 0.00580273 -0.000189026 0.00434409 -0.00120771 -0.00320758 0.00102622 0.000903119 0.000864539 -0.00313138 0.00256168 -0.00203389 -0.000264873 0.0034505 1.5748e-05 -0.00265955 -0.00410641 0.000304409 0.00496291 0.00020807 -0.00720513 -0.000974362 -0.00235404 -0.0018703 -0.00048017 -0.00163956 -0.000824621 0.000295379 -0.000926238 0.000602953 -0.00938995 -0.00238899 -0.000883204 0.00514954 0.000837187 0.000488999

Run #5
Generation 0:
Best Fitness: 364729
Average Fitness: 355228
Best Individual: -30.6895 58.1796 -32.334 -94.674 -37.0484 -56.0875 -45.4748 -33.9528 -99.1033 0.593206 -12.2564 -40.2116 27.0524 73.646 -8.74456 -73.136 -8.06907 18.3309 41.5234 -28.7537 -8.26201 86.1184 71.437 -83.3124 8.59959 70.3727 -79.4291 41.0896 6.19184 61.9151 -54.1975 -88.4729 -46.4469 -31.2179 -33.7118 16.3864 -34.6811 15.57 -93.7575 -27.8308 -14.3447 8.11718 72.0894 -48.5056 82.8095 -20.3961 86.09 2.26556 -32.4004 -15.8746

Generation 3926:
Best Fitness: 500000
Average Fitness: 500000
Best Individual: 0.000996111 0.000414251 0.00364161 -0.00419996 0.00391566 -0.00519473 0.000185985 4.17923e-05 1.93143e-05 -0.00142587 0.00045993 0.000655738 0.00101655 0.00038307 -0.0040151 0.00106888 -0.00241257 0.00109672 -5.90247e-05 -0.000191325 0.00035241 0.00503569 0.00246515 0.00466336 -0.00451943 0.000717294 0.000658264 -0.000802537 0.000776942 0.00048909 0.00107568 0.00595427 -0.00322571 -0.00168483 2.90553e-05 -0.000497798 -0.00752148 -0.000705876 -0.000622069 -0.00049977 -0.00209403 0.00212585 0.000906773 7.6498e-05 0.00166329 -0.00117669 0.00248892 2.57652e-05 -0.0119535 -0.00535324

Run #6
Generation 0:
Best Fitness: 383835
Average Fitness: 374485
Best Individual: 43.0458 41.2005 -30.8088 -25.8901 55.6294 -92.9493 55.8716 25.6224 54.1147 -84.6636 -14.3251 46.4561 21.3655 -80.5898 -16.4033 -32.7275 -48.096 -91.1771 -27.1261 -50.8339 22.7921 -3.79169 -13.5587 -16.5314 -48.3833 -4.17762 -58.9757 -72.6553 -37.7915 -7.26456 -31.6647 -18.3871 -83.5682 -53.3448 27.2755 -10.8999 -32.775 -9.0806 87.7625 98.4105 -1.77175 44.3031 -50.5361 -89.034 -26.8445 2.50684 -12.7763 -24.3009 -46.4544 -0.689042

Generation 3619:
Best Fitness: 500000
Average Fitness: 500000
Best Individual: 4.79836e-05 0.00637827 -1.53292e-05 -0.000152612 -0.00152862 0.000599272 -0.000149059 -0.00192251 -0.00171963 -0.00398737 -0.000388847 -0.00169393 -0.000351769 -0.00508528 -0.00026739 -0.000290581 0.00269667 -0.000122393 0.00287409 -0.00223094 0.000203726 0.0034028 -4.5398e-05 -0.000780019 0.001327 -0.00159903 0.0023853 0.00421828 0.000163843 0.00057413 -0.0143142 -0.000441029 0.0003558 -0.000212141 -0.00131193 -0.00114002 -0.00172591 0.00272591 0.00506462 -0.00155633 -0.00304158 -0.00215845 0.000502437 -0.000290411 -0.000935713 -0.00219248 -0.00561253 0.00219733 -6.39224e-06 0.00634227

Run #7
Generation 0:
Best Fitness: 364848
Average Fitness: 353390
Best Individual: 91.3897 89.4161 11.2866 47.6133 33.6987 -5.52838 37.7846 -86.4365 -76.6074 -31.7624 37.1456 -24.0351 -27.3874 -12.9457 65.7204 -77.2922 -22.4663 -43.0971 -22.5455 -41.0936 -93.1514 -5.33314 13.8833 -51.5606 23.6921 -77.4944 72.2408 95.9009 94.6647 -79.873 -78.4497 -12.6945 -71.7924 -40.4515 5.14724 -31.3973 -10.8655 3.92945 -18.1497 5.75381 6.45375 -33.967 20.039 -16.1936 45.183 42.2804 73.2216 37.3287 -78.1512 -12.4927

Generation 3804:
Best Fitness: 500000
Average Fitness: 500000
Best Individual: 0.000584006 0.00679463 0.00188023 -0.00438531 -0.00140551 0.00350508 -0.00102468 -0.000636923 -0.00114201 -0.00588151 0.000499741 0.00415652 0.00111129 -0.000281261 -0.00509045 -0.00102326 0.000953982 -0.000312175 0.000296808 0.00732989 0.00224995 -0.00511581 0.00424182 -0.00199043 -0.00212604 -0.001737 0.000994692 -0.000913371 -0.000300514 -0.00764154 0.00456096 -0.00533637 0.000645064 0.00317447 0.00139511 -0.00204337 -0.0019602 0.000128883 0.0031572 0.000267262 2.24913e-05 0.000170014 -0.00485899 -0.000458574 -0.000252595 0.00198154 -0.00237019 -5.85065e-05 0.00492045 0.00424812

Run #8
Generation 0:
Best Fitness: 375786
Average Fitness: 365082
Best Individual: -80.4079 75.9722 -24.489 -80.2485 22.0136 -82.4889 -15.0146 40.3169 -29.5595 60.8442 14.9925 32.2636 30.8052 -75.9238 -2.99397 44.1938 52.0169 7.10641 -36.8046 4.21973 -22.8552 64.4656 5.50506 -9.65453 73.1785 -75.6309 -77.1992 96.9055 47.4638 -19.6799 -33.9109 -69.1545 18.6931 -30.1719 -78.896 31.7044 -72.6585 -1.6683 39.7091 -32.4664 -2.01521 -68.9365 -56.5191 58.0646 -4.11884 67.7781 -53.4138 -40.7498 2.06142 -7.24569

Generation 4102:
Best Fitness: 500000
Average Fitness: 500000
Best Individual: 0.00574164 0.00145641 0.000879631 -0.00650227 0.000520144 0.00650877 0.00273687 -0.00395648 -0.000599884 0.00288706 -0.000176646 -0.0019582 0.00113924 0.00096327 0.00080584 0.000283069 -0.000296527 0.00212436 -0.0023513 0.00812368 1.68568e-05 0.000357964 -0.000481948 -0.000332386 0.00522379 0.00146759 0.00342902 0.00315117 -0.00293822 -0.00547846 0.00121128 0.00179276 -0.000499924 -0.000794421 -0.00198016 -0.00142857 0.00133863 0.00102376 -0.00134619 -0.00134369 -0.00209277 0.00431306 -0.000519366 0.00376504 0.00514145 -0.00136801 0.00073763 0.00603342 -0.00107843 0.00653584

Run #9
Generation 0:
Best Fitness: 367361
Average Fitness: 355913
Best Individual: -9.083 -10.9349 38.9671 -86.5842 -2.49036 -27.8394 -23.261 72.0377 16.0189 -64.1242 70.9041 71.0466 -80.1626 67.1589 -28.9721 -27.5698 60.8037 4.42043 -11.8142 26.5313 60.624 -0.374866 -77.385 -95.7545 11.2821 -31.8525 54.8665 90.4806 2.05637 47.4107 -26.8883 12.0421 57.9514 -19.2974 80.9754 -26.0087 34.828 -22.426 33.0294 68.8916 2.69312 -48.4708 -18.4691 -94.0282 0.447367 -62.296 -39.5679 73.4172 4.43957 -98.4845

Generation 4211:
Best Fitness: 500000
Average Fitness: 500000
Best Individual: 0.00400349 0.000561081 0.00605774 -0.00350577 -0.00319302 -0.000262984 -0.0033646 -0.000443936 0.000130258 0.00188362 0.00126056 5.52196e-05 -0.00101371 -0.00288489 -0.00045596 0.00165402 -0.000308271 -0.00226798 -0.000139847 -0.00244552 0.00258409 0.00752546 -0.00199434 -0.00247583 4.92579e-05 -0.00144698 0.00651604 0.0034538 0.00628104 -0.00437186 0.00205257 -0.00181236 -0.000279183 0.00170075 -1.23472e-05 0.000518395 -0.00104813 -0.00013776 0.00211292 -0.00234962 0.00441286 0.0046398 0.00328201 0.000235051 -0.00108518 -0.00632521 -0.00138215 0.000347401 -0.00285126 1.3592e-05

Run #10
Generation 0:
Best Fitness: 373542
Average Fitness: 362849
Best Individual: 52.1312 -38.3276 8.00345 -73.7285 -96.8851 18.0174 -40.9768 -41.1203 -29.6277 -10.7762 -51.3004 -80.8685 16.3971 49.0697 66.6096 -67.5025 14.6427 -49.1294 85.2061 24.8927 -8.44788 1.81908 48.0593 71.435 -28.9588 -63.188 -52.4574 -63.7731 -93.3296 -29.4039 -17.213 -90.1507 56.1756 -45.1283 -78.0678 -80.9692 -20.8832 -14.2526 23.1753 -0.915616 -28.1314 22.3491 -18.3677 -0.845764 -45.0273 8.8678 -11.8677 -31.2559 61.126 78.8864

Generation 3529:
Best Fitness: 500000
Average Fitness: 500000
Best Individual: -0.000572907 -0.0043917 0.000284129 -9.94617e-05 0.00276333 -0.00288066 0.000601315 -0.00237867 -0.000858558 -4.61777e-05 0.00210254 0.00147904 -0.00327015 -0.00439427 -0.0018699 -0.00241856 -0.00209969 -0.000654599 -0.00441711 0.00293102 -0.00191127 0.00135567 0.00135764 -0.00138321 -0.000422018 0.000334316 -0.00101264 -0.000657043 0.00168028 0.00195708 -0.00123443 -0.000656537 7.3942e-05 -0.000394831 -0.00042111 -0.000574527 0.00350335 -0.00219496 -0.000605344 -0.00142124 -9.5372e-06 -0.010066 -0.0115602 0.00272234 0.00248093 -0.00714951 0.000855712 -0.000527516 0.00317942 0.00191097



Average Fitness
Run #1
Generation 0:
Best Fitness: 394247
Average Fitness: 368144
Best Individual: -1.97265 63.716 41.6105 33.2122 -43.5353 -3.45547 -6.65484 20.0279 -0.0889419 6.14933 83.2989 60.7876 58.6061 -46.1559 49.5804 -9.59721 1.9268 -24.8733 -54.0275 -48.3289 -68.0051 7.94418 77.4017 -73.0813 5.44122 -80.5802 -10.876 -52.234 61.317 -30.7513 20.0269 79.7902 57.752 25.6594 15.6957 86.6145 66.5911 -11.4695 3.99598 -24.7825 62.3371 22.0904 -29.3155 46.3317 27.6983 34.3196 40.3354 44.2929 35.7384 -57.5745

Generation 3756:
Best Fitness: 500000
Average Fitness: 500000
Best Individual: 3.0922e-05 -0.00308036 -0.00286262 0.00108712 8.78439e-05 0.00182372 0.000874712 -0.00184995 0.00202973 0.00147417 0.00151325 0.0018479 -0.0002079 -0.00139863 -0.00252387 0.00215433 0.0037824 -0.00133825 -0.0021492 0.00262915 0.00391621 -0.0020839 -0.00352596 0.00292415 0.00256096 0.00994302 -0.00456031 -0.00404099 -0.00310306 0.00828873 0.00166083 -0.000609892 -0.00228226 0.00172702 -0.000979751 -0.00267867 -0.00425667 -0.00290797 -0.000787903 0.00231944 -0.000784424 -0.00131082 -0.00132835 -0.00307344 0.000307957 -0.00199905 -0.00337123 -0.00610999 0.00149724 -0.00511953

Run #2
Generation 0:
Best Fitness: 386674
Average Fitness: 376063
Best Individual: -47.8063 -16.3131 -77.3106 -67.2489 90.4138 -64.9891 93.1197 77.2961 -29.4309 10.5056 13.9057 15.6033 -22.6309 -25.128 3.58779 -44.6971 49.1267 -42.173 -31.0661 73.6991 -40.8618 53.8345 -14.1119 -19.337 17.3556 19.1792 -37.318 34.8023 9.0387 -0.0239704 48.6703 4.78056 64.4102 98.5344 11.2938 -15.6387 94.4563 -39.0462 -51.7801 59.9191 9.38244 -53.0229 32.9417 -24.0982 64.4094 1.45254 26.6412 48.2571 -53.2855 33.6778

Generation 3793:
Best Fitness: 500000
Average Fitness: 500000
Best Individual: -0.000980934 -0.00042234 -0.000302536 0.00135815 0.0016395 -0.00041084 -0.000344077 0.00112739 -0.00321705 0.00611508 -0.00122531 -0.00401912 0.00264605 -0.000183864 -0.00107408 -0.00266799 -0.00186524 0.00142415 -0.005418 0.0065754 0.00545167 0.000261049 0.000114819 0.00138834 0.00764585 -0.00486901 0.00228342 0.000511603 0.00150669 -0.000278875 0.00122605 -0.005855 0.000911808 0.00240688 -0.00467519 -0.00347642 0.000274801 0.000977444 0.00044591 0.00216483 -0.00514474 0.00268402 -0.00266058 -9.37192e-05 0.00223558 0.00740238 -0.000133023 -0.00126599 -0.00194994 0.00187296

Run #3
Generation 0:
Best Fitness: 366549
Average Fitness: 354139
Best Individual: -29.4592 -23.511 -54.4443 -52.3722 84.3094 -16.3542 -45.9863 41.4633 -66.7209 -61.8979 64.3221 79.4141 6.28334 19.0068 53.8361 -89.0281 47.9269 -65.1205 12.9038 -4.87978 32.4574 -19.5564 63.0235 -0.700572 -73.3196 94.0335 -32.3623 26.7868 67.6301 26.6024 -21.4919 -86.5763 9.28781 23.2215 20.3063 91.9619 -9.66791 53.9112 -25.8576 20.1319 -3.46326 32.6954 -23.0267 -93.7587 -50.3935 -49.95 -73.3478 -69.4999 49.4851 -40.0381

Generation 3900:
Best Fitness: 500000
Average Fitness: 500000
Best Individual: 0.000312053 -0.00462867 -6.94891e-05 0.0036275 -0.00245377 0.00387307 0.000696108 0.00250954 -0.000302873 0.000543267 -0.00866663 -0.000743284 0.0015653 -7.4772e-05 0.00550364 0.00613776 -0.00376159 -0.00284845 0.00135519 -0.000386722 0.000612253 0.000332016 0.000113277 -0.000386949 0.00293659 -0.000290481 -0.000880275 -0.00676882 0.00243843 0.00347762 -0.00153199 -0.0052994 0.00313138 0.00183403 0.000422744 0.00199133 0.0019494 0.00608129 0.00106813 0.00122302 -0.000300774 -0.00737717 -0.000571063 0.00183158 -0.00101634 0.00392796 0.00122986 0.000346835 -0.00201968 0.00188849

Run #4
Generation 0:
Best Fitness: 370188
Average Fitness: 362684
Best Individual: 75.9262 -32.641 -0.0457558 -4.72975 42.0946 23.892 -58.7381 -67.9893 -32.4831 -54.894 -11.2635 -16.3648 -50.2387 74.9176 20.9723 -54.6132 4.16198 -77.9105 17.8129 -80.0859 20.8746 0.151155 -55.783 11.7385 4.32705 -26.3776 48.544 -5.74467 -63.8541 53.486 -28.8032 13.2892 90.3646 -92.1361 -9.88207 89.2788 -24.5154 68.4502 -33.0938 -71.4094 18.3912 17.4207 60.3323 -95.8808 -45.357 -64.4522 35.4249 52.0588 -77.8208 -50.6865

Generation 3688:
Best Fitness: 500000
Average Fitness: 500000
Best Individual: -0.00179471 -0.00730917 -0.00136318 -0.00121212 -0.00212973 0.00250028 -0.00463433 -0.000209393 0.00357514 0.00794243 -0.000858756 -0.00302835 0.00368699 -0.0053022 -0.00229761 2.78591e-05 -0.000166343 -0.00128061 -0.00637616 -0.000273507 -0.000890775 0.00146633 -0.000514872 -0.00106996 0.00117753 -8.91054e-05 0.00327106 -0.00288465 0.000370624 -0.000257184 -0.00530007 -0.000599445 0.00262141 -0.00247955 -0.00146805 -0.00148587 -0.00847709 0.00144626 -0.0031434 0.000231181 -0.00409884 0.00225202 -0.00504595 0.00206824 -0.00142299 -0.00345992 -0.00163692 0.00256054 -0.000846922 0.000878707

Run #5
Generation 0:
Best Fitness: 371162
Average Fitness: 359983
Best Individual: 76.2657 -30.1192 -15.7621 -61.4686 -53.4177 0.986768 -66.2161 11.4806 -49.4852 -25.2865 72.8993 -36.0562 -50.983 2.54046 -11.0516 52.4242 -75.0136 -71.633 44.7593 -50.3638 83.9253 18.1623 -36.9411 -58.9769 79.5048 52.6785 -45.1189 -49.0152 27.5124 -34.7607 -73.8227 41.5195 -0.920844 68.0081 17.5268 -78.9909 -27.1502 -82.4057 -8.22656 -21.9728 -34.1638 -57.4314 10.6939 69.7483 -40.8417 77.8237 17.508 -60.1282 -33.6098 -58.3709

Generation 4239:
Best Fitness: 500000
Average Fitness: 500000
Best Individual: -0.00099695 0.00673888 0.00266745 0.000204274 0.000369391 -0.00114915 -0.00372142 0.00131876 -0.00775053 0.00936994 -0.00681861 -0.0023841 0.00277949 0.00119681 -0.000931932 0.0061308 0.00431189 -3.34606e-05 0.000424334 -5.9394e-05 -0.00316288 -0.00303581 -0.0031496 0.00074926 0.00349054 -0.000543897 -0.000682111 -0.00223243 -0.000204016 0.0005796 -0.00390689 -0.00254484 0.00074004 0.00414202 -0.0033621 0.00128482 0.00162301 0.000404564 0.00186959 0.00462558 0.000410517 0.00169675 -0.00210737 -0.0039753 0.00178223 6.70017e-05 6.02734e-05 -0.000763316 -0.000661006 -0.00144622

Run #6
Generation 0:
Best Fitness: 382818
Average Fitness: 368885
Best Individual: 26.155 61.8317 25.8104 -99.7425 48.3891 -24.1047 4.5354 13.2371 6.06614 5.94721 -36.9705 -39.751 29.7038 24.2406 16.8616 3.9969 69.9633 -60.9812 90.9662 82.4428 87.0896 -77.1197 19.0126 -11.3581 -16.3917 91.9815 -38.1383 -29.0233 -10.4248 -51.7305 -46.0581 -66.5055 -28.2472 93.625 5.57422 76.7897 31.6528 0.880947 -25.4385 -17.7184 -59.1142 2.32386 -6.24243 -60.6838 -24.497 -5.57621 -3.72168 -94.6167 36.6419 1.60926

Generation 3811:
Best Fitness: 500000
Average Fitness: 500000
Best Individual: 0.00538402 -0.000740019 -0.00224594 0.00315055 0.000705272 -0.000405917 0.00481316 0.00165831 0.00455294 -0.000488793 -0.00184349 0.0014944 0.00125411 0.00401542 5.62991e-05 -0.000944222 0.00600211 0.000949606 0.0042529 -0.000465012 -0.00679043 0.0002212 -2.35537e-05 0.00306655 -0.00684162 0.00242752 -0.00232083 0.00323298 -0.00307443 0.000969363 0.00605659 0.000197169 0.00150543 -0.00107422 0.004182 0.00415328 0.00397091 0.00129281 0.00025107 -0.0034554 -0.0076846 -0.000668809 0.000134947 8.02394e-05 0.000474186 0.00241345 0.000160581 -0.000522288 0.000388442 0.00360083

Run #7
Generation 0:
Best Fitness: 395498
Average Fitness: 369042
Best Individual: 4.6267 15.0212 -7.06215 35.8779 -10.685 -60.5953 53.0933 38.3784 -1.13986 98.4222 4.33628 22.5824 28.5798 -84.8345 -22.6234 88.7658 -10.2168 -48.1149 -23.5201 0.309679 -3.33925 -39.2294 -5.96383 11.2452 -89.9325 24.3562 49.8188 -31.1334 -91.4781 -45.974 3.18446 -2.95952 -14.6911 28.0894 -23.0328 9.77621 -20.8493 -17.0311 52.3468 10.9353 79.8053 83.4565 -44.6406 44.9599 -14.9923 59.7303 -15.6162 48.0668 94.7727 50.544

Generation 3675:
Best Fitness: 500000
Average Fitness: 500000
Best Individual: 0.00241056 0.00106914 0.00078452 -0.00279428 0.00124106 0.00155913 -0.0033172 0.000452919 -0.000475518 -0.00233734 -0.00354315 0.00156536 0.00167061 -0.000567383 0.00324604 0.0017061 -0.00318317 -0.000172787 -0.00234224 -0.000151481 0.00558563 -0.000891223 -0.000575481 0.00169439 -0.000628118 0.00338324 6.78696e-05 0.00137798 -0.00412419 -0.00273112 0.0024376 0.00083268 -0.00680806 0.00970749 0.00255016 0.00283231 -0.00545776 0.000785256 0.00497314 0.00478742 6.74202e-05 0.000475379 0.00368472 -0.00217443 -0.000465833 -0.000624166 -0.00344953 5.9489e-05 0.000603885 -0.00140622

Run #8
Generation 0:
Best Fitness: 374554
Average Fitness: 360678
Best Individual: -3.13013 -8.17358 -1.66672 -12.438 -20.7133 17.9615 98.5634 -44.6086 -69.3805 24.4516 -23.0667 -31.9058 -96.3569 56.7735 59.8025 -23.8705 -62.1503 25.776 -47.9117 44.2064 27.196 -41.9363 -11.6142 76.9663 82.742 -66.9373 63.4441 66.2858 -64.0325 -18.088 4.30247 -49.1597 -89.2851 -96.5975 73.5288 -78.068 -55.8222 3.41412 -48.1134 11.2464 -17.1835 4.9624 -25.4233 6.64135 -42.3685 8.38524 54.8883 20.4351 -63.4278 -0.637718

Generation 3743:
Best Fitness: 500000
Average Fitness: 500000
Best Individual: -0.000175755 0.00222067 0.00323835 0.00513447 0.005619 -0.000908816 0.000248071 0.000622549 -0.00372983 0.00416029 -0.00059767 0.000305359 0.00412212 0.00723664 0.00124086 -0.00551168 -0.00187628 -0.0127174 0.000338139 -0.00082392 0.00234276 1.55496e-05 -0.000668307 -0.00158654 -0.000113485 0.00301381 -0.000444841 0.00387789 0.00153459 -0.00191749 0.000940925 -0.00166074 -0.00412752 0.00384567 0.000144417 -0.00320054 0.000756655 0.00348865 -0.000373358 0.000665642 -6.72327e-05 -0.000667836 0.00173853 -0.000892531 -0.000209918 0.00329451 0.000272881 0.00279604 -0.0002742 -0.000807222

Run #9
Generation 0:
Best Fitness: 373799
Average Fitness: 362922
Best Individual: 45.2502 -43.5223 18.6721 65.0376 35.5818 34.7808 -64.4551 8.72586 72.7077 -3.34216 47.2235 -39.332 -2.49537 36.3354 54.2397 -0.474534 81.3897 -37.3764 -79.2507 -25.7953 -98.0445 -16.5953 75.8239 14.7752 12.7926 -14.249 96.5434 -15.0598 42.4002 -25.7185 -52.8218 38.6638 -67.9496 34.7238 -47.1904 59.9621 53.5426 -3.5911 -57.2964 72.4619 69.9149 -54.7626 40.5574 58.0615 11.3384 40.9728 93.6868 16.6235 45.4443 26.1163

Generation 3807:
Best Fitness: 500000
Average Fitness: 500000
Best Individual: 0.00125743 0.00344292 -0.000720369 2.26185e-05 0.000663853 -0.00253709 -0.000333461 -7.37494e-05 -0.00425785 0.0033513 -0.00124986 -0.0024104 0.00143127 0.00635692 6.35295e-05 0.00011721 0.00333734 -0.00184289 0.00214619 -0.00356485 0.00226694 0.00132444 -0.00291561 -0.000105839 0.00216127 -0.00398215 -0.00512784 0.00466821 0.000547798 -0.00269674 0.00180047 -0.000246542 -0.000550246 -0.00426079 -0.00104351 0.00154242 0.000973679 -0.00512128 0.00552909 -0.000665397 0.00330918 -0.00789027 0.00310291 0.000978932 -0.00251211 -0.00144438 0.00338077 0.00370266 -0.00358891 -0.000338263

Run #10
Generation 0:
Best Fitness: 372248
Average Fitness: 365889
Best Individual: 56.5859 40.0821 -14.6868 26.0848 18.1245 49.8365 92.3941 3.12522 50.5204 -81.8366 -91.4396 77.3708 61.5489 -34.6547 6.13355 -50.0444 10.2174 -9.85743 49.213 20.5306 51.6656 17.6402 -0.208067 -95.905 1.4562 44.9826 16.6483 -30.5295 8.22787 69.8939 -90.7028 -42.6306 -79.7763 40.1937 60.0528 -64.1226 -91.7781 67.7364 -15.6133 -13.7584 41.9281 8.24423 -8.35646 19.6066 -70.1978 14.6509 -3.96116 -52.9318 79.0302 2.02906

Generation 3619:
Best Fitness: 500000
Average Fitness: 500000
Best Individual: 0.00550434 -0.00189615 0.00276622 -0.000323292 0.00197771 -0.00306783 -0.00296651 -0.00131495 -0.00132805 0.000138115 0.00180801 0.000322881 0.00271267 -0.000300612 -0.00505467 0.00697799 -0.00581542 0.0029119 0.00128749 0.000653266 0.0080089 -0.00268959 -0.000626449 0.00123967 0.00075938 -0.00121972 -0.000384703 0.00580221 -0.00112355 -0.000780436 -0.00416416 0.00290881 -0.00065289 -0.00189006 0.00107487 -0.00489547 0.000493932 0.00457885 -0.00459027 0.00338667 -0.000824276 -0.00368274 0.000790041 0.00102161 -0.00390773 0.000563824 0.000729639 -0.00634035 0.00215931 -0.000881793



Mating Distance
Run #1
Generation 0:
Best Fitness: 385023
Average Fitness: 378425
Best Individual: -32.1506 -54.7221 -25.5349 46.3147 68.3324 48.3385 4.18975 -64.7048 -46.6748 -66.7883 49.5412 -91.6836 -19.5318 -20.9931 -77.5124 -50.1681 66.1162 -12.6316 -16.6613 -8.97353 44.6164 -9.49785 -5.01399 -35.679 -81.3862 -5.0422 66.9224 -36.4685 2.50706 31.4189 7.48715 60.7016 -17.1163 54.1469 -53.1856 98.1904 -54.0677 36.9908 -11.5751 -18.1041 7.82602 -29.1498 57.1417 7.17789 -59.5054 83.4489 63.4173 12.212 -68.7863 1.492

Generation 4282:
Best Fitness: 500000
Average Fitness: 500000
Best Individual: 0.00101164 -0.00298969 0.000513748 0.000240935 0.00785409 -2.91634e-05 -0.00108281 0.00135146 0.00108149 -0.000753722 -0.000522472 -0.000812595 -0.00151065 0.0030939 -0.00112371 0.00375258 0.00100778 0.00296138 0.00327402 -0.000327909 0.00249161 -0.00736728 -0.000842235 0.000859138 0.00686388 -0.000501061 0.000105287 0.000578038 0.000406904 -0.000740421 -0.00194176 -0.000227574 0.00534743 -0.000401844 0.000544175 0.00320944 0.0033645 -0.000816351 0.00143463 -0.0107471 0.000431772 -0.000828678 0.00884675 -0.000633377 0.00144379 -0.00110614 -0.00176944 0.000701697 -0.000114977 -0.00265145

Run #2
Generation 0:
Best Fitness: 358431
Average Fitness: 355459
Best Individual: -84.9819 42.6133 -9.66986 -96.4452 -46.7181 -30.1163 56.6324 1.34128 54.7941 43.1602 -74.589 -30.7301 -5.24958 31.6781 -82.0106 -57.4645 -5.56673 36.6663 21.1952 19.0993 79.6122 -93.3048 53.5295 -44.553 25.5145 79.4794 52.6326 0.317857 -61.1389 65.7556 20.649 -3.78473 -7.27982 73.5591 85.9564 -38.1206 -45.7941 -72.4564 -17.6295 -40.688 80.3292 23.2852 94.057 12.1225 -55.0351 -31.3307 -12.8103 48.7971 12.2095 -84.8631

Generation 4293:
Best Fitness: 500000
Average Fitness: 500000
Best Individual: 0.000336321 0.0042223 0.00112687 0.00258539 0.00379436 0.00122971 0.000155189 0.000107325 -0.00046753 -0.00083657 0.00146165 0.00310813 0.00528126 0.000899604 0.000258723 -0.00259648 0.00144915 -0.00226354 -0.00565824 0.00143173 -0.000684788 0.000165841 0.00159985 -0.00104109 0.00768863 0.00126198 0.00223737 0.00347687 -0.00236172 -0.00371464 -0.00454595 2.96155e-05 -0.00467486 -0.0040595 0.00297832 -0.000636495 0.00500136 0.000515309 0.00408678 8.83263e-05 -0.00195601 -0.00241351 0.00636199 0.00111642 -0.0075936 0.00202529 -0.00113527 0.000762262 -0.00309712 0.00126362

Run #3
Generation 0:
Best Fitness: 365000
Average Fitness: 352427
Best Individual: 98.1068 54.8082 -46.8419 -3.78492 -49.7879 62.1555 60.7342 87.9251 43.3213 -27.658 -20.6551 -94.6904 -44.682 76.677 87.1768 90.8884 4.56735 57.7424 78.3252 1.85699 -31.853 -2.48939 -57.5514 66.4876 -24.195 -8.46704 22.003 -43.6991 24.5321 60.2575 8.15277 -4.12665 98.0533 34.8057 -56.4537 -22.5434 -27.153 45.3809 -27.0443 -28.4725 18.6225 83.4079 41.9803 -26.6287 17.7218 -27.5345 -20.323 -75.2737 -48.0656 48.8593

Generation 4642:
Best Fitness: 500000
Average Fitness: 500000
Best Individual: 0.00282183 -0.00038119 -0.00202543 -0.000405662 -4.21794e-05 -0.00148606 0.00378563 -0.00162259 -0.00255574 -0.000563048 0.00168923 0.000670251 -0.00151488 0.00112233 0.00253291 0.00181393 -0.000326886 0.00509529 -0.000899671 0.000340645 -0.00304521 0.00177475 0.00577178 -0.00102598 -0.00396529 -0.00105113 -0.00407954 0.000909985 0.00120498 -0.000215709 -2.52237e-05 -0.000862295 -0.00167358 -0.00113754 -0.0117639 -0.00640439 -0.00163585 0.000583488 -0.000810232 -0.000454131 -0.00280394 -0.00486081 -0.0012712 0.00378139 -0.000257361 0.00200293 0.00799016 -0.00177533 0.00125013 0.00202854

Run #4
Generation 0:
Best Fitness: 381957
Average Fitness: 368210
Best Individual: 61.5133 0.234319 -80.4762 4.03535 -93.5486 41.6285 -8.87434 8.86038 1.22509 21.473 -32.3785 17.336 -21.0953 78.8383 53.4933 12.7916 -57.3507 -55.7616 -94.2357 -2.18632 19.0069 -19.1547 16.3921 -80.5315 -75.761 -82.5453 -12.6111 12.36 49.1692 -58.861 10.61 -7.65707 -28.9038 -65.09 -37.02 29.0007 -54.8423 -71.6905 52.9798 -36.0457 -3.51729 45.9426 -5.77892 50.5758 -13.8757 94.8086 31.8369 -66.8529 -26.5997 61.9697

Generation 4229:
Best Fitness: 500000
Average Fitness: 500000
Best Individual: -0.000443335 0.00158828 0.000324182 0.000895302 -0.00227962 -0.000445989 -0.00291062 -0.00103578 -0.00133334 -0.000254065 0.00488568 0.00350916 -0.00131712 -0.00157822 -0.000445642 0.0106118 0.000187357 -0.00149972 -0.00370525 0.00368699 -0.00375503 -0.00132054 -0.0071505 0.000249331 -0.000465973 0.0027851 -0.000552361 -0.00136677 -0.00137191 0.000423332 -0.00167153 0.00642576 -0.00324599 -4.78883e-05 -0.00140357 0.00153013 -0.00519917 0.00411183 -0.000250346 -0.00359271 -0.00120418 -0.00169558 0.00237707 0.00107568 -0.000966004 0.0045048 -0.00633714 -0.00252917 0.00175122 0.00164271

Run #5
Generation 0:
Best Fitness: 366275
Average Fitness: 363267
Best Individual: -70.2004 -96.527 -39.3996 -35.0892 35.8887 75.4555 72.8651 28.3071 85.8124 79.6669 -6.03855 22.5746 -19.0111 -16.6903 -43.9982 -25.5518 3.29548 -69.1802 -62.6851 -24.1126 26.3184 77.0235 81.6466 67.4886 12.2876 -54.0493 -54.173 -84.4594 -22.865 -92.285 17.3258 45.5102 50.39 90.4693 43.5812 -40.2509 14.5437 -66.2471 -16.0642 62.7558 -44.9809 3.80594 28.0686 -26.6605 11.3268 58.3361 -20.5249 -16.9879 -42.4793 -35.3147

Generation 4462:
Best Fitness: 500000
Average Fitness: 500000
Best Individual: 0.00232395 -0.00471547 -8.39809e-05 -0.00215077 0.000754476 -0.00133829 0.00274666 0.000575524 5.54002e-06 0.00177676 -5.2367e-05 0.000909758 -0.00139483 -0.00106041 -0.00171444 0.000453038 -0.00545254 -0.00585378 0.00114387 -0.00767601 -0.00227365 -0.00412358 -6.4431e-05 -0.001501 0.00279635 0.00582159 -0.00177652 -0.000337632 0.000580552 0.000130133 -0.00420696 -0.0028367 -0.00126058 0.00198385 -0.000265211 -0.0109969 -0.00412049 0.000852451 0.00274545 0.00271718 -0.000792165 -0.00317603 0.000282928 0.00395127 0.00216654 0.000365491 -0.000673219 0.00234494 -0.00121646 0.00280275

Run #6
Generation 0:
Best Fitness: 385150
Average Fitness: 372064
Best Individual: 6.09083 -22.738 -15.8695 -75.3301 -2.93485 -53.4431 27.7033 -56.4613 36.699 -4.69098 56.4914 -42.1673 0.659513 72.2489 -32.6722 44.5661 -45.1748 -55.9027 17.4997 3.19794 -79.6295 73.1996 -23.0501 33.757 -10.8641 -29.4964 -85.8111 -56.3983 59.0994 -21.833 -43.9798 98.3468 39.222 -50.6219 -47.5021 -62.1603 47.5727 29.1834 99.5366 30.8326 21.3489 -27.218 -3.61311 72.4174 -5.24228 -29.658 -1.39834 -82.327 39.1861 23.2488

Generation 4354:
Best Fitness: 500000
Average Fitness: 500000
Best Individual: 0.000657383 -0.00334161 -0.000547079 0.000473628 0.00299521 0.00472538 6.80375e-05 -0.00257526 0.00251952 -0.00283076 -0.00053782 0.000887916 -9.38477e-05 0.00223261 -0.00584796 0.00307451 -0.00196955 -0.000485276 3.68056e-05 0.00340443 0.000921509 -0.00259897 -0.000929969 -0.00379763 0.00465378 0.00633336 -0.00106994 0.00134194 -0.00653862 0.00112297 -0.000357947 0.000413606 -0.0065974 0.00446495 0.000347935 -0.00113151 -0.00107253 0.00312654 -0.000186569 0.00185052 -0.00155855 5.96838e-05 -0.00229368 -0.00518027 0.00661499 -0.00389488 0.000667634 -0.00100944 -0.000597134 -0.00335359

Run #7
Generation 0:
Best Fitness: 373555
Average Fitness: 357352
Best Individual: 37.5422 -37.625 72.8316 -21.935 -93.9051 0.999549 89.2452 23.8091 -5.23028 -90.4857 60.6552 40.1823 44.1808 -83.7986 5.79138 -11.2491 29.9896 -13.503 -50.6407 50.4652 -90.3858 39.4895 43.2641 -3.49732 -26.215 -19.6113 36.328 14.9111 -21.1054 80.8642 -31.3264 53.7198 57.536 51.9273 38.4541 -0.221379 77.6838 -18.9815 -34.0433 -5.96799 -59.027 -46.9053 -7.24021 55.4182 -47.232 66.0654 -65.279 49.5387 86.3304 37.6612

Generation 4245:
Best Fitness: 500000
Average Fitness: 500000
Best Individual: 0.000471485 -0.000621587 0.000278433 -0.000392081 -0.00576523 -0.00424953 -0.00407644 -0.000699166 0.00132378 0.00954385 -0.00501785 -0.00322826 -0.00110699 0.00144492 -0.000854386 1.81267e-05 -0.00102719 2.50146e-05 -0.003113 0.00181708 -0.00384846 0.00646434 -0.000399123 -0.00304478 -0.00101313 -0.00110646 -0.000600449 -0.00271625 -0.00500577 0.00182449 0.00222953 0.000880206 -0.00127292 -0.00354615 0.0027212 -0.00182175 -0.000451157 0.000537649 0.00145553 -0.00118079 0.00601612 0.0025184 -0.00531246 -0.000351175 0.00118978 0.000775419 -0.0016698 0.00301937 1.56814e-06 -0.000989849

Run #8
Generation 0:
Best Fitness: 349908
Average Fitness: 342810
Best Individual: 50.3019 -98.7403 37.9331 59.8378 41.1131 -94.6193 -69.6918 18.5688 73.3179 8.62031 34.9038 -13.2318 -0.793659 16.2398 -6.12545 -48.6438 -74.5689 -13.8992 66.4731 -90.1175 78.5728 22.8535 36.6294 13.3606 45.5825 -87.4087 63.4582 -66.9403 -19.0115 40.1335 3.22076 40.9478 -34.7239 -10.4983 -41.6096 -74.0114 24.1773 73.1282 39.0823 -59.3977 -68.6199 32.4623 44.4711 -54.1642 95.4952 -83.4452 27.8463 64.4855 -73.042 -44.2727

Generation 4688:
Best Fitness: 500000
Average Fitness: 500000
Best Individual: 0.0001513 0.000679665 -0.000660979 -0.00106964 -0.000361529 0.00075035 -7.24592e-05 -0.00155299 0.00232213 0.00471228 -0.00335363 -0.0130017 0.000844995 0.00163594 -0.00300867 0.00282884 -0.00065322 0.000710521 -0.00243297 0.000319285 0.00111248 0.00201247 -0.000780545 0.00185995 -0.00155021 0.00096225 0.0013241 -0.0017443 -0.000219718 0.0110286 0.00205269 8.65566e-05 0.0033481 -0.00115422 0.00262306 -0.00243049 -0.00208503 0.00107603 -0.00122226 0.000129238 -0.00312432 0.000276859 0.00303898 0.00493888 0.000400129 -0.00332626 0.00199609 0.00273222 -0.00100821 0.00113028

Run #9
Generation 0:
Best Fitness: 367011
Average Fitness: 362821
Best Individual: 93.4609 -87.4743 11.4781 28.9712 -18.5154 20.9863 61.6595 -11.3306 64.1196 0.51505 34.9072 46.6507 0.0193101 51.7826 19.874 87.3524 -60.4806 -12.3301 -89.1257 -66.8829 -29.1173 -62.9069 52.7064 37.3536 26.348 5.5496 -70.8476 -39.5595 -17.5121 -75.478 -48.5901 51.7857 79.1818 -55.3608 -29.3963 -18.6395 -19.3939 -87.563 -0.701419 50.9097 -84.121 52.7497 -51.1321 -63.5751 68.2789 11.651 29.4573 20.3328 30.3368 -62.0587

Generation 4291:
Best Fitness: 500000
Average Fitness: 500000
Best Individual: 0.00122807 0.000769861 0.00579723 -0.000703996 0.00186213 8.04372e-05 0.00467558 -0.000604903 0.00276199 -0.000638354 0.00057379 -0.00220493 -0.00198627 0.00421142 -0.000115117 0.00160348 0.000127974 -0.00216066 0.00370644 -0.0041691 0.000327072 -0.00211641 -0.0044197 0.00689189 0.000310879 -1.50059e-05 0.00276026 0.00150136 -0.00207168 0.00467757 0.000510518 -0.000523053 -0.000845656 0.00050393 -0.00426678 -0.00459195 -0.000519295 0.00581685 0.00370785 0.000259884 0.000957721 0.00125613 0.0006179 -0.00152058 -0.0088562 -0.00397062 0.00418977 -0.000906238 -0.00444105 0.00563982

Run #10
Generation 0:
Best Fitness: 354419
Average Fitness: 353449
Best Individual: -30.2592 -33.9814 57.0193 96.798 -11.2905 87.4922 28.351 -93.3644 -77.4156 55.3516 -16.9235 -47.1033 -42.7212 13.224 92.5183 -37.6737 -33.0455 67.9957 -76.7957 51.6631 66.0611 74.299 9.35381 -55.3212 36.5781 -14.7567 -91.5873 11.5235 -62.9162 22.9568 41.0785 -19.9876 23.9146 22.7857 16.9391 -16.5841 -65.8442 -42.6349 -37.6246 25.0848 -14.6225 75.5443 -6.30138 -46.6927 47.1582 42.909 99.9627 -75.1814 -83.3647 30.9442

Generation 3924:
Best Fitness: 500000
Average Fitness: 500000
Best Individual: 0.000557978 -0.00507048 -0.00323024 0.00468064 -0.000289327 0.0023064 0.00137165 0.00127018 0.000323723 0.00623572 -0.00154579 0.00448976 0.00153179 -0.00126868 0.0040595 -0.000100192 0.00494858 0.00290857 -0.00535742 0.00109742 0.00151889 -0.000144623 0.00181155 0.00641136 -0.00417308 -0.00104484 -0.00165734 0.00561437 0.000357277 -0.00154747 9.94164e-05 -0.00089773 -9.72151e-05 -0.00195092 0.00157717 -0.00283783 -0.00264022 -0.00130303 -0.000658412 -0.00294087 -0.00245691 -0.00316468 -0.0007454 0.00582257 0.00118844 -0.00207856 -0.00162316 -0.000203667 0.000822345 0.00980442



