Standard EC
Run #1
Generation 0:
Best Fitness: 95782.9
Average Fitness: 86841.4
Best Individual: 92.3302 61.3965 36.3325 57.0913 -94.8702 12.5615 -24.2383 -76.8312 59.9349 81.9516 -83.4411 -69.8268 85.2681 -32.101 -91.4087 -86.9816 -72.6364 5.69159 -95.3882 49.8408

Generation 1750:
Best Fitness: 200000
Average Fitness: 199907
Best Individual: 100 100 100 100 -100 100 -100 -100 100 100 -100 -100 100 -100 -100 -100 -100 -100 -100 100

Run #2
Generation 0:
Best Fitness: 97449.8
Average Fitness: 87013.2
Best Individual: -90.9065 98.3839 16.1459 68.5441 33.6115 -68.9294 -96.1926 -80.8121 84.6111 -12.0643 -68.2747 -42.4368 -97.188 -49.3813 -12.9441 79.3158 -46.0836 95.0441 -96.3362 18.321

Generation 1628:
Best Fitness: 200000
Average Fitness: 199856
Best Individual: -100 100 100 100 100 -100 -100 -100 100 100 100 100 -100 -100 -100 100 100 100 -100 100

Run #3
Generation 0:
Best Fitness: 108756
Average Fitness: 99677.1
Best Individual: 84.9403 -1.08557 -93.3961 -4.07401 20.5951 87.9166 -38.5987 95.7617 93.1889 -87.5287 -32.6892 -92.6747 85.6798 -52.9187 92.8317 90.5508 -46.2246 -69.921 -97.2914 -67.3409

Generation 1278:
Best Fitness: 200000
Average Fitness: 199967
Best Individual: 100 -100 100 -100 -100 100 -100 100 100 -100 -100 -100 100 -100 100 100 -100 -100 -100 -100

Run #4
Generation 0:
Best Fitness: 102891
Average Fitness: 94537.3
Best Individual: 66.9481 86.9187 -93.4468 -51.3096 -95.6987 12.7846 36.8445 -23.4974 44.4654 31.4419 -87.813 -60.451 95.1822 93.954 96.8717 -82.5626 38.1808 -97.6615 43.3251 -83.4663

Generation 1524:
Best Fitness: 200000
Average Fitness: 199951
Best Individual: 100 100 -100 100 -100 100 100 -100 100 100 -100 -100 100 100 100 -100 100 100 100 -100

Run #5
Generation 0:
Best Fitness: 107823
Average Fitness: 85884.2
Best Individual: 97.7953 63.3163 96.3206 48.8732 -96.7845 95.7666 91.4818 -93.7652 58.4422 80.2353 -90.3721 -19.623 -87.441 -32.3711 -64.8003 -86.9307 34.8068 -12.4797 59.7904 -55.5664

Generation 660:
Best Fitness: 200000
Average Fitness: 199993
Best Individual: 100 100 100 100 -100 100 100 -100 100 100 -100 100 -100 100 -100 -100 -100 100 100 -100

Run #6
Generation 0:
Best Fitness: 92602.8
Average Fitness: 82460.8
Best Individual: -69.4107 -71.4697 -93.3577 -79.4805 14.8461 -60.9263 47.1777 84.0637 -92.1034 71.9571 -87.2884 -17.428 -16.8875 -91.9832 -8.25628 78.6526 46.2385 -46.6369 -98.1145 62.4141

Generation 1678:
Best Fitness: 200000
Average Fitness: 199910
Best Individual: 100 100 100 100 -100 100 100 100 -100 100 -100 -100 -100 -100 100 -100 -100 -100 -100 100

Run #7
Generation 0:
Best Fitness: 83672.4
Average Fitness: 82053.2
Best Individual: 24.095 57.0546 -53.7432 -99.2445 -50.3916 -69.0018 80.474 -37.7889 -49.2736 89.5341 74.9547 26.7451 -74.926 97.3381 -55.5787 -98.1355 63.6236 14.7937 43.7354 -33.595

Generation 1597:
Best Fitness: 200000
Average Fitness: 199924
Best Individual: -100 -100 -100 -100 -100 -100 100 -100 -100 100 -100 100 -100 100 100 -100 100 -100 100 -100

Run #8
Generation 0:
Best Fitness: 102211
Average Fitness: 94613.3
Best Individual: 93.1578 -52.3167 -52.1693 37.7363 91.3696 -96.6595 97.7969 -15.498 99.315 61.1111 -87.0897 68.9977 -19.5062 -89.9782 18.9022 -82.8899 -42.7195 24.0275 -77.3372 95.5121

Generation 1667:
Best Fitness: 200000
Average Fitness: 199943
Best Individual: 100 100 -100 -100 100 -100 100 -100 100 100 -100 100 -100 100 100 -100 -100 100 100 100

Run #9
Generation 0:
Best Fitness: 95811.3
Average Fitness: 82922
Best Individual: 52.5008 -53.872 -54.1467 90.0464 65.4209 -47.0543 -77.7505 78.2985 55.7526 83.8927 -6.35819 99.9718 -90.2797 -90.9919 -29.1533 65.8608 88.3438 87.6446 4.17032 56.0407

Generation 1686:
Best Fitness: 200000
Average Fitness: 199894
Best Individual: 100 -100 -100 100 -100 100 -100 100 100 100 -100 100 -100 -100 -100 100 100 100 -100 100

Run #10
Generation 0:
Best Fitness: 86797.2
Average Fitness: 82674
Best Individual: -34.4313 58.9788 -86.6335 73.1893 64.3978 -84.1138 93.0502 -24.2618 -65.4407 -30.1437 -37.0624 -73.8662 -22.431 84.5043 -91.616 -13.3924 93.4638 -71.1738 -76.1481 -31.0539

Generation 1090:
Best Fitness: 200000
Average Fitness: 199904
Best Individual: 100 -100 -100 100 100 100 100 100 -100 100 -100 -100 -100 100 -100 100 100 -100 100 -100



1/5 Success Rule
Run #1
Generation 0:
Best Fitness: 88662.7
Average Fitness: 80229.6
Best Individual: 58.3592 -52.9926 51.292 -70.6245 -62.3618 -92.2531 73.6944 -17.413 -72.1651 -3.7368 28.4119 94.9496 -55.2396 87.7834 64.4372 1.35681 -80.0805 -27.7672 99.0801 -98.69

Generation 1259:
Best Fitness: 200000
Average Fitness: 199919
Best Individual: 100 100 -100 -100 100 -100 100 100 -100 100 -100 100 -100 100 -100 100 100 -100 100 -100

Run #2
Generation 0:
Best Fitness: 90006.1
Average Fitness: 83255.1
Best Individual: -44.9255 -61.7142 -68.0835 40.6175 -52.8579 -64.5432 -59.4019 -95.642 -90.5574 36.2055 70.6308 -40.728 -69.5029 -32.9674 -69.0722 -88.2111 98.0095 94.2735 52.7901 -48.4715

Generation 1640:
Best Fitness: 200000
Average Fitness: 199931
Best Individual: 100 -100 100 -100 100 -100 -100 -100 -100 -100 100 -100 -100 -100 -100 -100 100 100 100 -100

Run #3
Generation 0:
Best Fitness: 88569.6
Average Fitness: 85332.3
Best Individual: -61.0644 51.078 -86.2873 -39.1739 -55.1145 -50.6667 88.1073 -74.8344 17.9766 -19.5056 -99.4903 18.7819 94.2404 70.4671 69.4707 26.9011 95.847 -89.3097 -60.7078 -55.5359

Generation 1528:
Best Fitness: 200000
Average Fitness: 199834
Best Individual: -100 100 -100 -100 -100 -100 100 100 100 -100 -100 100 100 100 -100 100 100 -100 100 100

Run #4
Generation 0:
Best Fitness: 86634.4
Average Fitness: 83397.5
Best Individual: 34.3166 37.3695 92.9196 -17.6232 -60.9982 49.4011 -91.6562 93.4715 -90.7316 -72.8684 -86.5072 49.6053 -45.1025 72.243 31.1719 -54.0495 13.9409 -3.94445 -94.5132 89.6743

Generation 1888:
Best Fitness: 200000
Average Fitness: 199981
Best Individual: -100 -100 100 100 100 100 -100 100 -100 -100 -100 -100 100 -100 -100 -100 -100 100 -100 100

Run #5
Generation 0:
Best Fitness: 87513.5
Average Fitness: 83431.2
Best Individual: 16.3982 20.3693 14.6428 -93.2863 -98.8303 -64.5783 3.88267 -96.5819 -89.6832 -76.807 58.4688 -58.5392 -11.3506 5.57295 62.5686 37.3212 -96.476 88.5708 89.0046 57.4661

Generation 1178:
Best Fitness: 200000
Average Fitness: 199945
Best Individual: 100 100 100 -100 -100 -100 100 -100 -100 -100 100 -100 100 100 -100 100 -100 100 100 100

Run #6
Generation 0:
Best Fitness: 108982
Average Fitness: 104618
Best Individual: -45.4795 97.1157 -81.0516 -69.6683 -87.2565 -65.2453 -57.3126 94.8108 99.6157 60.9295 -93.7129 -75.0221 -13.6377 55.3348 -88.4818 -46.5928 -50.1492 -31.6153 -94.4832 90.438

Generation 1749:
Best Fitness: 200000
Average Fitness: 199998
Best Individual: 100 100 -100 -100 -100 -100 -100 100 100 100 -100 -100 -100 100 -100 -100 -100 -100 -100 100

Run #7
Generation 0:
Best Fitness: 91523.6
Average Fitness: 82709.1
Best Individual: -78.6177 49.1201 -60.7812 -93.5109 16.241 -80.4308 35.8175 73.226 83.5272 76.1068 -98.8288 -78.4894 35.8027 56.5056 -90.9367 85.3356 -7.6642 27.9929 83.0543 25.4975

Generation 1995:
Best Fitness: 200000
Average Fitness: 199955
Best Individual: -100 100 -100 -100 100 -100 100 100 100 100 -100 100 100 -100 100 100 -100 -100 -100 -100

Run #8
Generation 0:
Best Fitness: 83108.5
Average Fitness: 77089.4
Best Individual: -74.451 -82.2297 78.3648 -65.9746 -92.9884 46.4325 15.2518 -11.3104 -55.231 54.3992 84.3929 -83.1081 88.2573 -11.4125 1.76375 -55.1375 -75.2195 88.9242 67.6574 1.44246

Generation 1635:
Best Fitness: 200000
Average Fitness: 199939
Best Individual: -100 -100 100 -100 100 100 100 100 -100 100 100 -100 100 100 100 -100 -100 100 100 -100

Run #9
Generation 0:
Best Fitness: 90382.9
Average Fitness: 85927.4
Best Individual: 57.572 51.5873 99.1596 -98.6339 58.119 72.2079 75.8607 -95.906 -18.5966 10.7018 -11.0768 83.0907 -26.7787 -23.4007 6.09244 49.5152 -97.425 -57.4539 92.5979 -93.2395

Generation 1069:
Best Fitness: 200000
Average Fitness: 199963
Best Individual: 100 100 100 -100 100 100 100 100 -100 100 -100 100 100 100 100 -100 -100 100 100 -100

Run #10
Generation 0:
Best Fitness: 98520.3
Average Fitness: 90389.1
Best Individual: -57.1373 82.5972 -48.0082 -98.2959 51.824 8.83873 -50.6335 -52.5805 -71.2815 -78.0949 -91.6813 -74.9799 -71.4746 62.5163 -87.1007 67.1908 47.2627 -99.0583 2.12777 -99.9898

Generation 1987:
Best Fitness: 200000
Average Fitness: 199967
Best Individual: -100 100 -100 -100 -100 100 100 100 -100 100 -100 -100 -100 100 -100 100 100 -100 100 -100



Average Pairwise Distance
Run #1
Generation 0:
Best Fitness: 94004.8
Average Fitness: 84858.5
Best Individual: 31.0767 83.4469 -89.1479 -66.593 22.8933 87.2263 -0.691398 70.093 -82.06 -52.1398 -80.638 -64.5988 33.3614 72.1344 96.6197 -85.0422 3.27513 -87.8564 -34.7007 93.2856

Generation 2138:
Best Fitness: 200000
Average Fitness: 199950
Best Individual: 100 100 -100 -100 100 100 -100 100 -100 -100 -100 -100 100 100 100 -100 100 -100 -100 100

Run #2
Generation 0:
Best Fitness: 89899.9
Average Fitness: 84779.4
Best Individual: 51.1167 -99.0954 -2.77395 -78.8314 4.74763 -43.2178 76.0001 68.8133 -93.3546 95.0402 60.5484 -78.8254 68.4098 -17.0882 -53.5103 80.393 94.5588 46.5016 -55.0946 -52.7124

Generation 1585:
Best Fitness: 200000
Average Fitness: 199958
Best Individual: -100 100 100 100 100 100 -100 -100 -100 100 100 -100 100 100 100 -100 100 -100 100 -100

Run #3
Generation 0:
Best Fitness: 107181
Average Fitness: 92413
Best Individual: 23.7123 -24.8147 -86.9025 -84.6089 87.495 88.7315 -84.9185 87.5517 59.1725 72.3138 82.0263 -13.1405 47.3434 -62.5547 92.4731 76.3337 98.8665 78.3831 29.8295 88.9618

Generation 1238:
Best Fitness: 200000
Average Fitness: 199996
Best Individual: -100 100 -100 -100 100 100 -100 100 100 100 100 -100 -100 -100 100 100 100 100 100 100

Run #4
Generation 0:
Best Fitness: 85876.4
Average Fitness: 82397.1
Best Individual: -56.4257 88.9162 81.8893 -69.4839 90.0806 52.032 76.3521 3.63582 -52.0317 78.8296 -11.6254 -59.3264 -49.6269 42.1679 -69.3359 89.0753 -80.6713 -9.31601 37.9629 -94.8317

Generation 1770:
Best Fitness: 200000
Average Fitness: 199926
Best Individual: -100 100 100 100 100 100 100 100 -100 -100 100 100 100 100 100 100 -100 -100 100 -100

Run #5
Generation 0:
Best Fitness: 92157.9
Average Fitness: 86030.4
Best Individual: 29.2778 94.9069 77.6701 9.20134 -18.6299 88.1857 -80.7057 -33.4317 69.6983 98.7855 37.2808 -94.697 -66.8464 80.5281 -11.1596 -97.672 58.8734 -28.2545 -75.6999 69.5338

Generation 1802:
Best Fitness: 200000
Average Fitness: 199894
Best Individual: -100 100 100 100 -100 100 -100 -100 100 100 -100 -100 -100 100 -100 -100 -100 -100 -100 100

Run #6
Generation 0:
Best Fitness: 96577.8
Average Fitness: 91480.3
Best Individual: -89.086 -89.02 -46.0639 32.0371 -97.2872 25.4458 87.8968 89.6731 -86.735 99.0599 36.9108 76.8378 47.516 41.7443 66.2345 -97.2698 -1.95352 94.0931 16.6126 10.2413

Generation 1472:
Best Fitness: 200000
Average Fitness: 199902
Best Individual: -100 -100 -100 -100 -100 100 100 100 -100 100 100 100 100 100 -100 100 -100 -100 -100 -100

Run #7
Generation 0:
Best Fitness: 89464
Average Fitness: 82401.9
Best Individual: 55.9426 -91.3116 88.944 97.5443 7.60047 -33.1947 -27.2154 -87.5122 80.7882 -28.0103 16.8481 -56.298 97.6573 32.3197 90.3537 -44.8561 75.1864 -89.0611 -2.75152 76.7951

Generation 1213:
Best Fitness: 200000
Average Fitness: 199946
Best Individual: -100 -100 100 -100 100 -100 -100 -100 -100 100 -100 -100 100 100 100 -100 -100 100 100 100

Run #8
Generation 0:
Best Fitness: 85135.5
Average Fitness: 77336.2
Best Individual: 78.607 -69.8078 -78.8078 -88.2855 -85.645 -14.3129 -33.7335 -47.9366 -4.34153 6.48699 92.1454 -64.2691 98.4894 46.2674 -79.9118 20.6261 38.2003 -97.1675 -46.272 68.7473

Generation 1368:
Best Fitness: 200000
Average Fitness: 199991
Best Individual: 100 -100 -100 100 -100 -100 -100 -100 100 100 -100 -100 100 -100 100 -100 -100 -100 -100 100

Run #9
Generation 0:
Best Fitness: 82002.7
Average Fitness: 76663.1
Best Individual: 81.0022 18.7774 52.4812 -68.0579 -94.9164 62.4359 -40.2607 -80.9153 89.4463 47.023 -34.8618 -61.6854 71.9814 -33.0272 -71.0611 11.0115 -75.1392 60.3034 68.1056 77.6592

Generation 1735:
Best Fitness: 200000
Average Fitness: 199957
Best Individual: 100 100 100 -100 -100 100 -100 -100 -100 100 -100 100 -100 -100 -100 -100 100 -100 100 100

Run #10
Generation 0:
Best Fitness: 91774.1
Average Fitness: 85839.5
Best Individual: 15.3156 -5.28933 -23.033 -43.3165 93.2051 -72.8705 -92.2333 90.7566 -35.9132 -83.6795 44.1228 92.5401 67.5385 49.4635 48.4478 -90.2422 -98.5492 -66.077 -35.975 -81.7923

Generation 1233:
Best Fitness: 200000
Average Fitness: 199926
Best Individual: 100 -100 -100 -100 -100 100 -100 100 -100 -100 100 100 100 100 100 -100 -100 -100 -100 -100



Cosine Similarity with Compare
Run #1
Generation 0:
Best Fitness: 97006.7
Average Fitness: 91682.4
Best Individual: 64.5207 -70.7641 11.4844 90.5612 -46.9934 89.4554 -87.8296 -33.6333 -35.6234 -77.2254 99.0589 -88.2223 -99.3999 -96.2554 7.40984 -51.1824 89.7256 35.7024 66.5694 -6.45149

Generation 1488:
Best Fitness: 200000
Average Fitness: 199972
Best Individual: -100 100 -100 100 -100 100 -100 -100 -100 -100 100 -100 -100 -100 -100 -100 100 -100 100 100

Run #2
Generation 0:
Best Fitness: 101451
Average Fitness: 90180.9
Best Individual: 40.8539 -88.1365 61.8803 -61.3522 -58.3532 -63.0263 59.3483 -96.2852 -94.7289 -13.055 -97.0959 -42.5735 96.8473 11.1689 -66.2705 97.1338 -72.1067 -84.4774 -15.0895 89.2867

Generation 1488:
Best Fitness: 200000
Average Fitness: 199959
Best Individual: 100 -100 -100 100 100 -100 100 -100 -100 -100 100 100 100 100 -100 100 -100 -100 -100 100

Run #3
Generation 0:
Best Fitness: 102317
Average Fitness: 93091.3
Best Individual: 95.3424 18.7345 92.9789 89.5278 -87.0455 -85.5696 89.0747 29.6438 99.4698 97.6654 -79.5025 -93.2547 69.2495 -95.1836 -16.2192 -5.33743 30.6188 46.8851 20.5078 18.7029

Generation 1524:
Best Fitness: 200000
Average Fitness: 199943
Best Individual: 100 100 100 100 -100 -100 100 100 100 100 -100 -100 100 -100 -100 100 -100 -100 -100 100

Run #4
Generation 0:
Best Fitness: 106591
Average Fitness: 97627.1
Best Individual: 71.4911 92.2 51.9521 79.179 72.1405 93.3015 -71.2561 -77.3958 -24.0344 47.8507 98.7291 -84.3886 -11.2295 -5.11956 -7.2689 76.1973 -93.9718 78.4511 99.7227 -91.4135

Generation 1418:
Best Fitness: 200000
Average Fitness: 199860
Best Individual: 100 100 100 100 100 100 -100 -100 -100 100 100 100 -100 100 100 100 -100 100 100 -100

Run #5
Generation 0:
Best Fitness: 87360.5
Average Fitness: 85928.1
Best Individual: -63.6745 -81.7801 88.9812 90.8086 63.5714 -39.4169 11.1248 -43.3759 67.3019 58.5604 68.6335 23.2187 32.3693 -76.8285 1.73291 82.1589 -85.2588 82.427 58.2481 -92.1189

Generation 1748:
Best Fitness: 200000
Average Fitness: 199907
Best Individual: -100 -100 100 100 -100 -100 100 -100 100 -100 -100 -100 -100 -100 -100 100 -100 100 100 -100

Run #6
Generation 0:
Best Fitness: 89634.9
Average Fitness: 84569.7
Best Individual: -68.4495 63.1654 71.533 76.7905 3.19038 -5.84285 -66.6459 23.9164 -87.9492 93.2205 22.7524 34.549 -99.6637 -90.6646 -85.3324 -7.46532 -87.6363 -90.6623 -15.3593 -71.5933

Generation 1548:
Best Fitness: 200000
Average Fitness: 199957
Best Individual: -100 100 100 100 -100 100 -100 100 100 100 -100 100 -100 -100 -100 -100 -100 -100 -100 -100

Run #7
Generation 0:
Best Fitness: 98462.1
Average Fitness: 84820.6
Best Individual: 99.7503 53.2051 81.115 77.6712 -90.3112 -39.2432 85.9532 44.1681 83.3867 -36.8398 -58.1316 -72.0951 4.64826 99.2365 36.4088 66.3908 68.4703 47.5894 91.6605 -78.6697

Generation 1187:
Best Fitness: 200000
Average Fitness: 199994
Best Individual: 100 -100 100 -100 100 -100 100 -100 100 -100 100 -100 -100 100 -100 100 100 100 100 -100

Run #8
Generation 0:
Best Fitness: 87530.7
Average Fitness: 80862.6
Best Individual: -95.6555 95.3109 81.5452 -29.9908 23.7036 -0.597708 41.9615 88.4583 -18.6169 -6.04214 0.711805 4.06155 -81.4094 72.1153 93.9911 80.1489 78.7772 91.5605 -78.0081 58.6418

Generation 1203:
Best Fitness: 200000
Average Fitness: 199995
Best Individual: 100 100 100 -100 -100 -100 -100 100 -100 -100 100 100 -100 100 100 100 100 100 -100 100

Run #9
Generation 0:
Best Fitness: 103788
Average Fitness: 97594.2
Best Individual: 66.8938 -51.2372 26.8606 -23.5177 -7.88021 96.286 51.0174 -91.9034 -61.8055 66.2219 92.6936 -91.836 -91.2394 54.6621 78.6038 -70.3487 -27.2746 91.9373 -91.5038 98.9475

Generation 1765:
Best Fitness: 200000
Average Fitness: 199967
Best Individual: 100 -100 100 -100 -100 100 100 -100 -100 100 100 -100 -100 100 100 -100 100 100 -100 100

Run #10
Generation 0:
Best Fitness: 94669.9
Average Fitness: 83437.5
Best Individual: -85.3787 -45.3339 72.835 -77.4666 -37.333 -82.3999 -19.1413 -60.5813 5.14741 86.9362 -47.7893 -94.2476 18.4141 -50.7671 -70.7274 -74.5985 65.6534 -94.5485 89.8102 90.8244

Generation 1532:
Best Fitness: 200000
Average Fitness: 199956
Best Individual: -100 -100 100 -100 -100 -100 100 100 -100 100 -100 -100 100 100 -100 -100 100 -100 100 100



Cosine Similarity with Threshold
Run #1
Generation 0:
Best Fitness: 105666
Average Fitness: 99057.8
Best Individual: -29.6821 -13.7555 -88.6487 -94.6548 -66.8104 -99.7433 -90.0419 -74.3467 96.2981 65.2303 55.8649 -80.0279 -37.1379 -26.9513 89.8934 -49.6318 -9.08707 -75.6929 -98.6719 -92.0815

Generation 1645:
Best Fitness: 200000
Average Fitness: 199932
Best Individual: -100 -100 -100 -100 -100 -100 -100 -100 100 100 -100 -100 100 -100 100 100 100 -100 -100 -100

Run #2
Generation 0:
Best Fitness: 93218.7
Average Fitness: 81092.2
Best Individual: -81.2983 15.1873 88.8895 -49.1635 75.8132 19.5855 -52.6471 -87.6736 76.5057 75.7603 53.7909 57.384 -67.8286 -67.473 -90.8743 -62.3812 70.2654 78.9051 -64.0393 71.5841

Generation 1467:
Best Fitness: 200000
Average Fitness: 199839
Best Individual: -100 -100 100 -100 100 100 100 -100 100 100 100 100 -100 -100 -100 -100 100 100 -100 100

Run #3
Generation 0:
Best Fitness: 91313.2
Average Fitness: 83004.6
Best Individual: 2.17801 33.3786 -72.4235 -36.2892 77.5705 -99.3326 21.1306 -98.8191 -30.0408 -76.5648 77.2222 4.20709 78.0127 -96.5049 67.4215 -48.2423 25.5299 77.8167 93.3023 -84.2979

Generation 1487:
Best Fitness: 200000
Average Fitness: 200000
Best Individual: 100 -100 -100 -100 100 -100 100 -100 100 -100 100 100 100 100 100 -100 100 -100 100 -100

Run #4
Generation 0:
Best Fitness: 83997
Average Fitness: 77470.1
Best Individual: 96.0304 -54.0171 70.4518 57.5629 10.7108 86.684 -96.588 -68.5178 -42.1937 27.0141 49.9 2.46485 -52.0497 -84.778 67.9763 -49.6548 65.5312 -7.71154 -98.842 -76.2565

Generation 1707:
Best Fitness: 200000
Average Fitness: 199956
Best Individual: 100 -100 -100 -100 -100 100 -100 100 -100 -100 -100 100 -100 100 -100 100 -100 -100 -100 -100

Run #5
Generation 0:
Best Fitness: 91359.6
Average Fitness: 80889.3
Best Individual: 89.4319 -65.0127 -96.1591 72.5853 -91.6731 -93.2066 -41.3623 66.761 45.6027 -53.5271 40.7259 -35.7889 -99.7984 -43.5402 18.0354 65.5916 -96.9041 59.212 -64.0049 0.300228

Generation 1220:
Best Fitness: 200000
Average Fitness: 199997
Best Individual: 100 -100 -100 100 -100 -100 -100 100 -100 100 100 100 -100 100 -100 -100 -100 100 -100 -100

Run #6
Generation 0:
Best Fitness: 92408.4
Average Fitness: 85239.6
Best Individual: -25.8473 94.3938 -62.1096 75.4983 90.5361 -51.4648 86.6244 -45.1621 20.8179 89.2883 -71.69 90.6142 46.1735 -68.6999 -18.2197 -96.4323 -73.6178 69.8942 -65.6221 -5.80591

Generation 1334:
Best Fitness: 200000
Average Fitness: 199892
Best Individual: -100 100 -100 100 100 -100 100 -100 100 100 100 100 -100 100 100 -100 -100 100 100 100

Run #7
Generation 0:
Best Fitness: 86921
Average Fitness: 80920.9
Best Individual: -93.6808 -8.75278 -14.2156 -56.4074 -36.8446 92.7746 60.7355 -84.2963 -48.2801 79.4092 -62.4207 -71.421 73.3111 67.8229 -76.0566 63.0561 -60.1342 67.01 -53.6017 74.6746

Generation 932:
Best Fitness: 200000
Average Fitness: 199879
Best Individual: 100 100 -100 -100 100 100 100 100 100 100 -100 -100 100 100 -100 100 -100 100 -100 100

Run #8
Generation 0:
Best Fitness: 103164
Average Fitness: 101178
Best Individual: 80.8312 59.5148 -20.9653 79.6893 -91.4653 83.8263 81.1002 -47.2173 67.5579 85.3268 -75.921 87.7409 47.0565 -60.8157 -27.4652 -54.5525 -51.5221 86.1466 90.702 -94.055

Generation 1665:
Best Fitness: 200000
Average Fitness: 199999
Best Individual: 100 100 -100 100 -100 100 100 -100 100 100 -100 100 100 -100 -100 -100 -100 100 100 -100

Run #9
Generation 0:
Best Fitness: 93078.8
Average Fitness: 87639.7
Best Individual: -95.019 -21.7799 -66.3726 95.13 39.7817 58.0507 90.4708 85.9596 -6.17453 -76.7588 84.6432 -0.331166 -29.7011 -80.9201 78.7178 95.8096 56.4773 53.5803 -79.3766 -36.5001

Generation 1347:
Best Fitness: 200000
Average Fitness: 199980
Best Individual: -100 -100 -100 100 100 100 100 -100 100 100 -100 -100 -100 -100 100 100 100 100 -100 -100

Run #10
Generation 0:
Best Fitness: 100101
Average Fitness: 91332.6
Best Individual: -51.0337 -38.1394 86.4402 -96.8131 64.2803 71.0292 42.2546 87.0334 98.5364 -16.0243 -22.5875 96.8491 91.1813 -28.471 -94.062 63.4563 43.8184 44.1328 92.8973 79.4175

Generation 1626:
Best Fitness: 200000
Average Fitness: 199946
Best Individual: -100 -100 100 -100 100 100 100 100 100 -100 -100 100 100 -100 -100 100 100 -100 100 100



Cosine Annealing
Run #1
Generation 0:
Best Fitness: 90998
Average Fitness: 85872.2
Best Individual: 97.4367 62.3101 -16.744 94.0135 60.1264 -66.7008 92.4782 70.9724 73.7095 69.3513 48.3486 -34.7385 98.6216 3.58123 -67.9962 -40.7096 -14.928 -80.7278 -54.3115 -85.7481

Generation 1772:
Best Fitness: 200000
Average Fitness: 199975
Best Individual: 100 100 -100 100 100 -100 100 100 100 100 -100 100 100 -100 100 100 -100 -100 -100 100

Run #2
Generation 0:
Best Fitness: 81203.9
Average Fitness: 76952.4
Best Individual: 77.6749 -92.9881 -97.1906 -45.8946 -54.9826 -50.914 98.2664 -32.092 -63.6487 72.3404 -60.2976 91.9146 46.7181 46.8067 -0.893333 30.8448 -28.097 -62.658 4.00053 85.114

Generation 1711:
Best Fitness: 200000
Average Fitness: 199955
Best Individual: 100 -100 -100 -100 -100 -100 100 -100 -100 100 -100 -100 100 100 100 -100 -100 100 100 -100

Run #3
Generation 0:
Best Fitness: 99208.3
Average Fitness: 90854.7
Best Individual: -74.5411 61.2324 -63.8807 90.0303 -99.0535 -95.607 -64.5724 86.5902 13.1041 -49.1339 -53.5669 -11.0568 56.6104 -98.7144 46.8046 93.8648 57.3078 -55.7244 -97.2097 -41.5862

Generation 1063:
Best Fitness: 200000
Average Fitness: 199899
Best Individual: -100 -100 -100 100 -100 -100 100 100 -100 100 100 -100 100 -100 100 100 100 -100 -100 -100

Run #4
Generation 0:
Best Fitness: 87271.8
Average Fitness: 81838.9
Best Individual: 93.9817 -84.4439 -80.3721 2.05099 45.8234 41.8988 -7.40675 55.4379 40.153 -90.2905 -91.3598 22.1174 50.5498 -86.7342 22.1208 93.7346 -42.5019 42.7722 -91.5616 88.8123

Generation 1974:
Best Fitness: 200000
Average Fitness: 199973
Best Individual: 100 -100 -100 100 100 -100 -100 -100 -100 100 100 100 -100 -100 -100 100 100 -100 -100 100

Run #5
Generation 0:
Best Fitness: 99351
Average Fitness: 86084
Best Individual: 38.7554 78.2839 -50.8389 67.9476 59.67 -44.1446 -19.7159 95.5209 -17.7576 -87.6796 -51.396 -63.5532 -96.8103 -88.391 -26.1014 -60.7903 -99.7757 63.8089 -96.9064 -99.1657

Generation 1672:
Best Fitness: 200000
Average Fitness: 199932
Best Individual: 100 100 -100 100 100 -100 -100 100 -100 -100 -100 -100 -100 -100 -100 -100 -100 100 -100 -100

Run #6
Generation 0:
Best Fitness: 94710
Average Fitness: 90512.7
Best Individual: -56.5596 -95.3182 1.87025 3.26117 -78.5684 95.9102 -57.0493 92.2422 4.89442 -38.2037 -99.3995 -63.5872 26.2302 72.5191 -14.7988 50.3809 -90.4462 -63.9058 96.307 -98.1092

Generation 1624:
Best Fitness: 200000
Average Fitness: 199969
Best Individual: -100 -100 100 -100 -100 100 100 -100 -100 100 -100 -100 100 100 -100 100 -100 -100 100 -100

Run #7
Generation 0:
Best Fitness: 123768
Average Fitness: 107025
Best Individual: 94.3404 70.5963 -77.4897 -53.6452 -65.1414 -87.4194 -63.4987 -99.7213 -94.1754 96.8961 99.5627 -32.1967 75.5633 99.3244 83.3843 -77.1664 -72.3265 91.5436 -35.7333 50.6069

Generation 1202:
Best Fitness: 200000
Average Fitness: 199966
Best Individual: 100 100 -100 -100 -100 -100 -100 -100 -100 100 100 -100 100 100 -100 100 -100 100 100 -100

Run #8
Generation 0:
Best Fitness: 96643.1
Average Fitness: 92678.5
Best Individual: -74.139 4.48149 -62.8392 92.375 -7.04045 73.4184 59.2346 -78.7396 -69.7481 53.6082 12.7375 -89.5313 93.3074 -87.1601 97.0431 -91.5437 49.6589 46.2102 -66.2528 66.9904

Generation 1583:
Best Fitness: 200000
Average Fitness: 199916
Best Individual: 100 100 100 -100 100 100 100 -100 -100 100 100 -100 100 -100 100 -100 100 100 100 -100

Run #9
Generation 0:
Best Fitness: 92587.8
Average Fitness: 82268
Best Individual: -95.7283 -74.1655 72.9512 27.4401 -66.1131 66.4627 -26.994 -98.574 -51.3735 -43.6439 -97.1896 91.5262 80.9458 -7.28805 -62.8936 -39.8072 -48.3508 -68.5991 -88.2177 -57.2395

Generation 1700:
Best Fitness: 200000
Average Fitness: 199932
Best Individual: -100 -100 100 -100 100 100 -100 -100 -100 -100 -100 100 100 -100 -100 100 100 -100 -100 -100

Run #10
Generation 0:
Best Fitness: 101847
Average Fitness: 95005
Best Individual: 37.1526 -87.4136 -57.0366 5.56108 -85.2149 -85.6049 95.9864 58.7627 32.1229 -76.0821 76.1262 -83.2699 -95.8699 34.2622 25.4381 92.5117 11.9296 82.0932 -89.4102 -91.0458

Generation 1562:
Best Fitness: 200000
Average Fitness: 199882
Best Individual: 100 -100 100 -100 -100 100 100 100 100 -100 100 100 -100 100 100 100 -100 100 -100 -100



Average Fitness
Run #1
Generation 0:
Best Fitness: 90099.2
Average Fitness: 85045
Best Individual: -39.2124 -98.5292 28.8707 21.1092 -68.4977 67.1335 94.1448 -14.1686 38.1455 -15.488 82.5787 -90.1698 -96.8412 34.9089 14.6399 -84.6113 78.5115 -89.0892 59.4755 -84.0139

Generation 864:
Best Fitness: 200000
Average Fitness: 199969
Best Individual: -100 -100 -100 100 -100 100 100 -100 100 -100 100 -100 -100 100 100 -100 100 -100 100 -100

Run #2
Generation 0:
Best Fitness: 113764
Average Fitness: 98347.1
Best Individual: 99.7438 -92.9299 77.4648 92.2989 74.0917 -93.0404 -36.515 -69.671 85.601 12.9683 96.4759 77.8323 72.1749 28.1814 90.928 -94.9066 -80.7719 64.6174 27.6691 52.1605

Generation 1614:
Best Fitness: 200000
Average Fitness: 199980
Best Individual: 100 -100 100 100 -100 -100 100 100 100 100 100 100 100 100 100 -100 -100 100 100 100

Run #3
Generation 0:
Best Fitness: 88978.2
Average Fitness: 83469.9
Best Individual: -67.062 0.446638 -79.0282 23.9961 80.9867 36.8633 30.6594 -91.4816 -84.3924 -6.87172 -93.3206 -4.65575 90.6856 85.7967 93.198 39.0269 29.0599 87.9736 54.7891 -84.5784

Generation 1855:
Best Fitness: 200000
Average Fitness: 199956
Best Individual: -100 100 -100 100 100 -100 100 100 -100 -100 -100 -100 100 100 100 100 -100 -100 -100 100

Run #4
Generation 0:
Best Fitness: 100216
Average Fitness: 96533.2
Best Individual: 88.6109 42.7242 -79.0149 99.0921 80.3993 -73.2724 95.8758 11.866 -14.5337 74.7711 -17.8348 -92.7982 72.0491 82.9254 -48.383 -89.582 -4.41145 -58.9353 73.3089 -85.3133

Generation 1570:
Best Fitness: 200000
Average Fitness: 199990
Best Individual: 100 100 -100 100 100 -100 100 100 100 100 -100 -100 100 100 -100 100 -100 -100 100 -100

Run #5
Generation 0:
Best Fitness: 87888.3
Average Fitness: 81325.6
Best Individual: -41.0269 -86.7782 -74.9636 47.4702 -87.0188 39.8702 -52.9307 95.5372 38.5782 -45.1858 -19.355 55.3972 -55.994 98.2153 96.4469 91.0567 -49.7233 77.6406 22.5792 57.897

Generation 1410:
Best Fitness: 200000
Average Fitness: 199986
Best Individual: -100 -100 -100 -100 -100 100 -100 100 100 -100 100 100 -100 100 100 100 -100 100 100 100

Run #6
Generation 0:
Best Fitness: 105548
Average Fitness: 93187.2
Best Individual: -4.79875 -86.8167 -87.2798 -57.6969 99.7886 -35.6092 -93.9919 -38.143 -94.9495 -71.2408 73.4497 -41.4088 77.1179 -62.6417 -99.0298 -42.0555 90.6932 63.6492 -99.5871 26.1741

Generation 1302:
Best Fitness: 200000
Average Fitness: 199916
Best Individual: -100 -100 -100 -100 100 -100 -100 -100 -100 -100 100 -100 100 -100 -100 -100 100 100 -100 -100

Run #7
Generation 0:
Best Fitness: 85379.6
Average Fitness: 80493.4
Best Individual: -94.4858 -77.0982 99.2916 -80.4226 -30.4051 -85.8105 -20.2376 68.4802 69.0189 -11.153 10.9429 83.8345 3.17399 -96.2918 -92.506 -35.324 -78.2189 58.3952 10.6771 5.36059

Generation 1956:
Best Fitness: 200000
Average Fitness: 199881
Best Individual: -100 -100 100 -100 100 100 -100 100 100 100 100 100 100 -100 -100 -100 -100 100 100 100

Run #8
Generation 0:
Best Fitness: 97435.6
Average Fitness: 88091.6
Best Individual: 40.7779 -49.2531 -42.1826 78.3875 -76.238 92.5469 10.1071 -14.1048 -46.1692 -87.4152 99.6066 -91.2181 93.1372 28.9792 48.2102 22.8927 -77.0004 81.8713 -89.7881 98.3511

Generation 1325:
Best Fitness: 200000
Average Fitness: 199984
Best Individual: 100 100 100 100 -100 100 -100 -100 100 -100 100 -100 100 -100 -100 100 -100 100 100 100

Run #9
Generation 0:
Best Fitness: 100506
Average Fitness: 93700.2
Best Individual: 59.446 59.3545 -86.4984 80.1188 -82.0217 -75.9838 -85.8372 -97.8127 88.7436 72.5149 -38.4594 22.3587 -92.5216 87.2746 -87.2944 -39.5165 12.2364 -17.5396 46.5574 -83.7531

Generation 1481:
Best Fitness: 200000
Average Fitness: 199936
Best Individual: 100 100 -100 100 -100 -100 -100 -100 100 100 100 -100 -100 100 -100 -100 100 -100 100 -100

Run #10
Generation 0:
Best Fitness: 83345.6
Average Fitness: 78210.1
Best Individual: 50.8418 -64.4417 -97.8776 87.9422 -11.4609 82.7807 24.542 33.8315 83.2615 -77.0454 17.0247 -34.9853 -76.0345 75.1203 8.72886 17.6107 -59.6724 71.8354 -99.9056 75.2867

Generation 2062:
Best Fitness: 200000
Average Fitness: 199946
Best Individual: -100 -100 -100 100 100 -100 100 100 100 -100 -100 -100 100 100 -100 -100 100 100 -100 100



Mating Distance
Run #1
Generation 0:
Best Fitness: 88265
Average Fitness: 80774.5
Best Individual: -72.9744 99.2643 31.9454 -74.8182 -52.3233 16.5695 75.328 -92.204 -65.0242 4.74802 -62.9408 52.2621 -31.8539 -99.0911 -92.1198 -44.0378 -34.1716 -95.4203 67.0264 -48.0827

Generation 2283:
Best Fitness: 200000
Average Fitness: 199952
Best Individual: -100 100 100 -100 -100 100 100 -100 -100 100 -100 100 -100 -100 -100 -100 -100 -100 100 -100

Run #2
Generation 0:
Best Fitness: 92654.1
Average Fitness: 92654.1
Best Individual: 11.2291 -35.8739 81.7 -55.04 78.6315 95.0145 -88.4286 80.7427 83.2417 43.685 -74.7961 69.458 79.797 91.3616 14.5627 -48.2255 96.0338 26.8998 23.4288 -70.5931

Generation 1830:
Best Fitness: 200000
Average Fitness: 199964
Best Individual: 100 -100 100 -100 100 100 -100 100 100 100 -100 100 100 100 100 -100 100 100 100 -100

Run #3
Generation 0:
Best Fitness: 82878.5
Average Fitness: 78570.1
Best Individual: -91.5009 -92.0808 49.3529 25.6063 69.0965 63.9278 92.3484 -81.8449 99.9784 -2.76557 26.3736 86.9098 -51.4179 -73.3671 44.637 58.5115 -46.3638 68.8161 -3.77661 15.9252

Generation 2122:
Best Fitness: 200000
Average Fitness: 199934
Best Individual: -100 -100 -100 -100 100 100 100 -100 100 -100 100 100 -100 -100 100 100 -100 100 100 -100

Run #4
Generation 0:
Best Fitness: 75465.5
Average Fitness: 75465.5
Best Individual: 51.0361 -48.5997 43.4764 -69.4335 -67.5776 51.5966 -63.409 1.71525 -77.4777 57.0864 -78.4921 66.5806 53.0099 97.7291 -22.6404 -37.1592 79.1858 66.6794 28.5995 -83.0095

Generation 2239:
Best Fitness: 200000
Average Fitness: 199868
Best Individual: 100 -100 100 -100 -100 100 -100 -100 -100 100 -100 100 100 100 -100 -100 100 100 100 -100

Run #5
Generation 0:
Best Fitness: 94645.8
Average Fitness: 88775
Best Individual: -58.3562 84.1458 38.1882 76.1425 80.4482 -73.0922 54.119 96.9643 -94.323 -87.0947 -82.9366 6.59154 -30.7443 0.576691 -50.7967 -94.7533 68.6635 -66.8422 -87.0203 9.75461

Generation 1968:
Best Fitness: 200000
Average Fitness: 199918
Best Individual: -100 100 -100 -100 -100 100 -100 -100 -100 -100 -100 -100 100 -100 100 -100 -100 100 -100 -100

Run #6
Generation 0:
Best Fitness: 93680.4
Average Fitness: 91592.2
Best Individual: 96.3631 -76.8388 -88.5449 64.4131 83.5212 -14.6769 38.077 39.4891 84.474 -17.133 62.3566 81.0943 71.4866 52.9055 11.3465 35.0056 -76.063 73.3851 93.3718 96.1973

Generation 2031:
Best Fitness: 200000
Average Fitness: 199935
Best Individual: 100 -100 -100 100 100 -100 100 100 100 -100 100 100 100 100 100 100 -100 100 100 100

Run #7
Generation 0:
Best Fitness: 110939
Average Fitness: 101129
Best Individual: -64.7571 61.2016 86.2166 -64.9017 70.832 -86.0393 -85.7868 89.0804 72.4197 76.039 -26.106 -16.9831 99.2596 92.3339 -89.8001 -13.1903 87.5744 -96.1572 -80.6299 -40.1262

Generation 1749:
Best Fitness: 200000
Average Fitness: 199943
Best Individual: -100 100 100 -100 100 -100 -100 100 100 100 -100 -100 100 100 -100 -100 100 -100 -100 -100

Run #8
Generation 0:
Best Fitness: 110093
Average Fitness: 105907
Best Individual: 50.7975 93.95 95.6879 -98.5653 -84.3546 -37.6624 -18.002 60.3299 -95.9639 84.5295 -87.882 -54.8229 -83.8063 -72.3292 -45.9358 41.8911 89.1705 -50.8781 93.1264 -70.0095

Generation 1726:
Best Fitness: 200000
Average Fitness: 199884
Best Individual: -100 100 100 -100 -100 -100 -100 100 -100 100 -100 -100 -100 -100 -100 100 100 -100 100 -100

Run #9
Generation 0:
Best Fitness: 80792.1
Average Fitness: 80478.4
Best Individual: 38.8754 -76.8227 25.2708 -76.6496 -95.2573 -59.5091 24.0508 47.6459 -42.5588 -53.0002 32.9701 5.35075 -74.8653 -61.0772 -77.3964 -68.7143 -78.1479 89.6963 -62.8377 86.7021

Generation 2484:
Best Fitness: 200000
Average Fitness: 199985
Best Individual: 100 -100 100 -100 -100 -100 100 100 -100 -100 100 100 -100 -100 -100 -100 -100 100 -100 100

Run #10
Generation 0:
Best Fitness: 79247.7
Average Fitness: 76737.7
Best Individual: -73.4819 85.8226 -86.8312 43.0381 55.2049 59.8116 -28.9141 -63.1642 93.499 -77.2771 -90.8415 93.0188 -28.2264 -6.02942 -22.5488 -28.355 -51.1655 83.665 -46.7511 -8.51123

Generation 2036:
Best Fitness: 200000
Average Fitness: 199963
Best Individual: -100 100 -100 100 100 100 -100 -100 100 -100 -100 100 100 -100 100 -100 100 100 -100 -100



